[0.199s] Invoking command in '/home/laura/Documents/pubsub_ws/build/tutorial_interfaces': CMAKE_PREFIX_PATH=${CMAKE_PREFIX_PATH}:/home/laura/Documents/pubsub_ws/install/pubsebmsg:/home/laura/Documents/pubsub_ws/install/pubseb:/home/laura/Documents/prueba/robot2_ws/install/visual_pubsub:/opt/ros/humble /usr/bin/cmake --build /home/laura/Documents/pubsub_ws/build/tutorial_interfaces -- -j8 -l8
[0.236s] [35m[1mConsolidate compiler generated dependencies of target tutorial_interfaces__rosidl_generator_c[0m
[0.245s] [  3%] Built target tutorial_interfaces__cpp
[0.246s] [ 12%] Built target tutorial_interfaces__rosidl_generator_c
[0.256s] [ 12%] Built target ament_cmake_python_copy_tutorial_interfaces
[0.263s] [35m[1mConsolidate compiler generated dependencies of target tutorial_interfaces__rosidl_typesupport_c[0m
[0.263s] [35m[1mConsolidate compiler generated dependencies of target tutorial_interfaces__rosidl_typesupport_introspection_cpp[0m
[0.263s] [35m[1mConsolidate compiler generated dependencies of target tutorial_interfaces__rosidl_typesupport_cpp[0m
[0.263s] [35m[1mConsolidate compiler generated dependencies of target tutorial_interfaces__rosidl_typesupport_fastrtps_c[0m
[0.264s] [35m[1mConsolidate compiler generated dependencies of target tutorial_interfaces__rosidl_typesupport_introspection_c[0m
[0.264s] [35m[1mConsolidate compiler generated dependencies of target tutorial_interfaces__rosidl_typesupport_fastrtps_cpp[0m
[0.280s] [ 51%] Built target tutorial_interfaces__rosidl_typesupport_cpp
[0.280s] [ 51%] Built target tutorial_interfaces__rosidl_typesupport_introspection_c
[0.280s] [ 51%] Built target tutorial_interfaces__rosidl_typesupport_fastrtps_cpp
[0.280s] [ 51%] Built target tutorial_interfaces__rosidl_typesupport_introspection_cpp
[0.281s] [ 61%] Built target tutorial_interfaces__rosidl_typesupport_c
[0.282s] [ 70%] Built target tutorial_interfaces__rosidl_typesupport_fastrtps_c
[0.300s] [ 70%] Built target tutorial_interfaces
[0.324s] [ 74%] Built target tutorial_interfaces__py
[0.336s] [35m[1mConsolidate compiler generated dependencies of target tutorial_interfaces__rosidl_generator_py[0m
[0.349s] [ 80%] Built target tutorial_interfaces__rosidl_generator_py
[0.368s] [35m[1mConsolidate compiler generated dependencies of target tutorial_interfaces__rosidl_typesupport_introspection_c__pyext[0m
[0.368s] [35m[1mConsolidate compiler generated dependencies of target tutorial_interfaces__rosidl_typesupport_c__pyext[0m
[0.368s] [35m[1mConsolidate compiler generated dependencies of target tutorial_interfaces__rosidl_typesupport_fastrtps_c__pyext[0m
[0.385s] [ 93%] Built target tutorial_interfaces__rosidl_typesupport_fastrtps_c__pyext
[0.385s] [ 93%] Built target tutorial_interfaces__rosidl_typesupport_introspection_c__pyext
[0.385s] [100%] Built target tutorial_interfaces__rosidl_typesupport_c__pyext
[0.548s] running egg_info
[0.549s] writing tutorial_interfaces.egg-info/PKG-INFO
[0.549s] writing dependency_links to tutorial_interfaces.egg-info/dependency_links.txt
[0.549s] writing top-level names to tutorial_interfaces.egg-info/top_level.txt
[0.551s] reading manifest file 'tutorial_interfaces.egg-info/SOURCES.txt'
[0.552s] writing manifest file 'tutorial_interfaces.egg-info/SOURCES.txt'
[0.584s] [100%] Built target ament_cmake_python_build_tutorial_interfaces_egg
[0.593s] Invoked command in '/home/laura/Documents/pubsub_ws/build/tutorial_interfaces' returned '0': CMAKE_PREFIX_PATH=${CMAKE_PREFIX_PATH}:/home/laura/Documents/pubsub_ws/install/pubsebmsg:/home/laura/Documents/pubsub_ws/install/pubseb:/home/laura/Documents/prueba/robot2_ws/install/visual_pubsub:/opt/ros/humble /usr/bin/cmake --build /home/laura/Documents/pubsub_ws/build/tutorial_interfaces -- -j8 -l8
[0.606s] Invoking command in '/home/laura/Documents/pubsub_ws/build/tutorial_interfaces': CMAKE_PREFIX_PATH=${CMAKE_PREFIX_PATH}:/home/laura/Documents/pubsub_ws/install/pubsebmsg:/home/laura/Documents/pubsub_ws/install/pubseb:/home/laura/Documents/prueba/robot2_ws/install/visual_pubsub:/opt/ros/humble /usr/bin/cmake --install /home/laura/Documents/pubsub_ws/build/tutorial_interfaces
[0.613s] -- Install configuration: ""
[0.613s] -- Up-to-date: /home/laura/Documents/pubsub_ws/install/tutorial_interfaces/share/ament_index/resource_index/rosidl_interfaces/tutorial_interfaces
[0.613s] -- Up-to-date: /home/laura/Documents/pubsub_ws/install/tutorial_interfaces/include/tutorial_interfaces/tutorial_interfaces
[0.613s] -- Up-to-date: /home/laura/Documents/pubsub_ws/install/tutorial_interfaces/include/tutorial_interfaces/tutorial_interfaces/msg
[0.613s] -- Up-to-date: /home/laura/Documents/pubsub_ws/install/tutorial_interfaces/include/tutorial_interfaces/tutorial_interfaces/msg/filtered_sensor.h
[0.614s] -- Up-to-date: /home/laura/Documents/pubsub_ws/install/tutorial_interfaces/include/tutorial_interfaces/tutorial_interfaces/msg/detail
[0.614s] -- Up-to-date: /home/laura/Documents/pubsub_ws/install/tutorial_interfaces/include/tutorial_interfaces/tutorial_interfaces/msg/detail/filtered_sensor__struct.h
[0.614s] -- Up-to-date: /home/laura/Documents/pubsub_ws/install/tutorial_interfaces/include/tutorial_interfaces/tutorial_interfaces/msg/detail/filtered_sensor__type_support.h
[0.614s] -- Up-to-date: /home/laura/Documents/pubsub_ws/install/tutorial_interfaces/include/tutorial_interfaces/tutorial_interfaces/msg/detail/filtered_sensor__functions.h
[0.614s] -- Up-to-date: /home/laura/Documents/pubsub_ws/install/tutorial_interfaces/include/tutorial_interfaces/tutorial_interfaces/msg/detail/filtered_sensor__functions.c
[0.614s] -- Up-to-date: /home/laura/Documents/pubsub_ws/install/tutorial_interfaces/include/tutorial_interfaces/tutorial_interfaces/msg/rosidl_generator_c__visibility_control.h
[0.614s] -- Up-to-date: /home/laura/Documents/pubsub_ws/install/tutorial_interfaces/share/tutorial_interfaces/environment/library_path.sh
[0.615s] -- Up-to-date: /home/laura/Documents/pubsub_ws/install/tutorial_interfaces/share/tutorial_interfaces/environment/library_path.dsv
[0.615s] -- Up-to-date: /home/laura/Documents/pubsub_ws/install/tutorial_interfaces/lib/libtutorial_interfaces__rosidl_generator_c.so
[0.615s] -- Up-to-date: /home/laura/Documents/pubsub_ws/install/tutorial_interfaces/include/tutorial_interfaces/tutorial_interfaces
[0.615s] -- Up-to-date: /home/laura/Documents/pubsub_ws/install/tutorial_interfaces/include/tutorial_interfaces/tutorial_interfaces/msg
[0.615s] -- Up-to-date: /home/laura/Documents/pubsub_ws/install/tutorial_interfaces/include/tutorial_interfaces/tutorial_interfaces/msg/rosidl_typesupport_fastrtps_c__visibility_control.h
[0.615s] -- Up-to-date: /home/laura/Documents/pubsub_ws/install/tutorial_interfaces/include/tutorial_interfaces/tutorial_interfaces/msg/detail
[0.615s] -- Up-to-date: /home/laura/Documents/pubsub_ws/install/tutorial_interfaces/include/tutorial_interfaces/tutorial_interfaces/msg/detail/filtered_sensor__rosidl_typesupport_fastrtps_c.h
[0.616s] -- Up-to-date: /home/laura/Documents/pubsub_ws/install/tutorial_interfaces/lib/libtutorial_interfaces__rosidl_typesupport_fastrtps_c.so
[0.616s] -- Up-to-date: /home/laura/Documents/pubsub_ws/install/tutorial_interfaces/include/tutorial_interfaces/tutorial_interfaces
[0.616s] -- Up-to-date: /home/laura/Documents/pubsub_ws/install/tutorial_interfaces/include/tutorial_interfaces/tutorial_interfaces/msg
[0.616s] -- Up-to-date: /home/laura/Documents/pubsub_ws/install/tutorial_interfaces/include/tutorial_interfaces/tutorial_interfaces/msg/filtered_sensor.hpp
[0.616s] -- Up-to-date: /home/laura/Documents/pubsub_ws/install/tutorial_interfaces/include/tutorial_interfaces/tutorial_interfaces/msg/rosidl_generator_cpp__visibility_control.hpp
[0.616s] -- Up-to-date: /home/laura/Documents/pubsub_ws/install/tutorial_interfaces/include/tutorial_interfaces/tutorial_interfaces/msg/detail
[0.616s] -- Up-to-date: /home/laura/Documents/pubsub_ws/install/tutorial_interfaces/include/tutorial_interfaces/tutorial_interfaces/msg/detail/filtered_sensor__type_support.hpp
[0.616s] -- Up-to-date: /home/laura/Documents/pubsub_ws/install/tutorial_interfaces/include/tutorial_interfaces/tutorial_interfaces/msg/detail/filtered_sensor__struct.hpp
[0.617s] -- Up-to-date: /home/laura/Documents/pubsub_ws/install/tutorial_interfaces/include/tutorial_interfaces/tutorial_interfaces/msg/detail/filtered_sensor__traits.hpp
[0.617s] -- Up-to-date: /home/laura/Documents/pubsub_ws/install/tutorial_interfaces/include/tutorial_interfaces/tutorial_interfaces/msg/detail/filtered_sensor__builder.hpp
[0.617s] -- Up-to-date: /home/laura/Documents/pubsub_ws/install/tutorial_interfaces/include/tutorial_interfaces/tutorial_interfaces
[0.617s] -- Up-to-date: /home/laura/Documents/pubsub_ws/install/tutorial_interfaces/include/tutorial_interfaces/tutorial_interfaces/msg
[0.617s] -- Up-to-date: /home/laura/Documents/pubsub_ws/install/tutorial_interfaces/include/tutorial_interfaces/tutorial_interfaces/msg/detail
[0.617s] -- Up-to-date: /home/laura/Documents/pubsub_ws/install/tutorial_interfaces/include/tutorial_interfaces/tutorial_interfaces/msg/detail/filtered_sensor__rosidl_typesupport_fastrtps_cpp.hpp
[0.617s] -- Up-to-date: /home/laura/Documents/pubsub_ws/install/tutorial_interfaces/include/tutorial_interfaces/tutorial_interfaces/msg/detail/dds_fastrtps
[0.617s] -- Up-to-date: /home/laura/Documents/pubsub_ws/install/tutorial_interfaces/include/tutorial_interfaces/tutorial_interfaces/msg/rosidl_typesupport_fastrtps_cpp__visibility_control.h
[0.618s] -- Up-to-date: /home/laura/Documents/pubsub_ws/install/tutorial_interfaces/lib/libtutorial_interfaces__rosidl_typesupport_fastrtps_cpp.so
[0.618s] -- Up-to-date: /home/laura/Documents/pubsub_ws/install/tutorial_interfaces/include/tutorial_interfaces/tutorial_interfaces
[0.618s] -- Up-to-date: /home/laura/Documents/pubsub_ws/install/tutorial_interfaces/include/tutorial_interfaces/tutorial_interfaces/msg
[0.618s] -- Up-to-date: /home/laura/Documents/pubsub_ws/install/tutorial_interfaces/include/tutorial_interfaces/tutorial_interfaces/msg/detail
[0.618s] -- Up-to-date: /home/laura/Documents/pubsub_ws/install/tutorial_interfaces/include/tutorial_interfaces/tutorial_interfaces/msg/detail/filtered_sensor__rosidl_typesupport_introspection_c.h
[0.618s] -- Up-to-date: /home/laura/Documents/pubsub_ws/install/tutorial_interfaces/include/tutorial_interfaces/tutorial_interfaces/msg/detail/filtered_sensor__type_support.c
[0.618s] -- Up-to-date: /home/laura/Documents/pubsub_ws/install/tutorial_interfaces/include/tutorial_interfaces/tutorial_interfaces/msg/rosidl_typesupport_introspection_c__visibility_control.h
[0.618s] -- Up-to-date: /home/laura/Documents/pubsub_ws/install/tutorial_interfaces/lib/libtutorial_interfaces__rosidl_typesupport_introspection_c.so
[0.618s] -- Up-to-date: /home/laura/Documents/pubsub_ws/install/tutorial_interfaces/lib/libtutorial_interfaces__rosidl_typesupport_c.so
[0.619s] -- Up-to-date: /home/laura/Documents/pubsub_ws/install/tutorial_interfaces/include/tutorial_interfaces/tutorial_interfaces
[0.619s] -- Up-to-date: /home/laura/Documents/pubsub_ws/install/tutorial_interfaces/include/tutorial_interfaces/tutorial_interfaces/msg
[0.619s] -- Up-to-date: /home/laura/Documents/pubsub_ws/install/tutorial_interfaces/include/tutorial_interfaces/tutorial_interfaces/msg/detail
[0.619s] -- Up-to-date: /home/laura/Documents/pubsub_ws/install/tutorial_interfaces/include/tutorial_interfaces/tutorial_interfaces/msg/detail/filtered_sensor__type_support.cpp
[0.619s] -- Up-to-date: /home/laura/Documents/pubsub_ws/install/tutorial_interfaces/include/tutorial_interfaces/tutorial_interfaces/msg/detail/filtered_sensor__rosidl_typesupport_introspection_cpp.hpp
[0.619s] -- Up-to-date: /home/laura/Documents/pubsub_ws/install/tutorial_interfaces/lib/libtutorial_interfaces__rosidl_typesupport_introspection_cpp.so
[0.619s] -- Up-to-date: /home/laura/Documents/pubsub_ws/install/tutorial_interfaces/lib/libtutorial_interfaces__rosidl_typesupport_cpp.so
[0.619s] -- Up-to-date: /home/laura/Documents/pubsub_ws/install/tutorial_interfaces/share/tutorial_interfaces/environment/pythonpath.sh
[0.619s] -- Up-to-date: /home/laura/Documents/pubsub_ws/install/tutorial_interfaces/share/tutorial_interfaces/environment/pythonpath.dsv
[0.619s] -- Up-to-date: /home/laura/Documents/pubsub_ws/install/tutorial_interfaces/local/lib/python3.10/dist-packages/tutorial_interfaces-0.0.0-py3.10.egg-info
[0.620s] -- Installing: /home/laura/Documents/pubsub_ws/install/tutorial_interfaces/local/lib/python3.10/dist-packages/tutorial_interfaces-0.0.0-py3.10.egg-info/SOURCES.txt
[0.620s] -- Installing: /home/laura/Documents/pubsub_ws/install/tutorial_interfaces/local/lib/python3.10/dist-packages/tutorial_interfaces-0.0.0-py3.10.egg-info/dependency_links.txt
[0.620s] -- Installing: /home/laura/Documents/pubsub_ws/install/tutorial_interfaces/local/lib/python3.10/dist-packages/tutorial_interfaces-0.0.0-py3.10.egg-info/top_level.txt
[0.620s] -- Installing: /home/laura/Documents/pubsub_ws/install/tutorial_interfaces/local/lib/python3.10/dist-packages/tutorial_interfaces-0.0.0-py3.10.egg-info/PKG-INFO
[0.620s] -- Up-to-date: /home/laura/Documents/pubsub_ws/install/tutorial_interfaces/local/lib/python3.10/dist-packages/tutorial_interfaces
[0.620s] -- Up-to-date: /home/laura/Documents/pubsub_ws/install/tutorial_interfaces/local/lib/python3.10/dist-packages/tutorial_interfaces/libtutorial_interfaces__rosidl_generator_py.so
[0.620s] -- Up-to-date: /home/laura/Documents/pubsub_ws/install/tutorial_interfaces/local/lib/python3.10/dist-packages/tutorial_interfaces/_tutorial_interfaces_s.ep.rosidl_typesupport_fastrtps_c.c
[0.620s] -- Up-to-date: /home/laura/Documents/pubsub_ws/install/tutorial_interfaces/local/lib/python3.10/dist-packages/tutorial_interfaces/_tutorial_interfaces_s.ep.rosidl_typesupport_introspection_c.c
[0.620s] -- Up-to-date: /home/laura/Documents/pubsub_ws/install/tutorial_interfaces/local/lib/python3.10/dist-packages/tutorial_interfaces/tutorial_interfaces_s__rosidl_typesupport_fastrtps_c.cpython-310-x86_64-linux-gnu.so
[0.620s] -- Up-to-date: /home/laura/Documents/pubsub_ws/install/tutorial_interfaces/local/lib/python3.10/dist-packages/tutorial_interfaces/_tutorial_interfaces_s.ep.rosidl_typesupport_c.c
[0.621s] -- Up-to-date: /home/laura/Documents/pubsub_ws/install/tutorial_interfaces/local/lib/python3.10/dist-packages/tutorial_interfaces/__init__.py
[0.621s] -- Up-to-date: /home/laura/Documents/pubsub_ws/install/tutorial_interfaces/local/lib/python3.10/dist-packages/tutorial_interfaces/tutorial_interfaces_s__rosidl_typesupport_c.cpython-310-x86_64-linux-gnu.so
[0.621s] -- Up-to-date: /home/laura/Documents/pubsub_ws/install/tutorial_interfaces/local/lib/python3.10/dist-packages/tutorial_interfaces/tutorial_interfaces_s__rosidl_typesupport_introspection_c.cpython-310-x86_64-linux-gnu.so
[0.621s] -- Up-to-date: /home/laura/Documents/pubsub_ws/install/tutorial_interfaces/local/lib/python3.10/dist-packages/tutorial_interfaces/msg
[0.621s] -- Up-to-date: /home/laura/Documents/pubsub_ws/install/tutorial_interfaces/local/lib/python3.10/dist-packages/tutorial_interfaces/msg/_filtered_sensor_s.c
[0.621s] -- Up-to-date: /home/laura/Documents/pubsub_ws/install/tutorial_interfaces/local/lib/python3.10/dist-packages/tutorial_interfaces/msg/__init__.py
[0.621s] -- Up-to-date: /home/laura/Documents/pubsub_ws/install/tutorial_interfaces/local/lib/python3.10/dist-packages/tutorial_interfaces/msg/_filtered_sensor.py
[0.652s] Listing '/home/laura/Documents/pubsub_ws/install/tutorial_interfaces/local/lib/python3.10/dist-packages/tutorial_interfaces'...
[0.652s] Listing '/home/laura/Documents/pubsub_ws/install/tutorial_interfaces/local/lib/python3.10/dist-packages/tutorial_interfaces/msg'...
[0.656s] -- Up-to-date: /home/laura/Documents/pubsub_ws/install/tutorial_interfaces/local/lib/python3.10/dist-packages/tutorial_interfaces/tutorial_interfaces_s__rosidl_typesupport_fastrtps_c.cpython-310-x86_64-linux-gnu.so
[0.657s] -- Up-to-date: /home/laura/Documents/pubsub_ws/install/tutorial_interfaces/local/lib/python3.10/dist-packages/tutorial_interfaces/tutorial_interfaces_s__rosidl_typesupport_introspection_c.cpython-310-x86_64-linux-gnu.so
[0.657s] -- Up-to-date: /home/laura/Documents/pubsub_ws/install/tutorial_interfaces/local/lib/python3.10/dist-packages/tutorial_interfaces/tutorial_interfaces_s__rosidl_typesupport_c.cpython-310-x86_64-linux-gnu.so
[0.657s] -- Up-to-date: /home/laura/Documents/pubsub_ws/install/tutorial_interfaces/lib/libtutorial_interfaces__rosidl_generator_py.so
[0.658s] -- Up-to-date: /home/laura/Documents/pubsub_ws/install/tutorial_interfaces/share/tutorial_interfaces/msg/FilteredSensor.idl
[0.658s] -- Up-to-date: /home/laura/Documents/pubsub_ws/install/tutorial_interfaces/share/tutorial_interfaces/msg/FilteredSensor.msg
[0.658s] -- Up-to-date: /home/laura/Documents/pubsub_ws/install/tutorial_interfaces/share/ament_index/resource_index/package_run_dependencies/tutorial_interfaces
[0.658s] -- Up-to-date: /home/laura/Documents/pubsub_ws/install/tutorial_interfaces/share/ament_index/resource_index/parent_prefix_path/tutorial_interfaces
[0.658s] -- Up-to-date: /home/laura/Documents/pubsub_ws/install/tutorial_interfaces/share/tutorial_interfaces/environment/ament_prefix_path.sh
[0.658s] -- Up-to-date: /home/laura/Documents/pubsub_ws/install/tutorial_interfaces/share/tutorial_interfaces/environment/ament_prefix_path.dsv
[0.658s] -- Up-to-date: /home/laura/Documents/pubsub_ws/install/tutorial_interfaces/share/tutorial_interfaces/environment/path.sh
[0.658s] -- Up-to-date: /home/laura/Documents/pubsub_ws/install/tutorial_interfaces/share/tutorial_interfaces/environment/path.dsv
[0.659s] -- Up-to-date: /home/laura/Documents/pubsub_ws/install/tutorial_interfaces/share/tutorial_interfaces/local_setup.bash
[0.659s] -- Up-to-date: /home/laura/Documents/pubsub_ws/install/tutorial_interfaces/share/tutorial_interfaces/local_setup.sh
[0.659s] -- Up-to-date: /home/laura/Documents/pubsub_ws/install/tutorial_interfaces/share/tutorial_interfaces/local_setup.zsh
[0.659s] -- Up-to-date: /home/laura/Documents/pubsub_ws/install/tutorial_interfaces/share/tutorial_interfaces/local_setup.dsv
[0.659s] -- Installing: /home/laura/Documents/pubsub_ws/install/tutorial_interfaces/share/tutorial_interfaces/package.dsv
[0.659s] -- Up-to-date: /home/laura/Documents/pubsub_ws/install/tutorial_interfaces/share/ament_index/resource_index/packages/tutorial_interfaces
[0.659s] -- Up-to-date: /home/laura/Documents/pubsub_ws/install/tutorial_interfaces/share/tutorial_interfaces/cmake/export_tutorial_interfaces__rosidl_generator_cExport.cmake
[0.659s] -- Up-to-date: /home/laura/Documents/pubsub_ws/install/tutorial_interfaces/share/tutorial_interfaces/cmake/export_tutorial_interfaces__rosidl_generator_cExport-noconfig.cmake
[0.660s] -- Up-to-date: /home/laura/Documents/pubsub_ws/install/tutorial_interfaces/share/tutorial_interfaces/cmake/export_tutorial_interfaces__rosidl_typesupport_fastrtps_cExport.cmake
[0.660s] -- Up-to-date: /home/laura/Documents/pubsub_ws/install/tutorial_interfaces/share/tutorial_interfaces/cmake/export_tutorial_interfaces__rosidl_typesupport_fastrtps_cExport-noconfig.cmake
[0.660s] -- Up-to-date: /home/laura/Documents/pubsub_ws/install/tutorial_interfaces/share/tutorial_interfaces/cmake/export_tutorial_interfaces__rosidl_generator_cppExport.cmake
[0.660s] -- Up-to-date: /home/laura/Documents/pubsub_ws/install/tutorial_interfaces/share/tutorial_interfaces/cmake/export_tutorial_interfaces__rosidl_typesupport_fastrtps_cppExport.cmake
[0.660s] -- Up-to-date: /home/laura/Documents/pubsub_ws/install/tutorial_interfaces/share/tutorial_interfaces/cmake/export_tutorial_interfaces__rosidl_typesupport_fastrtps_cppExport-noconfig.cmake
[0.660s] -- Up-to-date: /home/laura/Documents/pubsub_ws/install/tutorial_interfaces/share/tutorial_interfaces/cmake/tutorial_interfaces__rosidl_typesupport_introspection_cExport.cmake
[0.661s] -- Up-to-date: /home/laura/Documents/pubsub_ws/install/tutorial_interfaces/share/tutorial_interfaces/cmake/tutorial_interfaces__rosidl_typesupport_introspection_cExport-noconfig.cmake
[0.661s] -- Up-to-date: /home/laura/Documents/pubsub_ws/install/tutorial_interfaces/share/tutorial_interfaces/cmake/tutorial_interfaces__rosidl_typesupport_cExport.cmake
[0.661s] -- Up-to-date: /home/laura/Documents/pubsub_ws/install/tutorial_interfaces/share/tutorial_interfaces/cmake/tutorial_interfaces__rosidl_typesupport_cExport-noconfig.cmake
[0.661s] -- Up-to-date: /home/laura/Documents/pubsub_ws/install/tutorial_interfaces/share/tutorial_interfaces/cmake/tutorial_interfaces__rosidl_typesupport_introspection_cppExport.cmake
[0.661s] -- Up-to-date: /home/laura/Documents/pubsub_ws/install/tutorial_interfaces/share/tutorial_interfaces/cmake/tutorial_interfaces__rosidl_typesupport_introspection_cppExport-noconfig.cmake
[0.661s] -- Up-to-date: /home/laura/Documents/pubsub_ws/install/tutorial_interfaces/share/tutorial_interfaces/cmake/tutorial_interfaces__rosidl_typesupport_cppExport.cmake
[0.661s] -- Up-to-date: /home/laura/Documents/pubsub_ws/install/tutorial_interfaces/share/tutorial_interfaces/cmake/tutorial_interfaces__rosidl_typesupport_cppExport-noconfig.cmake
[0.661s] -- Up-to-date: /home/laura/Documents/pubsub_ws/install/tutorial_interfaces/share/tutorial_interfaces/cmake/export_tutorial_interfaces__rosidl_generator_pyExport.cmake
[0.661s] -- Up-to-date: /home/laura/Documents/pubsub_ws/install/tutorial_interfaces/share/tutorial_interfaces/cmake/export_tutorial_interfaces__rosidl_generator_pyExport-noconfig.cmake
[0.661s] -- Up-to-date: /home/laura/Documents/pubsub_ws/install/tutorial_interfaces/share/tutorial_interfaces/cmake/rosidl_cmake-extras.cmake
[0.662s] -- Up-to-date: /home/laura/Documents/pubsub_ws/install/tutorial_interfaces/share/tutorial_interfaces/cmake/ament_cmake_export_dependencies-extras.cmake
[0.662s] -- Up-to-date: /home/laura/Documents/pubsub_ws/install/tutorial_interfaces/share/tutorial_interfaces/cmake/ament_cmake_export_include_directories-extras.cmake
[0.662s] -- Up-to-date: /home/laura/Documents/pubsub_ws/install/tutorial_interfaces/share/tutorial_interfaces/cmake/ament_cmake_export_libraries-extras.cmake
[0.662s] -- Up-to-date: /home/laura/Documents/pubsub_ws/install/tutorial_interfaces/share/tutorial_interfaces/cmake/ament_cmake_export_targets-extras.cmake
[0.662s] -- Up-to-date: /home/laura/Documents/pubsub_ws/install/tutorial_interfaces/share/tutorial_interfaces/cmake/rosidl_cmake_export_typesupport_targets-extras.cmake
[0.662s] -- Up-to-date: /home/laura/Documents/pubsub_ws/install/tutorial_interfaces/share/tutorial_interfaces/cmake/rosidl_cmake_export_typesupport_libraries-extras.cmake
[0.662s] -- Up-to-date: /home/laura/Documents/pubsub_ws/install/tutorial_interfaces/share/tutorial_interfaces/cmake/tutorial_interfacesConfig.cmake
[0.662s] -- Up-to-date: /home/laura/Documents/pubsub_ws/install/tutorial_interfaces/share/tutorial_interfaces/cmake/tutorial_interfacesConfig-version.cmake
[0.662s] -- Up-to-date: /home/laura/Documents/pubsub_ws/install/tutorial_interfaces/share/tutorial_interfaces/package.xml
[0.664s] Invoked command in '/home/laura/Documents/pubsub_ws/build/tutorial_interfaces' returned '0': CMAKE_PREFIX_PATH=${CMAKE_PREFIX_PATH}:/home/laura/Documents/pubsub_ws/install/pubsebmsg:/home/laura/Documents/pubsub_ws/install/pubseb:/home/laura/Documents/prueba/robot2_ws/install/visual_pubsub:/opt/ros/humble /usr/bin/cmake --install /home/laura/Documents/pubsub_ws/build/tutorial_interfaces
