[0.163s] Invoking command in '/home/laura/Documents/pubsub_ws/build/tutorial_interfaces': CMAKE_PREFIX_PATH=/home/laura/Documents/pubsub_ws/install/pubseb:/opt/ros/humble /usr/bin/cmake --build /home/laura/Documents/pubsub_ws/build/tutorial_interfaces -- -j8 -l8
[0.194s] [ 12%] Built target tutorial_interfaces__rosidl_generator_c
[0.194s] [ 12%] Built target tutorial_interfaces__cpp
[0.203s] [ 12%] Built target ament_cmake_python_copy_tutorial_interfaces
[0.214s] [ 32%] Built target tutorial_interfaces__rosidl_typesupport_fastrtps_c
[0.214s] [ 29%] Built target tutorial_interfaces__rosidl_typesupport_c
[0.215s] [ 41%] Built target tutorial_interfaces__rosidl_typesupport_introspection_c
[0.215s] [ 51%] Built target tutorial_interfaces__rosidl_typesupport_introspection_cpp
[0.221s] [ 61%] Built target tutorial_interfaces__rosidl_typesupport_cpp
[0.223s] [ 70%] Built target tutorial_interfaces__rosidl_typesupport_fastrtps_cpp
[0.237s] [ 70%] Built target tutorial_interfaces
[0.250s] [ 74%] Built target tutorial_interfaces__py
[0.265s] [ 80%] Built target tutorial_interfaces__rosidl_generator_py
[0.279s] [ 87%] Built target tutorial_interfaces__rosidl_typesupport_introspection_c__pyext
[0.280s] [ 93%] Built target tutorial_interfaces__rosidl_typesupport_fastrtps_c__pyext
[0.280s] [100%] Built target tutorial_interfaces__rosidl_typesupport_c__pyext
[0.372s] running egg_info
[0.372s] writing tutorial_interfaces.egg-info/PKG-INFO
[0.372s] writing dependency_links to tutorial_interfaces.egg-info/dependency_links.txt
[0.372s] writing top-level names to tutorial_interfaces.egg-info/top_level.txt
[0.374s] reading manifest file 'tutorial_interfaces.egg-info/SOURCES.txt'
[0.374s] writing manifest file 'tutorial_interfaces.egg-info/SOURCES.txt'
[0.395s] [100%] Built target ament_cmake_python_build_tutorial_interfaces_egg
[0.405s] Invoked command in '/home/laura/Documents/pubsub_ws/build/tutorial_interfaces' returned '0': CMAKE_PREFIX_PATH=/home/laura/Documents/pubsub_ws/install/pubseb:/opt/ros/humble /usr/bin/cmake --build /home/laura/Documents/pubsub_ws/build/tutorial_interfaces -- -j8 -l8
[0.413s] Invoking command in '/home/laura/Documents/pubsub_ws/build/tutorial_interfaces': CMAKE_PREFIX_PATH=/home/laura/Documents/pubsub_ws/install/pubseb:/opt/ros/humble /usr/bin/cmake --install /home/laura/Documents/pubsub_ws/build/tutorial_interfaces
[0.418s] -- Install configuration: ""
[0.418s] -- Up-to-date: /home/laura/Documents/pubsub_ws/install/tutorial_interfaces/share/ament_index/resource_index/rosidl_interfaces/tutorial_interfaces
[0.418s] -- Up-to-date: /home/laura/Documents/pubsub_ws/install/tutorial_interfaces/include/tutorial_interfaces/tutorial_interfaces
[0.418s] -- Up-to-date: /home/laura/Documents/pubsub_ws/install/tutorial_interfaces/include/tutorial_interfaces/tutorial_interfaces/msg
[0.419s] -- Up-to-date: /home/laura/Documents/pubsub_ws/install/tutorial_interfaces/include/tutorial_interfaces/tutorial_interfaces/msg/filtered_sensor.h
[0.419s] -- Up-to-date: /home/laura/Documents/pubsub_ws/install/tutorial_interfaces/include/tutorial_interfaces/tutorial_interfaces/msg/detail
[0.419s] -- Up-to-date: /home/laura/Documents/pubsub_ws/install/tutorial_interfaces/include/tutorial_interfaces/tutorial_interfaces/msg/detail/filtered_sensor__struct.h
[0.419s] -- Up-to-date: /home/laura/Documents/pubsub_ws/install/tutorial_interfaces/include/tutorial_interfaces/tutorial_interfaces/msg/detail/filtered_sensor__type_support.h
[0.419s] -- Up-to-date: /home/laura/Documents/pubsub_ws/install/tutorial_interfaces/include/tutorial_interfaces/tutorial_interfaces/msg/detail/filtered_sensor__functions.h
[0.419s] -- Up-to-date: /home/laura/Documents/pubsub_ws/install/tutorial_interfaces/include/tutorial_interfaces/tutorial_interfaces/msg/detail/filtered_sensor__functions.c
[0.419s] -- Up-to-date: /home/laura/Documents/pubsub_ws/install/tutorial_interfaces/include/tutorial_interfaces/tutorial_interfaces/msg/rosidl_generator_c__visibility_control.h
[0.419s] -- Up-to-date: /home/laura/Documents/pubsub_ws/install/tutorial_interfaces/share/tutorial_interfaces/environment/library_path.sh
[0.419s] -- Up-to-date: /home/laura/Documents/pubsub_ws/install/tutorial_interfaces/share/tutorial_interfaces/environment/library_path.dsv
[0.419s] -- Up-to-date: /home/laura/Documents/pubsub_ws/install/tutorial_interfaces/lib/libtutorial_interfaces__rosidl_generator_c.so
[0.419s] -- Up-to-date: /home/laura/Documents/pubsub_ws/install/tutorial_interfaces/include/tutorial_interfaces/tutorial_interfaces
[0.419s] -- Up-to-date: /home/laura/Documents/pubsub_ws/install/tutorial_interfaces/include/tutorial_interfaces/tutorial_interfaces/msg
[0.420s] -- Up-to-date: /home/laura/Documents/pubsub_ws/install/tutorial_interfaces/include/tutorial_interfaces/tutorial_interfaces/msg/rosidl_typesupport_fastrtps_c__visibility_control.h
[0.420s] -- Up-to-date: /home/laura/Documents/pubsub_ws/install/tutorial_interfaces/include/tutorial_interfaces/tutorial_interfaces/msg/detail
[0.420s] -- Up-to-date: /home/laura/Documents/pubsub_ws/install/tutorial_interfaces/include/tutorial_interfaces/tutorial_interfaces/msg/detail/filtered_sensor__rosidl_typesupport_fastrtps_c.h
[0.420s] -- Up-to-date: /home/laura/Documents/pubsub_ws/install/tutorial_interfaces/lib/libtutorial_interfaces__rosidl_typesupport_fastrtps_c.so
[0.420s] -- Up-to-date: /home/laura/Documents/pubsub_ws/install/tutorial_interfaces/include/tutorial_interfaces/tutorial_interfaces
[0.420s] -- Up-to-date: /home/laura/Documents/pubsub_ws/install/tutorial_interfaces/include/tutorial_interfaces/tutorial_interfaces/msg
[0.420s] -- Up-to-date: /home/laura/Documents/pubsub_ws/install/tutorial_interfaces/include/tutorial_interfaces/tutorial_interfaces/msg/filtered_sensor.hpp
[0.420s] -- Up-to-date: /home/laura/Documents/pubsub_ws/install/tutorial_interfaces/include/tutorial_interfaces/tutorial_interfaces/msg/rosidl_generator_cpp__visibility_control.hpp
[0.420s] -- Up-to-date: /home/laura/Documents/pubsub_ws/install/tutorial_interfaces/include/tutorial_interfaces/tutorial_interfaces/msg/detail
[0.420s] -- Up-to-date: /home/laura/Documents/pubsub_ws/install/tutorial_interfaces/include/tutorial_interfaces/tutorial_interfaces/msg/detail/filtered_sensor__type_support.hpp
[0.420s] -- Up-to-date: /home/laura/Documents/pubsub_ws/install/tutorial_interfaces/include/tutorial_interfaces/tutorial_interfaces/msg/detail/filtered_sensor__struct.hpp
[0.420s] -- Up-to-date: /home/laura/Documents/pubsub_ws/install/tutorial_interfaces/include/tutorial_interfaces/tutorial_interfaces/msg/detail/filtered_sensor__traits.hpp
[0.420s] -- Up-to-date: /home/laura/Documents/pubsub_ws/install/tutorial_interfaces/include/tutorial_interfaces/tutorial_interfaces/msg/detail/filtered_sensor__builder.hpp
[0.420s] -- Up-to-date: /home/laura/Documents/pubsub_ws/install/tutorial_interfaces/include/tutorial_interfaces/tutorial_interfaces
[0.420s] -- Up-to-date: /home/laura/Documents/pubsub_ws/install/tutorial_interfaces/include/tutorial_interfaces/tutorial_interfaces/msg
[0.420s] -- Up-to-date: /home/laura/Documents/pubsub_ws/install/tutorial_interfaces/include/tutorial_interfaces/tutorial_interfaces/msg/detail
[0.420s] -- Up-to-date: /home/laura/Documents/pubsub_ws/install/tutorial_interfaces/include/tutorial_interfaces/tutorial_interfaces/msg/detail/filtered_sensor__rosidl_typesupport_fastrtps_cpp.hpp
[0.420s] -- Up-to-date: /home/laura/Documents/pubsub_ws/install/tutorial_interfaces/include/tutorial_interfaces/tutorial_interfaces/msg/detail/dds_fastrtps
[0.421s] -- Up-to-date: /home/laura/Documents/pubsub_ws/install/tutorial_interfaces/include/tutorial_interfaces/tutorial_interfaces/msg/rosidl_typesupport_fastrtps_cpp__visibility_control.h
[0.421s] -- Up-to-date: /home/laura/Documents/pubsub_ws/install/tutorial_interfaces/lib/libtutorial_interfaces__rosidl_typesupport_fastrtps_cpp.so
[0.421s] -- Up-to-date: /home/laura/Documents/pubsub_ws/install/tutorial_interfaces/include/tutorial_interfaces/tutorial_interfaces
[0.421s] -- Up-to-date: /home/laura/Documents/pubsub_ws/install/tutorial_interfaces/include/tutorial_interfaces/tutorial_interfaces/msg
[0.421s] -- Up-to-date: /home/laura/Documents/pubsub_ws/install/tutorial_interfaces/include/tutorial_interfaces/tutorial_interfaces/msg/detail
[0.421s] -- Up-to-date: /home/laura/Documents/pubsub_ws/install/tutorial_interfaces/include/tutorial_interfaces/tutorial_interfaces/msg/detail/filtered_sensor__rosidl_typesupport_introspection_c.h
[0.421s] -- Up-to-date: /home/laura/Documents/pubsub_ws/install/tutorial_interfaces/include/tutorial_interfaces/tutorial_interfaces/msg/detail/filtered_sensor__type_support.c
[0.421s] -- Up-to-date: /home/laura/Documents/pubsub_ws/install/tutorial_interfaces/include/tutorial_interfaces/tutorial_interfaces/msg/rosidl_typesupport_introspection_c__visibility_control.h
[0.421s] -- Up-to-date: /home/laura/Documents/pubsub_ws/install/tutorial_interfaces/lib/libtutorial_interfaces__rosidl_typesupport_introspection_c.so
[0.421s] -- Up-to-date: /home/laura/Documents/pubsub_ws/install/tutorial_interfaces/lib/libtutorial_interfaces__rosidl_typesupport_c.so
[0.421s] -- Up-to-date: /home/laura/Documents/pubsub_ws/install/tutorial_interfaces/include/tutorial_interfaces/tutorial_interfaces
[0.421s] -- Up-to-date: /home/laura/Documents/pubsub_ws/install/tutorial_interfaces/include/tutorial_interfaces/tutorial_interfaces/msg
[0.421s] -- Up-to-date: /home/laura/Documents/pubsub_ws/install/tutorial_interfaces/include/tutorial_interfaces/tutorial_interfaces/msg/detail
[0.421s] -- Up-to-date: /home/laura/Documents/pubsub_ws/install/tutorial_interfaces/include/tutorial_interfaces/tutorial_interfaces/msg/detail/filtered_sensor__type_support.cpp
[0.421s] -- Up-to-date: /home/laura/Documents/pubsub_ws/install/tutorial_interfaces/include/tutorial_interfaces/tutorial_interfaces/msg/detail/filtered_sensor__rosidl_typesupport_introspection_cpp.hpp
[0.421s] -- Up-to-date: /home/laura/Documents/pubsub_ws/install/tutorial_interfaces/lib/libtutorial_interfaces__rosidl_typesupport_introspection_cpp.so
[0.421s] -- Up-to-date: /home/laura/Documents/pubsub_ws/install/tutorial_interfaces/lib/libtutorial_interfaces__rosidl_typesupport_cpp.so
[0.421s] -- Up-to-date: /home/laura/Documents/pubsub_ws/install/tutorial_interfaces/share/tutorial_interfaces/environment/pythonpath.sh
[0.422s] -- Up-to-date: /home/laura/Documents/pubsub_ws/install/tutorial_interfaces/share/tutorial_interfaces/environment/pythonpath.dsv
[0.422s] -- Up-to-date: /home/laura/Documents/pubsub_ws/install/tutorial_interfaces/local/lib/python3.10/dist-packages/tutorial_interfaces-0.0.0-py3.10.egg-info
[0.422s] -- Installing: /home/laura/Documents/pubsub_ws/install/tutorial_interfaces/local/lib/python3.10/dist-packages/tutorial_interfaces-0.0.0-py3.10.egg-info/SOURCES.txt
[0.422s] -- Installing: /home/laura/Documents/pubsub_ws/install/tutorial_interfaces/local/lib/python3.10/dist-packages/tutorial_interfaces-0.0.0-py3.10.egg-info/dependency_links.txt
[0.422s] -- Installing: /home/laura/Documents/pubsub_ws/install/tutorial_interfaces/local/lib/python3.10/dist-packages/tutorial_interfaces-0.0.0-py3.10.egg-info/top_level.txt
[0.422s] -- Installing: /home/laura/Documents/pubsub_ws/install/tutorial_interfaces/local/lib/python3.10/dist-packages/tutorial_interfaces-0.0.0-py3.10.egg-info/PKG-INFO
[0.422s] -- Up-to-date: /home/laura/Documents/pubsub_ws/install/tutorial_interfaces/local/lib/python3.10/dist-packages/tutorial_interfaces
[0.422s] -- Up-to-date: /home/laura/Documents/pubsub_ws/install/tutorial_interfaces/local/lib/python3.10/dist-packages/tutorial_interfaces/libtutorial_interfaces__rosidl_generator_py.so
[0.422s] -- Up-to-date: /home/laura/Documents/pubsub_ws/install/tutorial_interfaces/local/lib/python3.10/dist-packages/tutorial_interfaces/_tutorial_interfaces_s.ep.rosidl_typesupport_fastrtps_c.c
[0.422s] -- Up-to-date: /home/laura/Documents/pubsub_ws/install/tutorial_interfaces/local/lib/python3.10/dist-packages/tutorial_interfaces/_tutorial_interfaces_s.ep.rosidl_typesupport_introspection_c.c
[0.422s] -- Up-to-date: /home/laura/Documents/pubsub_ws/install/tutorial_interfaces/local/lib/python3.10/dist-packages/tutorial_interfaces/tutorial_interfaces_s__rosidl_typesupport_fastrtps_c.cpython-310-x86_64-linux-gnu.so
[0.422s] -- Up-to-date: /home/laura/Documents/pubsub_ws/install/tutorial_interfaces/local/lib/python3.10/dist-packages/tutorial_interfaces/_tutorial_interfaces_s.ep.rosidl_typesupport_c.c
[0.422s] -- Up-to-date: /home/laura/Documents/pubsub_ws/install/tutorial_interfaces/local/lib/python3.10/dist-packages/tutorial_interfaces/__init__.py
[0.422s] -- Up-to-date: /home/laura/Documents/pubsub_ws/install/tutorial_interfaces/local/lib/python3.10/dist-packages/tutorial_interfaces/tutorial_interfaces_s__rosidl_typesupport_c.cpython-310-x86_64-linux-gnu.so
[0.422s] -- Up-to-date: /home/laura/Documents/pubsub_ws/install/tutorial_interfaces/local/lib/python3.10/dist-packages/tutorial_interfaces/tutorial_interfaces_s__rosidl_typesupport_introspection_c.cpython-310-x86_64-linux-gnu.so
[0.422s] -- Up-to-date: /home/laura/Documents/pubsub_ws/install/tutorial_interfaces/local/lib/python3.10/dist-packages/tutorial_interfaces/msg
[0.422s] -- Up-to-date: /home/laura/Documents/pubsub_ws/install/tutorial_interfaces/local/lib/python3.10/dist-packages/tutorial_interfaces/msg/_filtered_sensor_s.c
[0.422s] -- Up-to-date: /home/laura/Documents/pubsub_ws/install/tutorial_interfaces/local/lib/python3.10/dist-packages/tutorial_interfaces/msg/__init__.py
[0.422s] -- Up-to-date: /home/laura/Documents/pubsub_ws/install/tutorial_interfaces/local/lib/python3.10/dist-packages/tutorial_interfaces/msg/_filtered_sensor.py
[0.445s] Listing '/home/laura/Documents/pubsub_ws/install/tutorial_interfaces/local/lib/python3.10/dist-packages/tutorial_interfaces'...
[0.445s] Listing '/home/laura/Documents/pubsub_ws/install/tutorial_interfaces/local/lib/python3.10/dist-packages/tutorial_interfaces/msg'...
[0.448s] -- Up-to-date: /home/laura/Documents/pubsub_ws/install/tutorial_interfaces/local/lib/python3.10/dist-packages/tutorial_interfaces/tutorial_interfaces_s__rosidl_typesupport_fastrtps_c.cpython-310-x86_64-linux-gnu.so
[0.448s] -- Up-to-date: /home/laura/Documents/pubsub_ws/install/tutorial_interfaces/local/lib/python3.10/dist-packages/tutorial_interfaces/tutorial_interfaces_s__rosidl_typesupport_introspection_c.cpython-310-x86_64-linux-gnu.so
[0.448s] -- Up-to-date: /home/laura/Documents/pubsub_ws/install/tutorial_interfaces/local/lib/python3.10/dist-packages/tutorial_interfaces/tutorial_interfaces_s__rosidl_typesupport_c.cpython-310-x86_64-linux-gnu.so
[0.449s] -- Up-to-date: /home/laura/Documents/pubsub_ws/install/tutorial_interfaces/lib/libtutorial_interfaces__rosidl_generator_py.so
[0.449s] -- Up-to-date: /home/laura/Documents/pubsub_ws/install/tutorial_interfaces/share/tutorial_interfaces/msg/FilteredSensor.idl
[0.449s] -- Up-to-date: /home/laura/Documents/pubsub_ws/install/tutorial_interfaces/share/tutorial_interfaces/msg/FilteredSensor.msg
[0.449s] -- Up-to-date: /home/laura/Documents/pubsub_ws/install/tutorial_interfaces/share/ament_index/resource_index/package_run_dependencies/tutorial_interfaces
[0.449s] -- Up-to-date: /home/laura/Documents/pubsub_ws/install/tutorial_interfaces/share/ament_index/resource_index/parent_prefix_path/tutorial_interfaces
[0.449s] -- Up-to-date: /home/laura/Documents/pubsub_ws/install/tutorial_interfaces/share/tutorial_interfaces/environment/ament_prefix_path.sh
[0.449s] -- Up-to-date: /home/laura/Documents/pubsub_ws/install/tutorial_interfaces/share/tutorial_interfaces/environment/ament_prefix_path.dsv
[0.449s] -- Up-to-date: /home/laura/Documents/pubsub_ws/install/tutorial_interfaces/share/tutorial_interfaces/environment/path.sh
[0.449s] -- Up-to-date: /home/laura/Documents/pubsub_ws/install/tutorial_interfaces/share/tutorial_interfaces/environment/path.dsv
[0.449s] -- Up-to-date: /home/laura/Documents/pubsub_ws/install/tutorial_interfaces/share/tutorial_interfaces/local_setup.bash
[0.449s] -- Up-to-date: /home/laura/Documents/pubsub_ws/install/tutorial_interfaces/share/tutorial_interfaces/local_setup.sh
[0.449s] -- Up-to-date: /home/laura/Documents/pubsub_ws/install/tutorial_interfaces/share/tutorial_interfaces/local_setup.zsh
[0.449s] -- Up-to-date: /home/laura/Documents/pubsub_ws/install/tutorial_interfaces/share/tutorial_interfaces/local_setup.dsv
[0.449s] -- Installing: /home/laura/Documents/pubsub_ws/install/tutorial_interfaces/share/tutorial_interfaces/package.dsv
[0.450s] -- Up-to-date: /home/laura/Documents/pubsub_ws/install/tutorial_interfaces/share/ament_index/resource_index/packages/tutorial_interfaces
[0.450s] -- Up-to-date: /home/laura/Documents/pubsub_ws/install/tutorial_interfaces/share/tutorial_interfaces/cmake/export_tutorial_interfaces__rosidl_generator_cExport.cmake
[0.450s] -- Up-to-date: /home/laura/Documents/pubsub_ws/install/tutorial_interfaces/share/tutorial_interfaces/cmake/export_tutorial_interfaces__rosidl_generator_cExport-noconfig.cmake
[0.450s] -- Up-to-date: /home/laura/Documents/pubsub_ws/install/tutorial_interfaces/share/tutorial_interfaces/cmake/export_tutorial_interfaces__rosidl_typesupport_fastrtps_cExport.cmake
[0.450s] -- Up-to-date: /home/laura/Documents/pubsub_ws/install/tutorial_interfaces/share/tutorial_interfaces/cmake/export_tutorial_interfaces__rosidl_typesupport_fastrtps_cExport-noconfig.cmake
[0.450s] -- Up-to-date: /home/laura/Documents/pubsub_ws/install/tutorial_interfaces/share/tutorial_interfaces/cmake/export_tutorial_interfaces__rosidl_generator_cppExport.cmake
[0.450s] -- Up-to-date: /home/laura/Documents/pubsub_ws/install/tutorial_interfaces/share/tutorial_interfaces/cmake/export_tutorial_interfaces__rosidl_typesupport_fastrtps_cppExport.cmake
[0.450s] -- Up-to-date: /home/laura/Documents/pubsub_ws/install/tutorial_interfaces/share/tutorial_interfaces/cmake/export_tutorial_interfaces__rosidl_typesupport_fastrtps_cppExport-noconfig.cmake
[0.450s] -- Up-to-date: /home/laura/Documents/pubsub_ws/install/tutorial_interfaces/share/tutorial_interfaces/cmake/tutorial_interfaces__rosidl_typesupport_introspection_cExport.cmake
[0.450s] -- Up-to-date: /home/laura/Documents/pubsub_ws/install/tutorial_interfaces/share/tutorial_interfaces/cmake/tutorial_interfaces__rosidl_typesupport_introspection_cExport-noconfig.cmake
[0.450s] -- Up-to-date: /home/laura/Documents/pubsub_ws/install/tutorial_interfaces/share/tutorial_interfaces/cmake/tutorial_interfaces__rosidl_typesupport_cExport.cmake
[0.450s] -- Up-to-date: /home/laura/Documents/pubsub_ws/install/tutorial_interfaces/share/tutorial_interfaces/cmake/tutorial_interfaces__rosidl_typesupport_cExport-noconfig.cmake
[0.450s] -- Up-to-date: /home/laura/Documents/pubsub_ws/install/tutorial_interfaces/share/tutorial_interfaces/cmake/tutorial_interfaces__rosidl_typesupport_introspection_cppExport.cmake
[0.450s] -- Up-to-date: /home/laura/Documents/pubsub_ws/install/tutorial_interfaces/share/tutorial_interfaces/cmake/tutorial_interfaces__rosidl_typesupport_introspection_cppExport-noconfig.cmake
[0.450s] -- Up-to-date: /home/laura/Documents/pubsub_ws/install/tutorial_interfaces/share/tutorial_interfaces/cmake/tutorial_interfaces__rosidl_typesupport_cppExport.cmake
[0.450s] -- Up-to-date: /home/laura/Documents/pubsub_ws/install/tutorial_interfaces/share/tutorial_interfaces/cmake/tutorial_interfaces__rosidl_typesupport_cppExport-noconfig.cmake
[0.450s] -- Up-to-date: /home/laura/Documents/pubsub_ws/install/tutorial_interfaces/share/tutorial_interfaces/cmake/export_tutorial_interfaces__rosidl_generator_pyExport.cmake
[0.451s] -- Up-to-date: /home/laura/Documents/pubsub_ws/install/tutorial_interfaces/share/tutorial_interfaces/cmake/export_tutorial_interfaces__rosidl_generator_pyExport-noconfig.cmake
[0.451s] -- Up-to-date: /home/laura/Documents/pubsub_ws/install/tutorial_interfaces/share/tutorial_interfaces/cmake/rosidl_cmake-extras.cmake
[0.451s] -- Up-to-date: /home/laura/Documents/pubsub_ws/install/tutorial_interfaces/share/tutorial_interfaces/cmake/ament_cmake_export_dependencies-extras.cmake
[0.451s] -- Up-to-date: /home/laura/Documents/pubsub_ws/install/tutorial_interfaces/share/tutorial_interfaces/cmake/ament_cmake_export_include_directories-extras.cmake
[0.451s] -- Up-to-date: /home/laura/Documents/pubsub_ws/install/tutorial_interfaces/share/tutorial_interfaces/cmake/ament_cmake_export_libraries-extras.cmake
[0.451s] -- Up-to-date: /home/laura/Documents/pubsub_ws/install/tutorial_interfaces/share/tutorial_interfaces/cmake/ament_cmake_export_targets-extras.cmake
[0.451s] -- Up-to-date: /home/laura/Documents/pubsub_ws/install/tutorial_interfaces/share/tutorial_interfaces/cmake/rosidl_cmake_export_typesupport_targets-extras.cmake
[0.451s] -- Up-to-date: /home/laura/Documents/pubsub_ws/install/tutorial_interfaces/share/tutorial_interfaces/cmake/rosidl_cmake_export_typesupport_libraries-extras.cmake
[0.451s] -- Up-to-date: /home/laura/Documents/pubsub_ws/install/tutorial_interfaces/share/tutorial_interfaces/cmake/tutorial_interfacesConfig.cmake
[0.451s] -- Up-to-date: /home/laura/Documents/pubsub_ws/install/tutorial_interfaces/share/tutorial_interfaces/cmake/tutorial_interfacesConfig-version.cmake
[0.451s] -- Up-to-date: /home/laura/Documents/pubsub_ws/install/tutorial_interfaces/share/tutorial_interfaces/package.xml
[0.454s] Invoked command in '/home/laura/Documents/pubsub_ws/build/tutorial_interfaces' returned '0': CMAKE_PREFIX_PATH=/home/laura/Documents/pubsub_ws/install/pubseb:/opt/ros/humble /usr/bin/cmake --install /home/laura/Documents/pubsub_ws/build/tutorial_interfaces
