[0.569s] Invoking command in '/home/laura/Documents/robot1_ws/src/visual_pubsub': PYTHONPATH=/home/laura/Documents/robot1_ws/build/visual_pubsub/prefix_override:/usr/lib/python3/dist-packages/colcon_core/task/python/colcon_distutils_commands:/home/laura/Documents/robot1_ws/install/visual_pubsub/lib/python3.10/site-packages:${PYTHONPATH} /usr/bin/python3 -W ignore:setup.py install is deprecated -W ignore:easy_install command is deprecated setup.py egg_info --egg-base ../../build/visual_pubsub build --build-base /home/laura/Documents/robot1_ws/build/visual_pubsub/build install --record /home/laura/Documents/robot1_ws/build/visual_pubsub/install.log --single-version-externally-managed install_data
[0.720s] running egg_info
[0.721s] creating ../../build/visual_pubsub/visual_pubsub.egg-info
[0.721s] writing ../../build/visual_pubsub/visual_pubsub.egg-info/PKG-INFO
[0.721s] writing dependency_links to ../../build/visual_pubsub/visual_pubsub.egg-info/dependency_links.txt
[0.721s] writing entry points to ../../build/visual_pubsub/visual_pubsub.egg-info/entry_points.txt
[0.721s] writing requirements to ../../build/visual_pubsub/visual_pubsub.egg-info/requires.txt
[0.721s] writing top-level names to ../../build/visual_pubsub/visual_pubsub.egg-info/top_level.txt
[0.722s] writing manifest file '../../build/visual_pubsub/visual_pubsub.egg-info/SOURCES.txt'
[0.724s] reading manifest file '../../build/visual_pubsub/visual_pubsub.egg-info/SOURCES.txt'
[0.724s] adding license file 'LICENSE'
[0.725s] writing manifest file '../../build/visual_pubsub/visual_pubsub.egg-info/SOURCES.txt'
[0.725s] running build
[0.725s] running build_py
[0.725s] creating /home/laura/Documents/robot1_ws/build/visual_pubsub/build
[0.726s] creating /home/laura/Documents/robot1_ws/build/visual_pubsub/build/lib
[0.726s] creating /home/laura/Documents/robot1_ws/build/visual_pubsub/build/lib/visual_pubsub
[0.726s] copying visual_pubsub/pub_joints.py -> /home/laura/Documents/robot1_ws/build/visual_pubsub/build/lib/visual_pubsub
[0.726s] copying visual_pubsub/sub_joints.py -> /home/laura/Documents/robot1_ws/build/visual_pubsub/build/lib/visual_pubsub
[0.726s] copying visual_pubsub/inverse_kinematics.py -> /home/laura/Documents/robot1_ws/build/visual_pubsub/build/lib/visual_pubsub
[0.726s] copying visual_pubsub/__init__.py -> /home/laura/Documents/robot1_ws/build/visual_pubsub/build/lib/visual_pubsub
[0.726s] running install
[0.727s] running install_lib
[0.727s] creating /home/laura/Documents/robot1_ws/install/visual_pubsub/lib/python3.10/site-packages/visual_pubsub
[0.727s] copying /home/laura/Documents/robot1_ws/build/visual_pubsub/build/lib/visual_pubsub/pub_joints.py -> /home/laura/Documents/robot1_ws/install/visual_pubsub/lib/python3.10/site-packages/visual_pubsub
[0.728s] copying /home/laura/Documents/robot1_ws/build/visual_pubsub/build/lib/visual_pubsub/sub_joints.py -> /home/laura/Documents/robot1_ws/install/visual_pubsub/lib/python3.10/site-packages/visual_pubsub
[0.728s] copying /home/laura/Documents/robot1_ws/build/visual_pubsub/build/lib/visual_pubsub/inverse_kinematics.py -> /home/laura/Documents/robot1_ws/install/visual_pubsub/lib/python3.10/site-packages/visual_pubsub
[0.728s] copying /home/laura/Documents/robot1_ws/build/visual_pubsub/build/lib/visual_pubsub/__init__.py -> /home/laura/Documents/robot1_ws/install/visual_pubsub/lib/python3.10/site-packages/visual_pubsub
[0.728s] byte-compiling /home/laura/Documents/robot1_ws/install/visual_pubsub/lib/python3.10/site-packages/visual_pubsub/pub_joints.py to pub_joints.cpython-310.pyc
[0.729s] byte-compiling /home/laura/Documents/robot1_ws/install/visual_pubsub/lib/python3.10/site-packages/visual_pubsub/sub_joints.py to sub_joints.cpython-310.pyc
[0.729s] byte-compiling /home/laura/Documents/robot1_ws/install/visual_pubsub/lib/python3.10/site-packages/visual_pubsub/inverse_kinematics.py to inverse_kinematics.cpython-310.pyc
[0.730s] byte-compiling /home/laura/Documents/robot1_ws/install/visual_pubsub/lib/python3.10/site-packages/visual_pubsub/__init__.py to __init__.cpython-310.pyc
[0.731s] running install_data
[0.731s] creating /home/laura/Documents/robot1_ws/install/visual_pubsub/share/ament_index
[0.731s] creating /home/laura/Documents/robot1_ws/install/visual_pubsub/share/ament_index/resource_index
[0.731s] creating /home/laura/Documents/robot1_ws/install/visual_pubsub/share/ament_index/resource_index/packages
[0.731s] copying resource/visual_pubsub -> /home/laura/Documents/robot1_ws/install/visual_pubsub/share/ament_index/resource_index/packages
[0.731s] copying package.xml -> /home/laura/Documents/robot1_ws/install/visual_pubsub/share/visual_pubsub
[0.731s] running install_egg_info
[0.732s] Copying ../../build/visual_pubsub/visual_pubsub.egg-info to /home/laura/Documents/robot1_ws/install/visual_pubsub/lib/python3.10/site-packages/visual_pubsub-0.0.0-py3.10.egg-info
[0.733s] running install_scripts
[0.748s] Installing pub_joints script to /home/laura/Documents/robot1_ws/install/visual_pubsub/lib/visual_pubsub
[0.748s] Installing sub_joints script to /home/laura/Documents/robot1_ws/install/visual_pubsub/lib/visual_pubsub
[0.749s] writing list of installed files to '/home/laura/Documents/robot1_ws/build/visual_pubsub/install.log'
[0.765s] Invoked command in '/home/laura/Documents/robot1_ws/src/visual_pubsub' returned '0': PYTHONPATH=/home/laura/Documents/robot1_ws/build/visual_pubsub/prefix_override:/usr/lib/python3/dist-packages/colcon_core/task/python/colcon_distutils_commands:/home/laura/Documents/robot1_ws/install/visual_pubsub/lib/python3.10/site-packages:${PYTHONPATH} /usr/bin/python3 -W ignore:setup.py install is deprecated -W ignore:easy_install command is deprecated setup.py egg_info --egg-base ../../build/visual_pubsub build --build-base /home/laura/Documents/robot1_ws/build/visual_pubsub/build install --record /home/laura/Documents/robot1_ws/build/visual_pubsub/install.log --single-version-externally-managed install_data
