[0.320s] Invoking command in '/home/camila/robot1_ws/build/visual_pubsub': PYTHONPATH=/home/camila/robot1_ws/build/visual_pubsub/prefix_override:/usr/lib/python3/dist-packages/colcon_core/task/python/colcon_distutils_commands:/home/camila/robot1_ws/install/visual_pubsub/lib/python3.10/site-packages:${PYTHONPATH} /usr/bin/python3 -W ignore:setup.py install is deprecated -W ignore:easy_install command is deprecated setup.py develop --uninstall --editable --build-directory /home/camila/robot1_ws/build/visual_pubsub/build
[0.451s] running develop
[0.531s] Removing /home/camila/robot1_ws/install/visual_pubsub/lib/python3.10/site-packages/visual-pubsub.egg-link (link to .)
[0.546s] Invoked command in '/home/camila/robot1_ws/build/visual_pubsub' returned '0': PYTHONPATH=/home/camila/robot1_ws/build/visual_pubsub/prefix_override:/usr/lib/python3/dist-packages/colcon_core/task/python/colcon_distutils_commands:/home/camila/robot1_ws/install/visual_pubsub/lib/python3.10/site-packages:${PYTHONPATH} /usr/bin/python3 -W ignore:setup.py install is deprecated -W ignore:easy_install command is deprecated setup.py develop --uninstall --editable --build-directory /home/camila/robot1_ws/build/visual_pubsub/build
[0.546s] Invoking command in '/home/camila/robot1_ws/src/visual_pubsub': PYTHONPATH=/home/camila/robot1_ws/build/visual_pubsub/prefix_override:/usr/lib/python3/dist-packages/colcon_core/task/python/colcon_distutils_commands:/home/camila/robot1_ws/install/visual_pubsub/lib/python3.10/site-packages:${PYTHONPATH} /usr/bin/python3 -W ignore:setup.py install is deprecated -W ignore:easy_install command is deprecated setup.py egg_info --egg-base ../../build/visual_pubsub build --build-base /home/camila/robot1_ws/build/visual_pubsub/build install --record /home/camila/robot1_ws/build/visual_pubsub/install.log --single-version-externally-managed install_data --force
[0.667s] running egg_info
[0.667s] writing ../../build/visual_pubsub/visual_pubsub.egg-info/PKG-INFO
[0.667s] writing dependency_links to ../../build/visual_pubsub/visual_pubsub.egg-info/dependency_links.txt
[0.667s] writing entry points to ../../build/visual_pubsub/visual_pubsub.egg-info/entry_points.txt
[0.667s] writing requirements to ../../build/visual_pubsub/visual_pubsub.egg-info/requires.txt
[0.667s] writing top-level names to ../../build/visual_pubsub/visual_pubsub.egg-info/top_level.txt
[0.668s] reading manifest file '../../build/visual_pubsub/visual_pubsub.egg-info/SOURCES.txt'
[0.668s] adding license file 'LICENSE'
[0.668s] writing manifest file '../../build/visual_pubsub/visual_pubsub.egg-info/SOURCES.txt'
[0.669s] running build
[0.669s] running build_py
[0.669s] creating /home/camila/robot1_ws/build/visual_pubsub/build
[0.669s] creating /home/camila/robot1_ws/build/visual_pubsub/build/lib
[0.669s] creating /home/camila/robot1_ws/build/visual_pubsub/build/lib/visual_pubsub
[0.669s] copying visual_pubsub/__init__.py -> /home/camila/robot1_ws/build/visual_pubsub/build/lib/visual_pubsub
[0.669s] copying visual_pubsub/inverse_kinematics.py -> /home/camila/robot1_ws/build/visual_pubsub/build/lib/visual_pubsub
[0.669s] copying visual_pubsub/pub_joints.py -> /home/camila/robot1_ws/build/visual_pubsub/build/lib/visual_pubsub
[0.669s] copying visual_pubsub/sub_joints.py -> /home/camila/robot1_ws/build/visual_pubsub/build/lib/visual_pubsub
[0.669s] running install
[0.669s] running install_lib
[0.669s] creating /home/camila/robot1_ws/install/visual_pubsub/lib/python3.10/site-packages/visual_pubsub
[0.669s] copying /home/camila/robot1_ws/build/visual_pubsub/build/lib/visual_pubsub/__init__.py -> /home/camila/robot1_ws/install/visual_pubsub/lib/python3.10/site-packages/visual_pubsub
[0.669s] copying /home/camila/robot1_ws/build/visual_pubsub/build/lib/visual_pubsub/inverse_kinematics.py -> /home/camila/robot1_ws/install/visual_pubsub/lib/python3.10/site-packages/visual_pubsub
[0.669s] copying /home/camila/robot1_ws/build/visual_pubsub/build/lib/visual_pubsub/pub_joints.py -> /home/camila/robot1_ws/install/visual_pubsub/lib/python3.10/site-packages/visual_pubsub
[0.669s] copying /home/camila/robot1_ws/build/visual_pubsub/build/lib/visual_pubsub/sub_joints.py -> /home/camila/robot1_ws/install/visual_pubsub/lib/python3.10/site-packages/visual_pubsub
[0.670s] byte-compiling /home/camila/robot1_ws/install/visual_pubsub/lib/python3.10/site-packages/visual_pubsub/__init__.py to __init__.cpython-310.pyc
[0.670s] byte-compiling /home/camila/robot1_ws/install/visual_pubsub/lib/python3.10/site-packages/visual_pubsub/inverse_kinematics.py to inverse_kinematics.cpython-310.pyc
[0.670s] byte-compiling /home/camila/robot1_ws/install/visual_pubsub/lib/python3.10/site-packages/visual_pubsub/pub_joints.py to pub_joints.cpython-310.pyc
[0.670s] byte-compiling /home/camila/robot1_ws/install/visual_pubsub/lib/python3.10/site-packages/visual_pubsub/sub_joints.py to sub_joints.cpython-310.pyc
[0.671s] running install_data
[0.671s] copying resource/visual_pubsub -> /home/camila/robot1_ws/install/visual_pubsub/share/ament_index/resource_index/packages
[0.671s] copying package.xml -> /home/camila/robot1_ws/install/visual_pubsub/share/visual_pubsub
[0.671s] running install_egg_info
[0.672s] Copying ../../build/visual_pubsub/visual_pubsub.egg-info to /home/camila/robot1_ws/install/visual_pubsub/lib/python3.10/site-packages/visual_pubsub-0.0.0-py3.10.egg-info
[0.672s] running install_scripts
[0.683s] Installing inverse_k script to /home/camila/robot1_ws/install/visual_pubsub/lib/visual_pubsub
[0.683s] Installing pub_joints script to /home/camila/robot1_ws/install/visual_pubsub/lib/visual_pubsub
[0.683s] Installing sub_joints script to /home/camila/robot1_ws/install/visual_pubsub/lib/visual_pubsub
[0.683s] writing list of installed files to '/home/camila/robot1_ws/build/visual_pubsub/install.log'
[0.694s] Invoked command in '/home/camila/robot1_ws/src/visual_pubsub' returned '0': PYTHONPATH=/home/camila/robot1_ws/build/visual_pubsub/prefix_override:/usr/lib/python3/dist-packages/colcon_core/task/python/colcon_distutils_commands:/home/camila/robot1_ws/install/visual_pubsub/lib/python3.10/site-packages:${PYTHONPATH} /usr/bin/python3 -W ignore:setup.py install is deprecated -W ignore:easy_install command is deprecated setup.py egg_info --egg-base ../../build/visual_pubsub build --build-base /home/camila/robot1_ws/build/visual_pubsub/build install --record /home/camila/robot1_ws/build/visual_pubsub/install.log --single-version-externally-managed install_data --force
