[0.060s] DEBUG:colcon:Command line arguments: ['/usr/bin/colcon', 'build']
[0.060s] DEBUG:colcon:Parsed command line arguments: Namespace(log_base=None, log_level=None, verb_name='build', build_base='build', install_base='install', merge_install=False, symlink_install=False, test_result_base=None, continue_on_error=False, executor='parallel', parallel_workers=8, event_handlers=None, ignore_user_meta=False, metas=['./colcon.meta'], base_paths=['.'], packages_ignore=None, packages_ignore_regex=None, paths=None, packages_up_to=None, packages_up_to_regex=None, packages_above=None, packages_above_and_dependencies=None, packages_above_depth=None, packages_select_by_dep=None, packages_skip_by_dep=None, packages_skip_up_to=None, packages_select_build_failed=False, packages_skip_build_finished=False, packages_select_test_failures=False, packages_skip_test_passed=False, packages_select=None, packages_skip=None, packages_select_regex=None, packages_skip_regex=None, packages_start=None, packages_end=None, allow_overriding=[], cmake_args=None, cmake_target=None, cmake_target_skip_unavailable=False, cmake_clean_cache=False, cmake_clean_first=False, cmake_force_configure=False, ament_cmake_args=None, catkin_cmake_args=None, catkin_skip_building_tests=False, verb_parser=<colcon_defaults.argument_parser.defaults.DefaultArgumentsDecorator object at 0x761d7fb6c130>, verb_extension=<colcon_core.verb.build.BuildVerb object at 0x761d7fcd1a80>, main=<bound method BuildVerb.main of <colcon_core.verb.build.BuildVerb object at 0x761d7fcd1a80>>)
[0.155s] Level 1:colcon.colcon_core.package_discovery:discover_packages(colcon_meta) check parameters
[0.155s] Level 1:colcon.colcon_core.package_discovery:discover_packages(recursive) check parameters
[0.155s] Level 1:colcon.colcon_core.package_discovery:discover_packages(ignore) check parameters
[0.155s] Level 1:colcon.colcon_core.package_discovery:discover_packages(path) check parameters
[0.155s] Level 1:colcon.colcon_core.package_discovery:discover_packages(colcon_meta) discover
[0.155s] Level 1:colcon.colcon_core.package_discovery:discover_packages(recursive) discover
[0.155s] INFO:colcon.colcon_core.package_discovery:Crawling recursively for packages in '/home/laura/Documents/pubsub_ws'
[0.155s] Level 1:colcon.colcon_core.package_identification:_identify(.) by extensions ['ignore', 'ignore_ament_install']
[0.155s] Level 1:colcon.colcon_core.package_identification:_identify(.) by extension 'ignore'
[0.155s] Level 1:colcon.colcon_core.package_identification:_identify(.) by extension 'ignore_ament_install'
[0.155s] Level 1:colcon.colcon_core.package_identification:_identify(.) by extensions ['colcon_pkg']
[0.156s] Level 1:colcon.colcon_core.package_identification:_identify(.) by extension 'colcon_pkg'
[0.156s] Level 1:colcon.colcon_core.package_identification:_identify(.) by extensions ['colcon_meta']
[0.156s] Level 1:colcon.colcon_core.package_identification:_identify(.) by extension 'colcon_meta'
[0.156s] Level 1:colcon.colcon_core.package_identification:_identify(.) by extensions ['ros']
[0.156s] Level 1:colcon.colcon_core.package_identification:_identify(.) by extension 'ros'
[0.162s] Level 1:colcon.colcon_core.package_identification:_identify(.) by extensions ['cmake', 'python']
[0.162s] Level 1:colcon.colcon_core.package_identification:_identify(.) by extension 'cmake'
[0.163s] Level 1:colcon.colcon_core.package_identification:_identify(.) by extension 'python'
[0.163s] Level 1:colcon.colcon_core.package_identification:_identify(.) by extensions ['python_setup_py']
[0.163s] Level 1:colcon.colcon_core.package_identification:_identify(.) by extension 'python_setup_py'
[0.163s] Level 1:colcon.colcon_core.package_identification:_identify(build) by extensions ['ignore', 'ignore_ament_install']
[0.163s] Level 1:colcon.colcon_core.package_identification:_identify(build) by extension 'ignore'
[0.163s] Level 1:colcon.colcon_core.package_identification:_identify(build) ignored
[0.163s] Level 1:colcon.colcon_core.package_identification:_identify(install) by extensions ['ignore', 'ignore_ament_install']
[0.163s] Level 1:colcon.colcon_core.package_identification:_identify(install) by extension 'ignore'
[0.163s] Level 1:colcon.colcon_core.package_identification:_identify(install) ignored
[0.163s] Level 1:colcon.colcon_core.package_identification:_identify(log) by extensions ['ignore', 'ignore_ament_install']
[0.163s] Level 1:colcon.colcon_core.package_identification:_identify(log) by extension 'ignore'
[0.163s] Level 1:colcon.colcon_core.package_identification:_identify(log) ignored
[0.163s] Level 1:colcon.colcon_core.package_identification:_identify(src) by extensions ['ignore', 'ignore_ament_install']
[0.163s] Level 1:colcon.colcon_core.package_identification:_identify(src) by extension 'ignore'
[0.163s] Level 1:colcon.colcon_core.package_identification:_identify(src) by extension 'ignore_ament_install'
[0.163s] Level 1:colcon.colcon_core.package_identification:_identify(src) by extensions ['colcon_pkg']
[0.163s] Level 1:colcon.colcon_core.package_identification:_identify(src) by extension 'colcon_pkg'
[0.163s] Level 1:colcon.colcon_core.package_identification:_identify(src) by extensions ['colcon_meta']
[0.163s] Level 1:colcon.colcon_core.package_identification:_identify(src) by extension 'colcon_meta'
[0.163s] Level 1:colcon.colcon_core.package_identification:_identify(src) by extensions ['ros']
[0.163s] Level 1:colcon.colcon_core.package_identification:_identify(src) by extension 'ros'
[0.163s] Level 1:colcon.colcon_core.package_identification:_identify(src) by extensions ['cmake', 'python']
[0.163s] Level 1:colcon.colcon_core.package_identification:_identify(src) by extension 'cmake'
[0.163s] Level 1:colcon.colcon_core.package_identification:_identify(src) by extension 'python'
[0.163s] Level 1:colcon.colcon_core.package_identification:_identify(src) by extensions ['python_setup_py']
[0.163s] Level 1:colcon.colcon_core.package_identification:_identify(src) by extension 'python_setup_py'
[0.163s] Level 1:colcon.colcon_core.package_identification:_identify(src/pubsebmsg) by extensions ['ignore', 'ignore_ament_install']
[0.164s] Level 1:colcon.colcon_core.package_identification:_identify(src/pubsebmsg) by extension 'ignore'
[0.164s] Level 1:colcon.colcon_core.package_identification:_identify(src/pubsebmsg) by extension 'ignore_ament_install'
[0.164s] Level 1:colcon.colcon_core.package_identification:_identify(src/pubsebmsg) by extensions ['colcon_pkg']
[0.164s] Level 1:colcon.colcon_core.package_identification:_identify(src/pubsebmsg) by extension 'colcon_pkg'
[0.164s] Level 1:colcon.colcon_core.package_identification:_identify(src/pubsebmsg) by extensions ['colcon_meta']
[0.164s] Level 1:colcon.colcon_core.package_identification:_identify(src/pubsebmsg) by extension 'colcon_meta'
[0.164s] Level 1:colcon.colcon_core.package_identification:_identify(src/pubsebmsg) by extensions ['ros']
[0.164s] Level 1:colcon.colcon_core.package_identification:_identify(src/pubsebmsg) by extension 'ros'
[0.165s] DEBUG:colcon.colcon_core.package_identification:Package 'src/pubsebmsg' with type 'ros.ament_python' and name 'pubsebmsg'
[0.165s] Level 1:colcon.colcon_core.package_identification:_identify(src/tutorial_interfaces) by extensions ['ignore', 'ignore_ament_install']
[0.165s] Level 1:colcon.colcon_core.package_identification:_identify(src/tutorial_interfaces) by extension 'ignore'
[0.165s] Level 1:colcon.colcon_core.package_identification:_identify(src/tutorial_interfaces) by extension 'ignore_ament_install'
[0.165s] Level 1:colcon.colcon_core.package_identification:_identify(src/tutorial_interfaces) by extensions ['colcon_pkg']
[0.165s] Level 1:colcon.colcon_core.package_identification:_identify(src/tutorial_interfaces) by extension 'colcon_pkg'
[0.165s] Level 1:colcon.colcon_core.package_identification:_identify(src/tutorial_interfaces) by extensions ['colcon_meta']
[0.166s] Level 1:colcon.colcon_core.package_identification:_identify(src/tutorial_interfaces) by extension 'colcon_meta'
[0.166s] Level 1:colcon.colcon_core.package_identification:_identify(src/tutorial_interfaces) by extensions ['ros']
[0.166s] Level 1:colcon.colcon_core.package_identification:_identify(src/tutorial_interfaces) by extension 'ros'
[0.166s] DEBUG:colcon.colcon_core.package_identification:Package 'src/tutorial_interfaces' with type 'ros.ament_cmake' and name 'tutorial_interfaces'
[0.166s] Level 1:colcon.colcon_core.package_discovery:discover_packages(recursive) using defaults
[0.166s] Level 1:colcon.colcon_core.package_discovery:discover_packages(ignore) discover
[0.166s] Level 1:colcon.colcon_core.package_discovery:discover_packages(ignore) using defaults
[0.166s] Level 1:colcon.colcon_core.package_discovery:discover_packages(path) discover
[0.166s] Level 1:colcon.colcon_core.package_discovery:discover_packages(path) using defaults
[0.178s] Level 1:colcon.colcon_core.package_discovery:discover_packages(prefix_path) check parameters
[0.178s] Level 1:colcon.colcon_core.package_discovery:discover_packages(prefix_path) discover
[0.179s] WARNING:colcon.colcon_ros.prefix_path.ament:The path '/home/laura/Documents/pubsub_ws/install/pubseb' in the environment variable AMENT_PREFIX_PATH doesn't exist
[0.180s] DEBUG:colcon.colcon_installed_package_information.package_discovery:Found 2 installed packages in /home/laura/Documents/pubsub_ws/install
[0.181s] DEBUG:colcon.colcon_installed_package_information.package_discovery:Found 351 installed packages in /opt/ros/humble
[0.189s] Level 1:colcon.colcon_core.package_discovery:discover_packages(prefix_path) using defaults
[0.215s] Level 5:colcon.colcon_core.verb:set package 'pubsebmsg' build argument 'cmake_args' from command line to 'None'
[0.215s] Level 5:colcon.colcon_core.verb:set package 'pubsebmsg' build argument 'cmake_target' from command line to 'None'
[0.215s] Level 5:colcon.colcon_core.verb:set package 'pubsebmsg' build argument 'cmake_target_skip_unavailable' from command line to 'False'
[0.215s] Level 5:colcon.colcon_core.verb:set package 'pubsebmsg' build argument 'cmake_clean_cache' from command line to 'False'
[0.215s] Level 5:colcon.colcon_core.verb:set package 'pubsebmsg' build argument 'cmake_clean_first' from command line to 'False'
[0.215s] Level 5:colcon.colcon_core.verb:set package 'pubsebmsg' build argument 'cmake_force_configure' from command line to 'False'
[0.215s] Level 5:colcon.colcon_core.verb:set package 'pubsebmsg' build argument 'ament_cmake_args' from command line to 'None'
[0.216s] Level 5:colcon.colcon_core.verb:set package 'pubsebmsg' build argument 'catkin_cmake_args' from command line to 'None'
[0.216s] Level 5:colcon.colcon_core.verb:set package 'pubsebmsg' build argument 'catkin_skip_building_tests' from command line to 'False'
[0.216s] DEBUG:colcon.colcon_core.verb:Building package 'pubsebmsg' with the following arguments: {'ament_cmake_args': None, 'build_base': '/home/laura/Documents/pubsub_ws/build/pubsebmsg', 'catkin_cmake_args': None, 'catkin_skip_building_tests': False, 'cmake_args': None, 'cmake_clean_cache': False, 'cmake_clean_first': False, 'cmake_force_configure': False, 'cmake_target': None, 'cmake_target_skip_unavailable': False, 'install_base': '/home/laura/Documents/pubsub_ws/install/pubsebmsg', 'merge_install': False, 'path': '/home/laura/Documents/pubsub_ws/src/pubsebmsg', 'symlink_install': False, 'test_result_base': None}
[0.216s] Level 5:colcon.colcon_core.verb:set package 'tutorial_interfaces' build argument 'cmake_args' from command line to 'None'
[0.216s] Level 5:colcon.colcon_core.verb:set package 'tutorial_interfaces' build argument 'cmake_target' from command line to 'None'
[0.216s] Level 5:colcon.colcon_core.verb:set package 'tutorial_interfaces' build argument 'cmake_target_skip_unavailable' from command line to 'False'
[0.216s] Level 5:colcon.colcon_core.verb:set package 'tutorial_interfaces' build argument 'cmake_clean_cache' from command line to 'False'
[0.216s] Level 5:colcon.colcon_core.verb:set package 'tutorial_interfaces' build argument 'cmake_clean_first' from command line to 'False'
[0.216s] Level 5:colcon.colcon_core.verb:set package 'tutorial_interfaces' build argument 'cmake_force_configure' from command line to 'False'
[0.216s] Level 5:colcon.colcon_core.verb:set package 'tutorial_interfaces' build argument 'ament_cmake_args' from command line to 'None'
[0.216s] Level 5:colcon.colcon_core.verb:set package 'tutorial_interfaces' build argument 'catkin_cmake_args' from command line to 'None'
[0.216s] Level 5:colcon.colcon_core.verb:set package 'tutorial_interfaces' build argument 'catkin_skip_building_tests' from command line to 'False'
[0.216s] DEBUG:colcon.colcon_core.verb:Building package 'tutorial_interfaces' with the following arguments: {'ament_cmake_args': None, 'build_base': '/home/laura/Documents/pubsub_ws/build/tutorial_interfaces', 'catkin_cmake_args': None, 'catkin_skip_building_tests': False, 'cmake_args': None, 'cmake_clean_cache': False, 'cmake_clean_first': False, 'cmake_force_configure': False, 'cmake_target': None, 'cmake_target_skip_unavailable': False, 'install_base': '/home/laura/Documents/pubsub_ws/install/tutorial_interfaces', 'merge_install': False, 'path': '/home/laura/Documents/pubsub_ws/src/tutorial_interfaces', 'symlink_install': False, 'test_result_base': None}
[0.216s] INFO:colcon.colcon_core.executor:Executing jobs using 'parallel' executor
[0.217s] DEBUG:colcon.colcon_parallel_executor.executor.parallel:run_until_complete
[0.217s] INFO:colcon.colcon_ros.task.ament_python.build:Building ROS package in '/home/laura/Documents/pubsub_ws/src/pubsebmsg' with build type 'ament_python'
[0.217s] Level 1:colcon.colcon_core.shell:create_environment_hook('pubsebmsg', 'ament_prefix_path')
[0.219s] INFO:colcon.colcon_core.plugin_system:Skipping extension 'colcon_core.shell.bat': Not used on non-Windows systems
[0.219s] INFO:colcon.colcon_core.shell:Creating environment hook '/home/laura/Documents/pubsub_ws/install/pubsebmsg/share/pubsebmsg/hook/ament_prefix_path.ps1'
[0.219s] INFO:colcon.colcon_core.shell:Creating environment descriptor '/home/laura/Documents/pubsub_ws/install/pubsebmsg/share/pubsebmsg/hook/ament_prefix_path.dsv'
[0.220s] INFO:colcon.colcon_core.shell:Creating environment hook '/home/laura/Documents/pubsub_ws/install/pubsebmsg/share/pubsebmsg/hook/ament_prefix_path.sh'
[0.220s] INFO:colcon.colcon_core.shell:Skip shell extension 'powershell' for command environment: Not usable outside of PowerShell
[0.220s] DEBUG:colcon.colcon_core.shell:Skip shell extension 'dsv' for command environment
[0.222s] INFO:colcon.colcon_ros.task.ament_cmake.build:Building ROS package in '/home/laura/Documents/pubsub_ws/src/tutorial_interfaces' with build type 'ament_cmake'
[0.222s] INFO:colcon.colcon_cmake.task.cmake.build:Building CMake package in '/home/laura/Documents/pubsub_ws/src/tutorial_interfaces'
[0.222s] INFO:colcon.colcon_core.shell:Skip shell extension 'powershell' for command environment: Not usable outside of PowerShell
[0.223s] DEBUG:colcon.colcon_core.shell:Skip shell extension 'dsv' for command environment
[0.376s] INFO:colcon.colcon_core.task.python.build:Building Python package in '/home/laura/Documents/pubsub_ws/src/pubsebmsg'
[0.376s] INFO:colcon.colcon_core.shell:Skip shell extension 'powershell' for command environment: Not usable outside of PowerShell
[0.376s] DEBUG:colcon.colcon_core.shell:Skip shell extension 'dsv' for command environment
[0.388s] DEBUG:colcon.colcon_core.event_handler.log_command:Invoking command in '/home/laura/Documents/pubsub_ws/build/tutorial_interfaces': CMAKE_PREFIX_PATH=${CMAKE_PREFIX_PATH}:/home/laura/Documents/pubsub_ws/install/pubsebmsg:/home/laura/Documents/pubsub_ws/install/pubseb:/opt/ros/humble /usr/bin/cmake --build /home/laura/Documents/pubsub_ws/build/tutorial_interfaces -- -j8 -l8
[0.640s] DEBUG:colcon.colcon_core.event_handler.log_command:Invoked command in '/home/laura/Documents/pubsub_ws/build/tutorial_interfaces' returned '0': CMAKE_PREFIX_PATH=${CMAKE_PREFIX_PATH}:/home/laura/Documents/pubsub_ws/install/pubsebmsg:/home/laura/Documents/pubsub_ws/install/pubseb:/opt/ros/humble /usr/bin/cmake --build /home/laura/Documents/pubsub_ws/build/tutorial_interfaces -- -j8 -l8
[0.649s] DEBUG:colcon.colcon_core.event_handler.log_command:Invoking command in '/home/laura/Documents/pubsub_ws/build/tutorial_interfaces': CMAKE_PREFIX_PATH=${CMAKE_PREFIX_PATH}:/home/laura/Documents/pubsub_ws/install/pubsebmsg:/home/laura/Documents/pubsub_ws/install/pubseb:/opt/ros/humble /usr/bin/cmake --install /home/laura/Documents/pubsub_ws/build/tutorial_interfaces
[0.686s] DEBUG:colcon.colcon_core.event_handler.log_command:Invoking command in '/home/laura/Documents/pubsub_ws/src/pubsebmsg': PYTHONPATH=/home/laura/Documents/pubsub_ws/build/pubsebmsg/prefix_override:/usr/lib/python3/dist-packages/colcon_core/task/python/colcon_distutils_commands:/home/laura/Documents/pubsub_ws/install/pubsebmsg/lib/python3.10/site-packages:${PYTHONPATH} /usr/bin/python3 -W ignore:setup.py install is deprecated -W ignore:easy_install command is deprecated setup.py egg_info --egg-base ../../build/pubsebmsg build --build-base /home/laura/Documents/pubsub_ws/build/pubsebmsg/build install --record /home/laura/Documents/pubsub_ws/build/pubsebmsg/install.log --single-version-externally-managed install_data
[0.697s] Level 1:colcon.colcon_core.environment:create_environment_scripts_only(tutorial_interfaces)
[0.697s] DEBUG:colcon.colcon_core.event_handler.log_command:Invoked command in '/home/laura/Documents/pubsub_ws/build/tutorial_interfaces' returned '0': CMAKE_PREFIX_PATH=${CMAKE_PREFIX_PATH}:/home/laura/Documents/pubsub_ws/install/pubsebmsg:/home/laura/Documents/pubsub_ws/install/pubseb:/opt/ros/humble /usr/bin/cmake --install /home/laura/Documents/pubsub_ws/build/tutorial_interfaces
[0.699s] Level 1:colcon.colcon_core.environment:checking '/home/laura/Documents/pubsub_ws/install/tutorial_interfaces' for CMake module files
[0.700s] Level 1:colcon.colcon_core.environment:checking '/home/laura/Documents/pubsub_ws/install/tutorial_interfaces' for CMake config files
[0.700s] Level 1:colcon.colcon_core.shell:create_environment_hook('tutorial_interfaces', 'cmake_prefix_path')
[0.701s] INFO:colcon.colcon_core.shell:Creating environment hook '/home/laura/Documents/pubsub_ws/install/tutorial_interfaces/share/tutorial_interfaces/hook/cmake_prefix_path.ps1'
[0.701s] INFO:colcon.colcon_core.shell:Creating environment descriptor '/home/laura/Documents/pubsub_ws/install/tutorial_interfaces/share/tutorial_interfaces/hook/cmake_prefix_path.dsv'
[0.702s] INFO:colcon.colcon_core.shell:Creating environment hook '/home/laura/Documents/pubsub_ws/install/tutorial_interfaces/share/tutorial_interfaces/hook/cmake_prefix_path.sh'
[0.702s] Level 1:colcon.colcon_core.environment:checking '/home/laura/Documents/pubsub_ws/install/tutorial_interfaces/lib'
[0.702s] Level 1:colcon.colcon_core.shell:create_environment_hook('tutorial_interfaces', 'ld_library_path_lib')
[0.702s] INFO:colcon.colcon_core.shell:Creating environment hook '/home/laura/Documents/pubsub_ws/install/tutorial_interfaces/share/tutorial_interfaces/hook/ld_library_path_lib.ps1'
[0.703s] INFO:colcon.colcon_core.shell:Creating environment descriptor '/home/laura/Documents/pubsub_ws/install/tutorial_interfaces/share/tutorial_interfaces/hook/ld_library_path_lib.dsv'
[0.703s] INFO:colcon.colcon_core.shell:Creating environment hook '/home/laura/Documents/pubsub_ws/install/tutorial_interfaces/share/tutorial_interfaces/hook/ld_library_path_lib.sh'
[0.703s] Level 1:colcon.colcon_core.environment:checking '/home/laura/Documents/pubsub_ws/install/tutorial_interfaces/bin'
[0.703s] Level 1:colcon.colcon_core.environment:checking '/home/laura/Documents/pubsub_ws/install/tutorial_interfaces/lib/pkgconfig/tutorial_interfaces.pc'
[0.703s] Level 1:colcon.colcon_core.environment:checking '/home/laura/Documents/pubsub_ws/install/tutorial_interfaces/lib/python3.10/site-packages'
[0.703s] Level 1:colcon.colcon_core.environment:checking '/home/laura/Documents/pubsub_ws/install/tutorial_interfaces/bin'
[0.704s] INFO:colcon.colcon_core.shell:Creating package script '/home/laura/Documents/pubsub_ws/install/tutorial_interfaces/share/tutorial_interfaces/package.ps1'
[0.705s] INFO:colcon.colcon_core.shell:Creating package descriptor '/home/laura/Documents/pubsub_ws/install/tutorial_interfaces/share/tutorial_interfaces/package.dsv'
[0.705s] INFO:colcon.colcon_core.shell:Creating package script '/home/laura/Documents/pubsub_ws/install/tutorial_interfaces/share/tutorial_interfaces/package.sh'
[0.706s] INFO:colcon.colcon_core.shell:Creating package script '/home/laura/Documents/pubsub_ws/install/tutorial_interfaces/share/tutorial_interfaces/package.bash'
[0.706s] INFO:colcon.colcon_core.shell:Creating package script '/home/laura/Documents/pubsub_ws/install/tutorial_interfaces/share/tutorial_interfaces/package.zsh'
[0.707s] Level 1:colcon.colcon_core.environment:create_file_with_runtime_dependencies(/home/laura/Documents/pubsub_ws/install/tutorial_interfaces/share/colcon-core/packages/tutorial_interfaces)
[0.708s] Level 1:colcon.colcon_core.environment:create_environment_scripts_only(tutorial_interfaces)
[0.708s] Level 1:colcon.colcon_core.environment:checking '/home/laura/Documents/pubsub_ws/install/tutorial_interfaces' for CMake module files
[0.708s] Level 1:colcon.colcon_core.environment:checking '/home/laura/Documents/pubsub_ws/install/tutorial_interfaces' for CMake config files
[0.709s] Level 1:colcon.colcon_core.shell:create_environment_hook('tutorial_interfaces', 'cmake_prefix_path')
[0.709s] INFO:colcon.colcon_core.shell:Creating environment hook '/home/laura/Documents/pubsub_ws/install/tutorial_interfaces/share/tutorial_interfaces/hook/cmake_prefix_path.ps1'
[0.709s] INFO:colcon.colcon_core.shell:Creating environment descriptor '/home/laura/Documents/pubsub_ws/install/tutorial_interfaces/share/tutorial_interfaces/hook/cmake_prefix_path.dsv'
[0.709s] INFO:colcon.colcon_core.shell:Creating environment hook '/home/laura/Documents/pubsub_ws/install/tutorial_interfaces/share/tutorial_interfaces/hook/cmake_prefix_path.sh'
[0.710s] Level 1:colcon.colcon_core.environment:checking '/home/laura/Documents/pubsub_ws/install/tutorial_interfaces/lib'
[0.710s] Level 1:colcon.colcon_core.shell:create_environment_hook('tutorial_interfaces', 'ld_library_path_lib')
[0.710s] INFO:colcon.colcon_core.shell:Creating environment hook '/home/laura/Documents/pubsub_ws/install/tutorial_interfaces/share/tutorial_interfaces/hook/ld_library_path_lib.ps1'
[0.710s] INFO:colcon.colcon_core.shell:Creating environment descriptor '/home/laura/Documents/pubsub_ws/install/tutorial_interfaces/share/tutorial_interfaces/hook/ld_library_path_lib.dsv'
[0.711s] INFO:colcon.colcon_core.shell:Creating environment hook '/home/laura/Documents/pubsub_ws/install/tutorial_interfaces/share/tutorial_interfaces/hook/ld_library_path_lib.sh'
[0.711s] Level 1:colcon.colcon_core.environment:checking '/home/laura/Documents/pubsub_ws/install/tutorial_interfaces/bin'
[0.711s] Level 1:colcon.colcon_core.environment:checking '/home/laura/Documents/pubsub_ws/install/tutorial_interfaces/lib/pkgconfig/tutorial_interfaces.pc'
[0.711s] Level 1:colcon.colcon_core.environment:checking '/home/laura/Documents/pubsub_ws/install/tutorial_interfaces/lib/python3.10/site-packages'
[0.712s] Level 1:colcon.colcon_core.environment:checking '/home/laura/Documents/pubsub_ws/install/tutorial_interfaces/bin'
[0.712s] INFO:colcon.colcon_core.shell:Creating package script '/home/laura/Documents/pubsub_ws/install/tutorial_interfaces/share/tutorial_interfaces/package.ps1'
[0.713s] INFO:colcon.colcon_core.shell:Creating package descriptor '/home/laura/Documents/pubsub_ws/install/tutorial_interfaces/share/tutorial_interfaces/package.dsv'
[0.714s] INFO:colcon.colcon_core.shell:Creating package script '/home/laura/Documents/pubsub_ws/install/tutorial_interfaces/share/tutorial_interfaces/package.sh'
[0.715s] INFO:colcon.colcon_core.shell:Creating package script '/home/laura/Documents/pubsub_ws/install/tutorial_interfaces/share/tutorial_interfaces/package.bash'
[0.715s] INFO:colcon.colcon_core.shell:Creating package script '/home/laura/Documents/pubsub_ws/install/tutorial_interfaces/share/tutorial_interfaces/package.zsh'
[0.716s] Level 1:colcon.colcon_core.environment:create_file_with_runtime_dependencies(/home/laura/Documents/pubsub_ws/install/tutorial_interfaces/share/colcon-core/packages/tutorial_interfaces)
[0.899s] Level 1:colcon.colcon_core.environment:checking '/home/laura/Documents/pubsub_ws/install/pubsebmsg' for CMake module files
[0.899s] DEBUG:colcon.colcon_core.event_handler.log_command:Invoked command in '/home/laura/Documents/pubsub_ws/src/pubsebmsg' returned '0': PYTHONPATH=/home/laura/Documents/pubsub_ws/build/pubsebmsg/prefix_override:/usr/lib/python3/dist-packages/colcon_core/task/python/colcon_distutils_commands:/home/laura/Documents/pubsub_ws/install/pubsebmsg/lib/python3.10/site-packages:${PYTHONPATH} /usr/bin/python3 -W ignore:setup.py install is deprecated -W ignore:easy_install command is deprecated setup.py egg_info --egg-base ../../build/pubsebmsg build --build-base /home/laura/Documents/pubsub_ws/build/pubsebmsg/build install --record /home/laura/Documents/pubsub_ws/build/pubsebmsg/install.log --single-version-externally-managed install_data
[0.899s] Level 1:colcon.colcon_core.environment:checking '/home/laura/Documents/pubsub_ws/install/pubsebmsg' for CMake config files
[0.900s] Level 1:colcon.colcon_core.environment:checking '/home/laura/Documents/pubsub_ws/install/pubsebmsg/lib'
[0.900s] Level 1:colcon.colcon_core.environment:checking '/home/laura/Documents/pubsub_ws/install/pubsebmsg/bin'
[0.900s] Level 1:colcon.colcon_core.environment:checking '/home/laura/Documents/pubsub_ws/install/pubsebmsg/lib/pkgconfig/pubsebmsg.pc'
[0.900s] Level 1:colcon.colcon_core.environment:checking '/home/laura/Documents/pubsub_ws/install/pubsebmsg/lib/python3.10/site-packages'
[0.900s] Level 1:colcon.colcon_core.shell:create_environment_hook('pubsebmsg', 'pythonpath')
[0.900s] INFO:colcon.colcon_core.shell:Creating environment hook '/home/laura/Documents/pubsub_ws/install/pubsebmsg/share/pubsebmsg/hook/pythonpath.ps1'
[0.901s] INFO:colcon.colcon_core.shell:Creating environment descriptor '/home/laura/Documents/pubsub_ws/install/pubsebmsg/share/pubsebmsg/hook/pythonpath.dsv'
[0.901s] INFO:colcon.colcon_core.shell:Creating environment hook '/home/laura/Documents/pubsub_ws/install/pubsebmsg/share/pubsebmsg/hook/pythonpath.sh'
[0.901s] Level 1:colcon.colcon_core.environment:checking '/home/laura/Documents/pubsub_ws/install/pubsebmsg/bin'
[0.901s] Level 1:colcon.colcon_core.environment:create_environment_scripts_only(pubsebmsg)
[0.901s] INFO:colcon.colcon_core.shell:Creating package script '/home/laura/Documents/pubsub_ws/install/pubsebmsg/share/pubsebmsg/package.ps1'
[0.902s] INFO:colcon.colcon_core.shell:Creating package descriptor '/home/laura/Documents/pubsub_ws/install/pubsebmsg/share/pubsebmsg/package.dsv'
[0.902s] INFO:colcon.colcon_core.shell:Creating package script '/home/laura/Documents/pubsub_ws/install/pubsebmsg/share/pubsebmsg/package.sh'
[0.902s] INFO:colcon.colcon_core.shell:Creating package script '/home/laura/Documents/pubsub_ws/install/pubsebmsg/share/pubsebmsg/package.bash'
[0.902s] INFO:colcon.colcon_core.shell:Creating package script '/home/laura/Documents/pubsub_ws/install/pubsebmsg/share/pubsebmsg/package.zsh'
[0.903s] Level 1:colcon.colcon_core.environment:create_file_with_runtime_dependencies(/home/laura/Documents/pubsub_ws/install/pubsebmsg/share/colcon-core/packages/pubsebmsg)
[0.903s] DEBUG:colcon.colcon_parallel_executor.executor.parallel:closing loop
[0.903s] DEBUG:colcon.colcon_parallel_executor.executor.parallel:loop closed
[0.903s] DEBUG:colcon.colcon_parallel_executor.executor.parallel:run_until_complete finished with '0'
[0.903s] DEBUG:colcon.colcon_core.event_reactor:joining thread
[0.906s] INFO:colcon.colcon_core.plugin_system:Skipping extension 'colcon_notification.desktop_notification.terminal_notifier': Not used on non-Darwin systems
[0.906s] INFO:colcon.colcon_core.plugin_system:Skipping extension 'colcon_notification.desktop_notification.win32': Not used on non-Windows systems
[0.906s] INFO:colcon.colcon_notification.desktop_notification:Sending desktop notification using 'notify2'
[0.913s] DEBUG:colcon.colcon_core.event_reactor:joined thread
[0.914s] INFO:colcon.colcon_core.shell:Creating prefix script '/home/laura/Documents/pubsub_ws/install/local_setup.ps1'
[0.915s] INFO:colcon.colcon_core.shell:Creating prefix util module '/home/laura/Documents/pubsub_ws/install/_local_setup_util_ps1.py'
[0.917s] INFO:colcon.colcon_core.shell:Creating prefix chain script '/home/laura/Documents/pubsub_ws/install/setup.ps1'
[0.918s] INFO:colcon.colcon_core.shell:Creating prefix script '/home/laura/Documents/pubsub_ws/install/local_setup.sh'
[0.918s] INFO:colcon.colcon_core.shell:Creating prefix util module '/home/laura/Documents/pubsub_ws/install/_local_setup_util_sh.py'
[0.919s] INFO:colcon.colcon_core.shell:Creating prefix chain script '/home/laura/Documents/pubsub_ws/install/setup.sh'
[0.920s] INFO:colcon.colcon_core.shell:Creating prefix script '/home/laura/Documents/pubsub_ws/install/local_setup.bash'
[0.921s] INFO:colcon.colcon_core.shell:Creating prefix chain script '/home/laura/Documents/pubsub_ws/install/setup.bash'
[0.922s] INFO:colcon.colcon_core.shell:Creating prefix script '/home/laura/Documents/pubsub_ws/install/local_setup.zsh'
[0.922s] INFO:colcon.colcon_core.shell:Creating prefix chain script '/home/laura/Documents/pubsub_ws/install/setup.zsh'
