[0.010s] Invoking command in '/home/camila/robot1_ws/build/robot_description': CMAKE_PREFIX_PATH=${CMAKE_PREFIX_PATH}:/home/camila/robot1_ws/install/visual_pubsub:/home/camila/robot_ws/install/visual_pubsub:/home/camila/robot_ws/install/cliente_servidor:/opt/ros/humble /usr/bin/cmake /home/camila/robot1_ws/src/robot_description -DCMAKE_INSTALL_PREFIX=/home/camila/robot1_ws/install/robot_description
[0.042s] -- The C compiler identification is GNU 11.4.0
[0.072s] -- The CXX compiler identification is GNU 11.4.0
[0.076s] -- Detecting C compiler ABI info
[0.120s] -- Detecting C compiler ABI info - done
[0.125s] -- Check for working C compiler: /usr/bin/cc - skipped
[0.125s] -- Detecting C compile features
[0.125s] -- Detecting C compile features - done
[0.127s] -- Detecting CXX compiler ABI info
[0.178s] -- Detecting CXX compiler ABI info - done
[0.182s] -- Check for working CXX compiler: /usr/bin/c++ - skipped
[0.182s] -- Detecting CXX compile features
[0.183s] -- Detecting CXX compile features - done
[0.184s] -- Found ament_cmake: 1.3.12 (/opt/ros/humble/share/ament_cmake/cmake)
[0.273s] -- Found Python3: /usr/bin/python3 (found version "3.10.12") found components: Interpreter 
[0.327s] -- Found ament_lint_auto: 0.12.14 (/opt/ros/humble/share/ament_lint_auto/cmake)
[0.375s] -- Added test 'flake8' to check Python code syntax and style conventions
[0.375s] -- Added test 'lint_cmake' to check CMake code style
[0.375s] -- Added test 'pep257' to check Python code against some of the docstring style conventions in PEP 257
[0.377s] -- Added test 'xmllint' to check XML markup files
[0.377s] -- Configuring done
[0.378s] -- Generating done
[0.379s] -- Build files have been written to: /home/camila/robot1_ws/build/robot_description
[0.381s] Invoked command in '/home/camila/robot1_ws/build/robot_description' returned '0': CMAKE_PREFIX_PATH=${CMAKE_PREFIX_PATH}:/home/camila/robot1_ws/install/visual_pubsub:/home/camila/robot_ws/install/visual_pubsub:/home/camila/robot_ws/install/cliente_servidor:/opt/ros/humble /usr/bin/cmake /home/camila/robot1_ws/src/robot_description -DCMAKE_INSTALL_PREFIX=/home/camila/robot1_ws/install/robot_description
[0.383s] Invoking command in '/home/camila/robot1_ws/build/robot_description': CMAKE_PREFIX_PATH=${CMAKE_PREFIX_PATH}:/home/camila/robot1_ws/install/visual_pubsub:/home/camila/robot_ws/install/visual_pubsub:/home/camila/robot_ws/install/cliente_servidor:/opt/ros/humble /usr/bin/cmake --build /home/camila/robot1_ws/build/robot_description -- -j24 -l24
[0.405s] Invoked command in '/home/camila/robot1_ws/build/robot_description' returned '0': CMAKE_PREFIX_PATH=${CMAKE_PREFIX_PATH}:/home/camila/robot1_ws/install/visual_pubsub:/home/camila/robot_ws/install/visual_pubsub:/home/camila/robot_ws/install/cliente_servidor:/opt/ros/humble /usr/bin/cmake --build /home/camila/robot1_ws/build/robot_description -- -j24 -l24
[0.410s] Invoking command in '/home/camila/robot1_ws/build/robot_description': CMAKE_PREFIX_PATH=${CMAKE_PREFIX_PATH}:/home/camila/robot1_ws/install/visual_pubsub:/home/camila/robot_ws/install/visual_pubsub:/home/camila/robot_ws/install/cliente_servidor:/opt/ros/humble /usr/bin/cmake --install /home/camila/robot1_ws/build/robot_description
[0.414s] -- Install configuration: ""
[0.415s] -- Installing: /home/camila/robot1_ws/install/robot_description/share/robot_description/launch
[0.415s] -- Installing: /home/camila/robot1_ws/install/robot_description/share/robot_description/launch/view_robot.launch.py
[0.415s] -- Installing: /home/camila/robot1_ws/install/robot_description/share/robot_description/urdf
[0.415s] -- Installing: /home/camila/robot1_ws/install/robot_description/share/robot_description/urdf/pantilt.urdf
[0.415s] -- Installing: /home/camila/robot1_ws/install/robot_description/share/robot_description/urdf/multipleshapes.gv
[0.415s] -- Installing: /home/camila/robot1_ws/install/robot_description/share/robot_description/urdf/diff_wheeled_robot.urdf
[0.415s] -- Installing: /home/camila/robot1_ws/install/robot_description/share/robot_description/urdf/panda.urdf
[0.415s] -- Installing: /home/camila/robot1_ws/install/robot_description/share/robot_description/urdf/cobot_arm.urdf
[0.415s] -- Installing: /home/camila/robot1_ws/install/robot_description/share/robot_description/urdf/cartesiano.urdf
[0.415s] -- Installing: /home/camila/robot1_ws/install/robot_description/share/robot_description/urdf/practica1.urdf
[0.415s] -- Installing: /home/camila/robot1_ws/install/robot_description/share/robot_description/urdf/clases_test.urdf
[0.415s] -- Installing: /home/camila/robot1_ws/install/robot_description/share/robot_description/urdf/myfirst_robot.urdf
[0.415s] -- Installing: /home/camila/robot1_ws/install/robot_description/share/robot_description/urdf/wally1.urdf
[0.415s] -- Installing: /home/camila/robot1_ws/install/robot_description/share/robot_description/urdf/guillecar.urdf
[0.415s] -- Installing: /home/camila/robot1_ws/install/robot_description/share/robot_description/urdf/multipleshapes.pdf
[0.415s] -- Installing: /home/camila/robot1_ws/install/robot_description/share/robot_description/urdf/indice.urdf
[0.415s] -- Installing: /home/camila/robot1_ws/install/robot_description/share/robot_description/urdf/practica11.urdf
[0.415s] -- Installing: /home/camila/robot1_ws/install/robot_description/share/robot_description/rviz
[0.415s] -- Installing: /home/camila/robot1_ws/install/robot_description/share/robot_description/rviz/urdf.rviz
[0.415s] -- Installing: /home/camila/robot1_ws/install/robot_description/share/robot_description/meshes
[0.415s] -- Installing: /home/camila/robot1_ws/install/robot_description/share/robot_description/meshes/visual
[0.415s] -- Installing: /home/camila/robot1_ws/install/robot_description/share/robot_description/meshes/visual/link3.dae
[0.415s] -- Installing: /home/camila/robot1_ws/install/robot_description/share/robot_description/meshes/visual/link4.dae
[0.416s] -- Installing: /home/camila/robot1_ws/install/robot_description/share/robot_description/meshes/visual/link2.dae
[0.416s] -- Installing: /home/camila/robot1_ws/install/robot_description/share/robot_description/meshes/visual/link7.dae
[0.417s] -- Installing: /home/camila/robot1_ws/install/robot_description/share/robot_description/meshes/visual/link1.dae
[0.417s] -- Installing: /home/camila/robot1_ws/install/robot_description/share/robot_description/meshes/visual/hand.dae
[0.418s] -- Installing: /home/camila/robot1_ws/install/robot_description/share/robot_description/meshes/visual/link5.dae
[0.418s] -- Installing: /home/camila/robot1_ws/install/robot_description/share/robot_description/meshes/visual/finger.dae
[0.418s] -- Installing: /home/camila/robot1_ws/install/robot_description/share/robot_description/meshes/visual/link6.dae
[0.419s] -- Installing: /home/camila/robot1_ws/install/robot_description/share/robot_description/meshes/visual/link0.dae
[0.420s] -- Installing: /home/camila/robot1_ws/install/robot_description/share/robot_description/meshes/collision
[0.420s] -- Installing: /home/camila/robot1_ws/install/robot_description/share/robot_description/meshes/collision/link3.obj
[0.420s] -- Installing: /home/camila/robot1_ws/install/robot_description/share/robot_description/meshes/collision/link2.obj
[0.420s] -- Installing: /home/camila/robot1_ws/install/robot_description/share/robot_description/meshes/collision/link6.obj
[0.422s] -- Installing: /home/camila/robot1_ws/install/robot_description/share/robot_description/meshes/collision/link0.obj
[0.423s] -- Installing: /home/camila/robot1_ws/install/robot_description/share/robot_description/meshes/collision/link5.obj
[0.423s] -- Installing: /home/camila/robot1_ws/install/robot_description/share/robot_description/meshes/collision/finger.obj
[0.423s] -- Installing: /home/camila/robot1_ws/install/robot_description/share/robot_description/meshes/collision/link7.obj
[0.423s] -- Installing: /home/camila/robot1_ws/install/robot_description/share/robot_description/meshes/collision/hand.obj
[0.423s] -- Installing: /home/camila/robot1_ws/install/robot_description/share/robot_description/meshes/collision/link4.obj
[0.423s] -- Installing: /home/camila/robot1_ws/install/robot_description/share/robot_description/meshes/collision/link1.obj
[0.423s] -- Installing: /home/camila/robot1_ws/install/robot_description/share/ament_index/resource_index/package_run_dependencies/robot_description
[0.423s] -- Installing: /home/camila/robot1_ws/install/robot_description/share/ament_index/resource_index/parent_prefix_path/robot_description
[0.423s] -- Installing: /home/camila/robot1_ws/install/robot_description/share/robot_description/environment/ament_prefix_path.sh
[0.423s] -- Installing: /home/camila/robot1_ws/install/robot_description/share/robot_description/environment/ament_prefix_path.dsv
[0.423s] -- Installing: /home/camila/robot1_ws/install/robot_description/share/robot_description/environment/path.sh
[0.423s] -- Installing: /home/camila/robot1_ws/install/robot_description/share/robot_description/environment/path.dsv
[0.423s] -- Installing: /home/camila/robot1_ws/install/robot_description/share/robot_description/local_setup.bash
[0.423s] -- Installing: /home/camila/robot1_ws/install/robot_description/share/robot_description/local_setup.sh
[0.424s] -- Installing: /home/camila/robot1_ws/install/robot_description/share/robot_description/local_setup.zsh
[0.424s] -- Installing: /home/camila/robot1_ws/install/robot_description/share/robot_description/local_setup.dsv
[0.424s] -- Installing: /home/camila/robot1_ws/install/robot_description/share/robot_description/package.dsv
[0.424s] -- Installing: /home/camila/robot1_ws/install/robot_description/share/ament_index/resource_index/packages/robot_description
[0.424s] -- Installing: /home/camila/robot1_ws/install/robot_description/share/robot_description/cmake/robot_descriptionConfig.cmake
[0.424s] -- Installing: /home/camila/robot1_ws/install/robot_description/share/robot_description/cmake/robot_descriptionConfig-version.cmake
[0.424s] -- Installing: /home/camila/robot1_ws/install/robot_description/share/robot_description/package.xml
[0.424s] Invoked command in '/home/camila/robot1_ws/build/robot_description' returned '0': CMAKE_PREFIX_PATH=${CMAKE_PREFIX_PATH}:/home/camila/robot1_ws/install/visual_pubsub:/home/camila/robot_ws/install/visual_pubsub:/home/camila/robot_ws/install/cliente_servidor:/opt/ros/humble /usr/bin/cmake --install /home/camila/robot1_ws/build/robot_description
