[  1%] [34m[1mGenerating C code for ROS interfaces[0m
[  3%] [34m[1mGenerating C++ code for ROS interfaces[0m
[  3%] Built target ament_cmake_python_copy_custom_interface
running egg_info
creating custom_interface.egg-info
writing custom_interface.egg-info/PKG-INFO
writing dependency_links to custom_interface.egg-info/dependency_links.txt
writing top-level names to custom_interface.egg-info/top_level.txt
writing manifest file 'custom_interface.egg-info/SOURCES.txt'
reading manifest file 'custom_interface.egg-info/SOURCES.txt'
writing manifest file 'custom_interface.egg-info/SOURCES.txt'
[  3%] Built target ament_cmake_python_build_custom_interface_egg
[  3%] Built target custom_interface__cpp
[  5%] [34m[1mGenerating C++ type support dispatch for ROS interfaces[0m
[  7%] [34m[1mGenerating C++ type support for eProsima Fast-RTPS[0m
[  9%] [34m[1mGenerating C++ introspection for ROS interfaces[0m
[ 10%] [32mBuilding C object CMakeFiles/custom_interface__rosidl_generator_c.dir/rosidl_generator_c/custom_interface/srv/detail/get_position__functions.c.o[0m
[ 16%] [32mBuilding C object CMakeFiles/custom_interface__rosidl_generator_c.dir/rosidl_generator_c/custom_interface/srv/detail/add_three_ints__functions.c.o[0m
[ 16%] [32mBuilding C object CMakeFiles/custom_interface__rosidl_generator_c.dir/rosidl_generator_c/custom_interface/msg/detail/num__functions.c.o[0m
[ 16%] [32mBuilding C object CMakeFiles/custom_interface__rosidl_generator_c.dir/rosidl_generator_c/custom_interface/msg/detail/sphere__functions.c.o[0m
[ 18%] [32m[1mLinking C shared library libcustom_interface__rosidl_generator_c.so[0m
[ 18%] Built target custom_interface__rosidl_generator_c
[ 20%] [34m[1mGenerating C type support for eProsima Fast-RTPS[0m
[ 21%] [34m[1mGenerating C introspection for ROS interfaces[0m
[ 23%] [34m[1mGenerating C type support dispatch for ROS interfaces[0m
[ 27%] [32mBuilding CXX object CMakeFiles/custom_interface__rosidl_typesupport_cpp.dir/rosidl_typesupport_cpp/custom_interface/msg/sphere__type_support.cpp.o[0m
[ 27%] [32mBuilding CXX object CMakeFiles/custom_interface__rosidl_typesupport_cpp.dir/rosidl_typesupport_cpp/custom_interface/srv/add_three_ints__type_support.cpp.o[0m
[ 29%] [32mBuilding CXX object CMakeFiles/custom_interface__rosidl_typesupport_cpp.dir/rosidl_typesupport_cpp/custom_interface/msg/num__type_support.cpp.o[0m
[ 30%] [32mBuilding CXX object CMakeFiles/custom_interface__rosidl_typesupport_introspection_cpp.dir/rosidl_typesupport_introspection_cpp/custom_interface/msg/detail/num__type_support.cpp.o[0m
[ 32%] [32mBuilding CXX object CMakeFiles/custom_interface__rosidl_typesupport_introspection_cpp.dir/rosidl_typesupport_introspection_cpp/custom_interface/msg/detail/sphere__type_support.cpp.o[0m
[ 34%] [32mBuilding CXX object CMakeFiles/custom_interface__rosidl_typesupport_fastrtps_cpp.dir/rosidl_typesupport_fastrtps_cpp/custom_interface/msg/detail/dds_fastrtps/num__type_support.cpp.o[0m
[ 36%] [32mBuilding CXX object CMakeFiles/custom_interface__rosidl_typesupport_cpp.dir/rosidl_typesupport_cpp/custom_interface/srv/get_position__type_support.cpp.o[0m
[ 38%] [32mBuilding CXX object CMakeFiles/custom_interface__rosidl_typesupport_introspection_cpp.dir/rosidl_typesupport_introspection_cpp/custom_interface/srv/detail/add_three_ints__type_support.cpp.o[0m
[ 40%] [32mBuilding CXX object CMakeFiles/custom_interface__rosidl_typesupport_c.dir/rosidl_typesupport_c/custom_interface/msg/num__type_support.cpp.o[0m
[ 41%] [32mBuilding CXX object CMakeFiles/custom_interface__rosidl_typesupport_c.dir/rosidl_typesupport_c/custom_interface/msg/sphere__type_support.cpp.o[0m
[ 43%] [32mBuilding CXX object CMakeFiles/custom_interface__rosidl_typesupport_c.dir/rosidl_typesupport_c/custom_interface/srv/add_three_ints__type_support.cpp.o[0m
[ 45%] [32mBuilding CXX object CMakeFiles/custom_interface__rosidl_typesupport_c.dir/rosidl_typesupport_c/custom_interface/srv/get_position__type_support.cpp.o[0m
[ 47%] [32m[1mLinking CXX shared library libcustom_interface__rosidl_typesupport_c.so[0m
[ 49%] [32mBuilding CXX object CMakeFiles/custom_interface__rosidl_typesupport_fastrtps_c.dir/rosidl_typesupport_fastrtps_c/custom_interface/msg/detail/num__type_support_c.cpp.o[0m
[ 50%] [32mBuilding C object CMakeFiles/custom_interface__rosidl_typesupport_introspection_c.dir/rosidl_typesupport_introspection_c/custom_interface/msg/detail/num__type_support.c.o[0m
[ 50%] Built target custom_interface__rosidl_typesupport_c
[ 52%] [32mBuilding C object CMakeFiles/custom_interface__rosidl_typesupport_introspection_c.dir/rosidl_typesupport_introspection_c/custom_interface/msg/detail/sphere__type_support.c.o[0m
[ 54%] [32mBuilding CXX object CMakeFiles/custom_interface__rosidl_typesupport_introspection_cpp.dir/rosidl_typesupport_introspection_cpp/custom_interface/srv/detail/get_position__type_support.cpp.o[0m
[ 56%] [32mBuilding CXX object CMakeFiles/custom_interface__rosidl_typesupport_fastrtps_cpp.dir/rosidl_typesupport_fastrtps_cpp/custom_interface/msg/detail/dds_fastrtps/sphere__type_support.cpp.o[0m
[ 58%] [32mBuilding C object CMakeFiles/custom_interface__rosidl_typesupport_introspection_c.dir/rosidl_typesupport_introspection_c/custom_interface/srv/detail/add_three_ints__type_support.c.o[0m
[ 60%] [32m[1mLinking CXX shared library libcustom_interface__rosidl_typesupport_cpp.so[0m
[ 61%] [32mBuilding C object CMakeFiles/custom_interface__rosidl_typesupport_introspection_c.dir/rosidl_typesupport_introspection_c/custom_interface/srv/detail/get_position__type_support.c.o[0m
[ 61%] Built target custom_interface__rosidl_typesupport_cpp
[ 63%] [32mBuilding CXX object CMakeFiles/custom_interface__rosidl_typesupport_fastrtps_c.dir/rosidl_typesupport_fastrtps_c/custom_interface/msg/detail/sphere__type_support_c.cpp.o[0m
[ 65%] [32m[1mLinking C shared library libcustom_interface__rosidl_typesupport_introspection_c.so[0m
[ 67%] [32mBuilding CXX object CMakeFiles/custom_interface__rosidl_typesupport_fastrtps_cpp.dir/rosidl_typesupport_fastrtps_cpp/custom_interface/srv/detail/dds_fastrtps/add_three_ints__type_support.cpp.o[0m
[ 69%] [32mBuilding CXX object CMakeFiles/custom_interface__rosidl_typesupport_fastrtps_cpp.dir/rosidl_typesupport_fastrtps_cpp/custom_interface/srv/detail/dds_fastrtps/get_position__type_support.cpp.o[0m
[ 70%] [32mBuilding CXX object CMakeFiles/custom_interface__rosidl_typesupport_fastrtps_c.dir/rosidl_typesupport_fastrtps_c/custom_interface/srv/detail/add_three_ints__type_support_c.cpp.o[0m
[ 70%] Built target custom_interface__rosidl_typesupport_introspection_c
[ 72%] [32mBuilding CXX object CMakeFiles/custom_interface__rosidl_typesupport_fastrtps_c.dir/rosidl_typesupport_fastrtps_c/custom_interface/srv/detail/get_position__type_support_c.cpp.o[0m
[ 74%] [32m[1mLinking CXX shared library libcustom_interface__rosidl_typesupport_introspection_cpp.so[0m
[ 74%] Built target custom_interface__rosidl_typesupport_introspection_cpp
[ 76%] [32m[1mLinking CXX shared library libcustom_interface__rosidl_typesupport_fastrtps_cpp.so[0m
[ 78%] [32m[1mLinking CXX shared library libcustom_interface__rosidl_typesupport_fastrtps_c.so[0m
[ 78%] Built target custom_interface__rosidl_typesupport_fastrtps_cpp
[ 78%] Built target custom_interface__rosidl_typesupport_fastrtps_c
[ 78%] Built target custom_interface
[ 80%] [34m[1mGenerating Python code for ROS interfaces[0m
[ 80%] Built target custom_interface__py
[ 85%] [32mBuilding C object CMakeFiles/custom_interface__rosidl_generator_py.dir/rosidl_generator_py/custom_interface/srv/_add_three_ints_s.c.o[0m
[ 85%] [32mBuilding C object CMakeFiles/custom_interface__rosidl_generator_py.dir/rosidl_generator_py/custom_interface/msg/_sphere_s.c.o[0m
[ 87%] [32mBuilding C object CMakeFiles/custom_interface__rosidl_generator_py.dir/rosidl_generator_py/custom_interface/srv/_get_position_s.c.o[0m
[ 87%] [32mBuilding C object CMakeFiles/custom_interface__rosidl_generator_py.dir/rosidl_generator_py/custom_interface/msg/_num_s.c.o[0m
[ 89%] [32m[1mLinking C shared library rosidl_generator_py/custom_interface/libcustom_interface__rosidl_generator_py.so[0m
[ 89%] Built target custom_interface__rosidl_generator_py
[ 94%] [32mBuilding C object CMakeFiles/custom_interface__rosidl_typesupport_introspection_c__pyext.dir/rosidl_generator_py/custom_interface/_custom_interface_s.ep.rosidl_typesupport_introspection_c.c.o[0m
[ 94%] [32mBuilding C object CMakeFiles/custom_interface__rosidl_typesupport_fastrtps_c__pyext.dir/rosidl_generator_py/custom_interface/_custom_interface_s.ep.rosidl_typesupport_fastrtps_c.c.o[0m
[ 94%] [32mBuilding C object CMakeFiles/custom_interface__rosidl_typesupport_c__pyext.dir/rosidl_generator_py/custom_interface/_custom_interface_s.ep.rosidl_typesupport_c.c.o[0m
[ 98%] [32m[1mLinking C shared library rosidl_generator_py/custom_interface/custom_interface_s__rosidl_typesupport_introspection_c.cpython-310-x86_64-linux-gnu.so[0m
[ 98%] [32m[1mLinking C shared library rosidl_generator_py/custom_interface/custom_interface_s__rosidl_typesupport_c.cpython-310-x86_64-linux-gnu.so[0m
[100%] [32m[1mLinking C shared library rosidl_generator_py/custom_interface/custom_interface_s__rosidl_typesupport_fastrtps_c.cpython-310-x86_64-linux-gnu.so[0m
[100%] Built target custom_interface__rosidl_typesupport_c__pyext
[100%] Built target custom_interface__rosidl_typesupport_fastrtps_c__pyext
[100%] Built target custom_interface__rosidl_typesupport_introspection_c__pyext
