[0.016s] Invoking command in '/home/laura/Documents/robot1_ws/build/custom_interface': CMAKE_PREFIX_PATH=${CMAKE_PREFIX_PATH}:/opt/ros/humble /usr/bin/cmake --build /home/laura/Documents/robot1_ws/build/custom_interface -- -j8 -l8
[0.291s] [  1%] [34m[1mGenerating C code for ROS interfaces[0m
[0.291s] [  3%] [34m[1mGenerating C++ code for ROS interfaces[0m
[0.291s] [  3%] Built target ament_cmake_python_copy_custom_interface
[0.291s] running egg_info
[0.291s] creating custom_interface.egg-info
[0.292s] writing custom_interface.egg-info/PKG-INFO
[0.292s] writing dependency_links to custom_interface.egg-info/dependency_links.txt
[0.292s] writing top-level names to custom_interface.egg-info/top_level.txt
[0.292s] writing manifest file 'custom_interface.egg-info/SOURCES.txt'
[0.292s] reading manifest file 'custom_interface.egg-info/SOURCES.txt'
[0.292s] writing manifest file 'custom_interface.egg-info/SOURCES.txt'
[0.292s] [  3%] Built target ament_cmake_python_build_custom_interface_egg
[0.445s] [  3%] Built target custom_interface__cpp
[0.467s] [  5%] [34m[1mGenerating C++ type support dispatch for ROS interfaces[0m
[0.474s] [  7%] [34m[1mGenerating C++ type support for eProsima Fast-RTPS[0m
[0.479s] [  9%] [34m[1mGenerating C++ introspection for ROS interfaces[0m
[0.665s] [ 10%] [32mBuilding C object CMakeFiles/custom_interface__rosidl_generator_c.dir/rosidl_generator_c/custom_interface/srv/detail/get_position__functions.c.o[0m
[0.666s] [ 16%] [32mBuilding C object CMakeFiles/custom_interface__rosidl_generator_c.dir/rosidl_generator_c/custom_interface/srv/detail/add_three_ints__functions.c.o[0m
[0.666s] [ 16%] [32mBuilding C object CMakeFiles/custom_interface__rosidl_generator_c.dir/rosidl_generator_c/custom_interface/msg/detail/num__functions.c.o[0m
[0.666s] [ 16%] [32mBuilding C object CMakeFiles/custom_interface__rosidl_generator_c.dir/rosidl_generator_c/custom_interface/msg/detail/sphere__functions.c.o[0m
[0.729s] [ 18%] [32m[1mLinking C shared library libcustom_interface__rosidl_generator_c.so[0m
[0.758s] [ 18%] Built target custom_interface__rosidl_generator_c
[0.766s] [ 20%] [34m[1mGenerating C type support for eProsima Fast-RTPS[0m
[0.767s] [ 21%] [34m[1mGenerating C introspection for ROS interfaces[0m
[0.767s] [ 23%] [34m[1mGenerating C type support dispatch for ROS interfaces[0m
[0.826s] [ 27%] [32mBuilding CXX object CMakeFiles/custom_interface__rosidl_typesupport_cpp.dir/rosidl_typesupport_cpp/custom_interface/msg/sphere__type_support.cpp.o[0m
[0.827s] [ 27%] [32mBuilding CXX object CMakeFiles/custom_interface__rosidl_typesupport_cpp.dir/rosidl_typesupport_cpp/custom_interface/srv/add_three_ints__type_support.cpp.o[0m
[0.827s] [ 29%] [32mBuilding CXX object CMakeFiles/custom_interface__rosidl_typesupport_cpp.dir/rosidl_typesupport_cpp/custom_interface/msg/num__type_support.cpp.o[0m
[1.025s] [ 30%] [32mBuilding CXX object CMakeFiles/custom_interface__rosidl_typesupport_introspection_cpp.dir/rosidl_typesupport_introspection_cpp/custom_interface/msg/detail/num__type_support.cpp.o[0m
[1.152s] [ 32%] [32mBuilding CXX object CMakeFiles/custom_interface__rosidl_typesupport_introspection_cpp.dir/rosidl_typesupport_introspection_cpp/custom_interface/msg/detail/sphere__type_support.cpp.o[0m
[1.153s] [ 34%] [32mBuilding CXX object CMakeFiles/custom_interface__rosidl_typesupport_fastrtps_cpp.dir/rosidl_typesupport_fastrtps_cpp/custom_interface/msg/detail/dds_fastrtps/num__type_support.cpp.o[0m
[1.153s] [ 36%] [32mBuilding CXX object CMakeFiles/custom_interface__rosidl_typesupport_cpp.dir/rosidl_typesupport_cpp/custom_interface/srv/get_position__type_support.cpp.o[0m
[1.154s] [ 38%] [32mBuilding CXX object CMakeFiles/custom_interface__rosidl_typesupport_introspection_cpp.dir/rosidl_typesupport_introspection_cpp/custom_interface/srv/detail/add_three_ints__type_support.cpp.o[0m
[1.216s] [ 40%] [32mBuilding CXX object CMakeFiles/custom_interface__rosidl_typesupport_c.dir/rosidl_typesupport_c/custom_interface/msg/num__type_support.cpp.o[0m
[1.246s] [ 41%] [32mBuilding CXX object CMakeFiles/custom_interface__rosidl_typesupport_c.dir/rosidl_typesupport_c/custom_interface/msg/sphere__type_support.cpp.o[0m
[1.280s] [ 43%] [32mBuilding CXX object CMakeFiles/custom_interface__rosidl_typesupport_c.dir/rosidl_typesupport_c/custom_interface/srv/add_three_ints__type_support.cpp.o[0m
[1.320s] [ 45%] [32mBuilding CXX object CMakeFiles/custom_interface__rosidl_typesupport_c.dir/rosidl_typesupport_c/custom_interface/srv/get_position__type_support.cpp.o[0m
[1.358s] [ 47%] [32m[1mLinking CXX shared library libcustom_interface__rosidl_typesupport_c.so[0m
[1.373s] [ 49%] [32mBuilding CXX object CMakeFiles/custom_interface__rosidl_typesupport_fastrtps_c.dir/rosidl_typesupport_fastrtps_c/custom_interface/msg/detail/num__type_support_c.cpp.o[0m
[1.379s] [ 50%] [32mBuilding C object CMakeFiles/custom_interface__rosidl_typesupport_introspection_c.dir/rosidl_typesupport_introspection_c/custom_interface/msg/detail/num__type_support.c.o[0m
[1.410s] [ 50%] Built target custom_interface__rosidl_typesupport_c
[1.427s] [ 52%] [32mBuilding C object CMakeFiles/custom_interface__rosidl_typesupport_introspection_c.dir/rosidl_typesupport_introspection_c/custom_interface/msg/detail/sphere__type_support.c.o[0m
[1.429s] [ 54%] [32mBuilding CXX object CMakeFiles/custom_interface__rosidl_typesupport_introspection_cpp.dir/rosidl_typesupport_introspection_cpp/custom_interface/srv/detail/get_position__type_support.cpp.o[0m
[1.467s] [ 56%] [32mBuilding CXX object CMakeFiles/custom_interface__rosidl_typesupport_fastrtps_cpp.dir/rosidl_typesupport_fastrtps_cpp/custom_interface/msg/detail/dds_fastrtps/sphere__type_support.cpp.o[0m
[1.473s] [ 58%] [32mBuilding C object CMakeFiles/custom_interface__rosidl_typesupport_introspection_c.dir/rosidl_typesupport_introspection_c/custom_interface/srv/detail/add_three_ints__type_support.c.o[0m
[1.476s] [ 60%] [32m[1mLinking CXX shared library libcustom_interface__rosidl_typesupport_cpp.so[0m
[1.520s] [ 61%] [32mBuilding C object CMakeFiles/custom_interface__rosidl_typesupport_introspection_c.dir/rosidl_typesupport_introspection_c/custom_interface/srv/detail/get_position__type_support.c.o[0m
[1.535s] [ 61%] Built target custom_interface__rosidl_typesupport_cpp
[1.550s] [ 63%] [32mBuilding CXX object CMakeFiles/custom_interface__rosidl_typesupport_fastrtps_c.dir/rosidl_typesupport_fastrtps_c/custom_interface/msg/detail/sphere__type_support_c.cpp.o[0m
[1.578s] [ 65%] [32m[1mLinking C shared library libcustom_interface__rosidl_typesupport_introspection_c.so[0m
[1.599s] [ 67%] [32mBuilding CXX object CMakeFiles/custom_interface__rosidl_typesupport_fastrtps_cpp.dir/rosidl_typesupport_fastrtps_cpp/custom_interface/srv/detail/dds_fastrtps/add_three_ints__type_support.cpp.o[0m
[1.615s] [ 69%] [32mBuilding CXX object CMakeFiles/custom_interface__rosidl_typesupport_fastrtps_cpp.dir/rosidl_typesupport_fastrtps_cpp/custom_interface/srv/detail/dds_fastrtps/get_position__type_support.cpp.o[0m
[1.625s] [ 70%] [32mBuilding CXX object CMakeFiles/custom_interface__rosidl_typesupport_fastrtps_c.dir/rosidl_typesupport_fastrtps_c/custom_interface/srv/detail/add_three_ints__type_support_c.cpp.o[0m
[1.634s] [ 70%] Built target custom_interface__rosidl_typesupport_introspection_c
[1.644s] [ 72%] [32mBuilding CXX object CMakeFiles/custom_interface__rosidl_typesupport_fastrtps_c.dir/rosidl_typesupport_fastrtps_c/custom_interface/srv/detail/get_position__type_support_c.cpp.o[0m
[1.877s] [ 74%] [32m[1mLinking CXX shared library libcustom_interface__rosidl_typesupport_introspection_cpp.so[0m
[1.956s] [ 74%] Built target custom_interface__rosidl_typesupport_introspection_cpp
[2.040s] [ 76%] [32m[1mLinking CXX shared library libcustom_interface__rosidl_typesupport_fastrtps_cpp.so[0m
[2.040s] [ 78%] [32m[1mLinking CXX shared library libcustom_interface__rosidl_typesupport_fastrtps_c.so[0m
[2.100s] [ 78%] Built target custom_interface__rosidl_typesupport_fastrtps_cpp
[2.100s] [ 78%] Built target custom_interface__rosidl_typesupport_fastrtps_c
[2.113s] [ 78%] Built target custom_interface
[2.125s] [ 80%] [34m[1mGenerating Python code for ROS interfaces[0m
[2.600s] [ 80%] Built target custom_interface__py
[2.614s] [ 85%] [32mBuilding C object CMakeFiles/custom_interface__rosidl_generator_py.dir/rosidl_generator_py/custom_interface/srv/_add_three_ints_s.c.o[0m
[2.614s] [ 85%] [32mBuilding C object CMakeFiles/custom_interface__rosidl_generator_py.dir/rosidl_generator_py/custom_interface/msg/_sphere_s.c.o[0m
[2.614s] [ 87%] [32mBuilding C object CMakeFiles/custom_interface__rosidl_generator_py.dir/rosidl_generator_py/custom_interface/srv/_get_position_s.c.o[0m
[2.614s] [ 87%] [32mBuilding C object CMakeFiles/custom_interface__rosidl_generator_py.dir/rosidl_generator_py/custom_interface/msg/_num_s.c.o[0m
[2.722s] [ 89%] [32m[1mLinking C shared library rosidl_generator_py/custom_interface/libcustom_interface__rosidl_generator_py.so[0m
[2.749s] [ 89%] Built target custom_interface__rosidl_generator_py
[2.762s] [ 94%] [32mBuilding C object CMakeFiles/custom_interface__rosidl_typesupport_introspection_c__pyext.dir/rosidl_generator_py/custom_interface/_custom_interface_s.ep.rosidl_typesupport_introspection_c.c.o[0m
[2.762s] [ 94%] [32mBuilding C object CMakeFiles/custom_interface__rosidl_typesupport_fastrtps_c__pyext.dir/rosidl_generator_py/custom_interface/_custom_interface_s.ep.rosidl_typesupport_fastrtps_c.c.o[0m
[2.763s] [ 94%] [32mBuilding C object CMakeFiles/custom_interface__rosidl_typesupport_c__pyext.dir/rosidl_generator_py/custom_interface/_custom_interface_s.ep.rosidl_typesupport_c.c.o[0m
[2.837s] [ 98%] [32m[1mLinking C shared library rosidl_generator_py/custom_interface/custom_interface_s__rosidl_typesupport_introspection_c.cpython-310-x86_64-linux-gnu.so[0m
[2.837s] [ 98%] [32m[1mLinking C shared library rosidl_generator_py/custom_interface/custom_interface_s__rosidl_typesupport_c.cpython-310-x86_64-linux-gnu.so[0m
[2.837s] [100%] [32m[1mLinking C shared library rosidl_generator_py/custom_interface/custom_interface_s__rosidl_typesupport_fastrtps_c.cpython-310-x86_64-linux-gnu.so[0m
[2.863s] [100%] Built target custom_interface__rosidl_typesupport_c__pyext
[2.863s] [100%] Built target custom_interface__rosidl_typesupport_fastrtps_c__pyext
[2.863s] [100%] Built target custom_interface__rosidl_typesupport_introspection_c__pyext
