[0.019s] Invoking command in '/home/laura/Documents/robot1_ws/build/cpp_examples': CMAKE_PREFIX_PATH=${CMAKE_PREFIX_PATH}:/opt/ros/humble /usr/bin/cmake /home/laura/Documents/robot1_ws/src/ros2_tutorials/cpp_examples -DCMAKE_INSTALL_PREFIX=/home/laura/Documents/robot1_ws/install/cpp_examples
[0.421s] -- The C compiler identification is GNU 11.4.0
[0.424s] -- The CXX compiler identification is GNU 11.4.0
[0.425s] -- Detecting C compiler ABI info
[0.425s] -- Detecting C compiler ABI info - done
[0.425s] -- Check for working C compiler: /usr/bin/cc - skipped
[0.425s] -- Detecting C compile features
[0.425s] -- Detecting C compile features - done
[0.425s] -- Detecting CXX compiler ABI info
[0.426s] -- Detecting CXX compiler ABI info - done
[0.426s] -- Check for working CXX compiler: /usr/bin/c++ - skipped
[0.426s] -- Detecting CXX compile features
[0.426s] -- Detecting CXX compile features - done
[0.426s] -- Found ament_cmake: 1.3.12 (/opt/ros/humble/share/ament_cmake/cmake)
[0.426s] -- Found Python3: /usr/bin/python3 (found version "3.10.12") found components: Interpreter 
[0.440s] -- Found rclcpp: 16.0.15 (/opt/ros/humble/share/rclcpp/cmake)
[0.477s] -- Found rosidl_generator_c: 3.1.7 (/opt/ros/humble/share/rosidl_generator_c/cmake)
[0.483s] -- Found rosidl_adapter: 3.1.7 (/opt/ros/humble/share/rosidl_adapter/cmake)
[0.492s] -- Found rosidl_generator_cpp: 3.1.7 (/opt/ros/humble/share/rosidl_generator_cpp/cmake)
[0.504s] -- Using all available rosidl_typesupport_c: rosidl_typesupport_fastrtps_c;rosidl_typesupport_introspection_c
[0.520s] -- Using all available rosidl_typesupport_cpp: rosidl_typesupport_fastrtps_cpp;rosidl_typesupport_introspection_cpp
[0.563s] -- Found rmw_implementation_cmake: 6.1.2 (/opt/ros/humble/share/rmw_implementation_cmake/cmake)
[0.565s] -- Found rmw_fastrtps_cpp: 6.2.8 (/opt/ros/humble/share/rmw_fastrtps_cpp/cmake)
[0.631s] -- Found OpenSSL: /usr/lib/x86_64-linux-gnu/libcrypto.so (found version "3.0.2")  
[0.650s] -- Found FastRTPS: /opt/ros/humble/include  
[0.681s] -- Using RMW implementation 'rmw_fastrtps_cpp' as default
[0.692s] -- Looking for pthread.h
[0.743s] -- Looking for pthread.h - found
[0.743s] -- Performing Test CMAKE_HAVE_LIBC_PTHREAD
[0.799s] -- Performing Test CMAKE_HAVE_LIBC_PTHREAD - Success
[0.800s] -- Found Threads: TRUE  
[0.858s] [31mCMake Error at CMakeLists.txt:13 (find_package):
[0.858s]   By not providing "Findcustom_interface.cmake" in CMAKE_MODULE_PATH this
[0.858s]   project has asked CMake to find a package configuration file provided by
[0.858s]   "custom_interface", but CMake did not find one.
[0.858s] 
[0.858s]   Could not find a package configuration file provided by "custom_interface"
[0.858s]   with any of the following names:
[0.858s] 
[0.858s]     custom_interfaceConfig.cmake
[0.859s]     custom_interface-config.cmake
[0.859s] 
[0.859s]   Add the installation prefix of "custom_interface" to CMAKE_PREFIX_PATH or
[0.859s]   set "custom_interface_DIR" to a directory containing one of the above
[0.859s]   files.  If "custom_interface" provides a separate development package or
[0.859s]   SDK, be sure it has been installed.
[0.859s] 
[0.859s] [0m
[0.859s] -- Configuring incomplete, errors occurred!
[0.859s] See also "/home/laura/Documents/robot1_ws/build/cpp_examples/CMakeFiles/CMakeOutput.log".
