running egg_info
creating ../../build/pubsebmsg/pubsebmsg.egg-info
writing ../../build/pubsebmsg/pubsebmsg.egg-info/PKG-INFO
writing dependency_links to ../../build/pubsebmsg/pubsebmsg.egg-info/dependency_links.txt
writing entry points to ../../build/pubsebmsg/pubsebmsg.egg-info/entry_points.txt
writing requirements to ../../build/pubsebmsg/pubsebmsg.egg-info/requires.txt
writing top-level names to ../../build/pubsebmsg/pubsebmsg.egg-info/top_level.txt
writing manifest file '../../build/pubsebmsg/pubsebmsg.egg-info/SOURCES.txt'
reading manifest file '../../build/pubsebmsg/pubsebmsg.egg-info/SOURCES.txt'
writing manifest file '../../build/pubsebmsg/pubsebmsg.egg-info/SOURCES.txt'
running build
running build_py
creating /home/laura/Documents/pubsub_ws/build/pubsebmsg/build
creating /home/laura/Documents/pubsub_ws/build/pubsebmsg/build/lib
creating /home/laura/Documents/pubsub_ws/build/pubsebmsg/build/lib/pubsebmsg
copying pubsebmsg/node_a.py -> /home/laura/Documents/pubsub_ws/build/pubsebmsg/build/lib/pubsebmsg
copying pubsebmsg/node_c.py -> /home/laura/Documents/pubsub_ws/build/pubsebmsg/build/lib/pubsebmsg
copying pubsebmsg/node_resultado.py -> /home/laura/Documents/pubsub_ws/build/pubsebmsg/build/lib/pubsebmsg
copying pubsebmsg/node_sumador.py -> /home/laura/Documents/pubsub_ws/build/pubsebmsg/build/lib/pubsebmsg
copying pubsebmsg/node_b.py -> /home/laura/Documents/pubsub_ws/build/pubsebmsg/build/lib/pubsebmsg
copying pubsebmsg/__init__.py -> /home/laura/Documents/pubsub_ws/build/pubsebmsg/build/lib/pubsebmsg
running install
running install_lib
creating /home/laura/Documents/pubsub_ws/install/pubsebmsg/lib/python3.10/site-packages/pubsebmsg
copying /home/laura/Documents/pubsub_ws/build/pubsebmsg/build/lib/pubsebmsg/node_a.py -> /home/laura/Documents/pubsub_ws/install/pubsebmsg/lib/python3.10/site-packages/pubsebmsg
copying /home/laura/Documents/pubsub_ws/build/pubsebmsg/build/lib/pubsebmsg/node_c.py -> /home/laura/Documents/pubsub_ws/install/pubsebmsg/lib/python3.10/site-packages/pubsebmsg
copying /home/laura/Documents/pubsub_ws/build/pubsebmsg/build/lib/pubsebmsg/node_resultado.py -> /home/laura/Documents/pubsub_ws/install/pubsebmsg/lib/python3.10/site-packages/pubsebmsg
copying /home/laura/Documents/pubsub_ws/build/pubsebmsg/build/lib/pubsebmsg/node_sumador.py -> /home/laura/Documents/pubsub_ws/install/pubsebmsg/lib/python3.10/site-packages/pubsebmsg
copying /home/laura/Documents/pubsub_ws/build/pubsebmsg/build/lib/pubsebmsg/node_b.py -> /home/laura/Documents/pubsub_ws/install/pubsebmsg/lib/python3.10/site-packages/pubsebmsg
copying /home/laura/Documents/pubsub_ws/build/pubsebmsg/build/lib/pubsebmsg/__init__.py -> /home/laura/Documents/pubsub_ws/install/pubsebmsg/lib/python3.10/site-packages/pubsebmsg
byte-compiling /home/laura/Documents/pubsub_ws/install/pubsebmsg/lib/python3.10/site-packages/pubsebmsg/node_a.py to node_a.cpython-310.pyc
byte-compiling /home/laura/Documents/pubsub_ws/install/pubsebmsg/lib/python3.10/site-packages/pubsebmsg/node_c.py to node_c.cpython-310.pyc
byte-compiling /home/laura/Documents/pubsub_ws/install/pubsebmsg/lib/python3.10/site-packages/pubsebmsg/node_resultado.py to node_resultado.cpython-310.pyc
byte-compiling /home/laura/Documents/pubsub_ws/install/pubsebmsg/lib/python3.10/site-packages/pubsebmsg/node_sumador.py to node_sumador.cpython-310.pyc
byte-compiling /home/laura/Documents/pubsub_ws/install/pubsebmsg/lib/python3.10/site-packages/pubsebmsg/node_b.py to node_b.cpython-310.pyc
byte-compiling /home/laura/Documents/pubsub_ws/install/pubsebmsg/lib/python3.10/site-packages/pubsebmsg/__init__.py to __init__.cpython-310.pyc
running install_data
creating /home/laura/Documents/pubsub_ws/install/pubsebmsg/share/ament_index
creating /home/laura/Documents/pubsub_ws/install/pubsebmsg/share/ament_index/resource_index
creating /home/laura/Documents/pubsub_ws/install/pubsebmsg/share/ament_index/resource_index/packages
copying resource/pubsebmsg -> /home/laura/Documents/pubsub_ws/install/pubsebmsg/share/ament_index/resource_index/packages
copying package.xml -> /home/laura/Documents/pubsub_ws/install/pubsebmsg/share/pubsebmsg
running install_egg_info
Copying ../../build/pubsebmsg/pubsebmsg.egg-info to /home/laura/Documents/pubsub_ws/install/pubsebmsg/lib/python3.10/site-packages/pubsebmsg-0.0.0-py3.10.egg-info
running install_scripts
Installing node_a script to /home/laura/Documents/pubsub_ws/install/pubsebmsg/lib/pubsebmsg
Installing node_b script to /home/laura/Documents/pubsub_ws/install/pubsebmsg/lib/pubsebmsg
Installing node_c script to /home/laura/Documents/pubsub_ws/install/pubsebmsg/lib/pubsebmsg
Installing node_resultado script to /home/laura/Documents/pubsub_ws/install/pubsebmsg/lib/pubsebmsg
Installing node_sumador script to /home/laura/Documents/pubsub_ws/install/pubsebmsg/lib/pubsebmsg
writing list of installed files to '/home/laura/Documents/pubsub_ws/build/pubsebmsg/install.log'
