[0.006s] Invoking command in '/home/laura/Documents/robot1_ws/build/robot_description': CMAKE_PREFIX_PATH=/opt/ros/humble /usr/bin/cmake /home/laura/Documents/robot1_ws/src/robot_description -DCMAKE_INSTALL_PREFIX=/home/laura/Documents/robot1_ws/install/robot_description
[0.040s] -- The C compiler identification is GNU 11.4.0
[0.075s] -- The CXX compiler identification is GNU 11.4.0
[0.080s] -- Detecting C compiler ABI info
[0.122s] -- Detecting C compiler ABI info - done
[0.127s] -- Check for working C compiler: /usr/bin/cc - skipped
[0.127s] -- Detecting C compile features
[0.128s] -- Detecting C compile features - done
[0.130s] -- Detecting CXX compiler ABI info
[0.186s] -- Detecting CXX compiler ABI info - done
[0.190s] -- Check for working CXX compiler: /usr/bin/c++ - skipped
[0.191s] -- Detecting CXX compile features
[0.191s] -- Detecting CXX compile features - done
[0.192s] -- Found ament_cmake: 1.3.12 (/opt/ros/humble/share/ament_cmake/cmake)
[0.286s] -- Found Python3: /usr/bin/python3 (found version "3.10.12") found components: Interpreter 
[0.338s] -- Found ament_lint_auto: 0.12.14 (/opt/ros/humble/share/ament_lint_auto/cmake)
[0.382s] -- Added test 'flake8' to check Python code syntax and style conventions
[0.383s] -- Added test 'lint_cmake' to check CMake code style
[0.383s] -- Added test 'pep257' to check Python code against some of the docstring style conventions in PEP 257
[0.384s] -- Added test 'xmllint' to check XML markup files
[0.385s] -- Configuring done
[0.386s] -- Generating done
[0.387s] -- Build files have been written to: /home/laura/Documents/robot1_ws/build/robot_description
[0.390s] Invoked command in '/home/laura/Documents/robot1_ws/build/robot_description' returned '0': CMAKE_PREFIX_PATH=/opt/ros/humble /usr/bin/cmake /home/laura/Documents/robot1_ws/src/robot_description -DCMAKE_INSTALL_PREFIX=/home/laura/Documents/robot1_ws/install/robot_description
[0.392s] Invoking command in '/home/laura/Documents/robot1_ws/build/robot_description': CMAKE_PREFIX_PATH=/opt/ros/humble /usr/bin/cmake --build /home/laura/Documents/robot1_ws/build/robot_description -- -j8 -l8
[0.416s] Invoked command in '/home/laura/Documents/robot1_ws/build/robot_description' returned '0': CMAKE_PREFIX_PATH=/opt/ros/humble /usr/bin/cmake --build /home/laura/Documents/robot1_ws/build/robot_description -- -j8 -l8
[0.422s] Invoking command in '/home/laura/Documents/robot1_ws/build/robot_description': CMAKE_PREFIX_PATH=/opt/ros/humble /usr/bin/cmake --install /home/laura/Documents/robot1_ws/build/robot_description
[0.427s] -- Install configuration: ""
[0.427s] -- Installing: /home/laura/Documents/robot1_ws/install/robot_description/share/robot_description/launch
[0.427s] -- Installing: /home/laura/Documents/robot1_ws/install/robot_description/share/robot_description/launch/view_robot.launch.py
[0.427s] -- Installing: /home/laura/Documents/robot1_ws/install/robot_description/share/robot_description/urdf
[0.427s] -- Installing: /home/laura/Documents/robot1_ws/install/robot_description/share/robot_description/urdf/multipleshapes.pdf
[0.427s] -- Installing: /home/laura/Documents/robot1_ws/install/robot_description/share/robot_description/urdf/cobot_arm.urdf
[0.427s] -- Installing: /home/laura/Documents/robot1_ws/install/robot_description/share/robot_description/urdf/panda.urdf
[0.427s] -- Installing: /home/laura/Documents/robot1_ws/install/robot_description/share/robot_description/urdf/guillecar.urdf
[0.427s] -- Installing: /home/laura/Documents/robot1_ws/install/robot_description/share/robot_description/urdf/myfirst_robot.urdf
[0.427s] -- Installing: /home/laura/Documents/robot1_ws/install/robot_description/share/robot_description/urdf/wally1.urdf
[0.427s] -- Installing: /home/laura/Documents/robot1_ws/install/robot_description/share/robot_description/urdf/multipleshapes.gv
[0.428s] -- Installing: /home/laura/Documents/robot1_ws/install/robot_description/share/robot_description/urdf/clases_test.urdf
[0.428s] -- Installing: /home/laura/Documents/robot1_ws/install/robot_description/share/robot_description/urdf/pantilt.urdf
[0.428s] -- Installing: /home/laura/Documents/robot1_ws/install/robot_description/share/robot_description/urdf/diff_wheeled_robot.urdf
[0.428s] -- Installing: /home/laura/Documents/robot1_ws/install/robot_description/share/robot_description/rviz
[0.428s] -- Installing: /home/laura/Documents/robot1_ws/install/robot_description/share/robot_description/rviz/urdf.rviz
[0.428s] -- Installing: /home/laura/Documents/robot1_ws/install/robot_description/share/robot_description/meshes
[0.428s] -- Installing: /home/laura/Documents/robot1_ws/install/robot_description/share/robot_description/meshes/visual
[0.428s] -- Installing: /home/laura/Documents/robot1_ws/install/robot_description/share/robot_description/meshes/visual/link6.dae
[0.429s] -- Installing: /home/laura/Documents/robot1_ws/install/robot_description/share/robot_description/meshes/visual/link5.dae
[0.431s] -- Installing: /home/laura/Documents/robot1_ws/install/robot_description/share/robot_description/meshes/visual/link2.dae
[0.431s] -- Installing: /home/laura/Documents/robot1_ws/install/robot_description/share/robot_description/meshes/visual/finger.dae
[0.431s] -- Installing: /home/laura/Documents/robot1_ws/install/robot_description/share/robot_description/meshes/visual/link4.dae
[0.432s] -- Installing: /home/laura/Documents/robot1_ws/install/robot_description/share/robot_description/meshes/visual/link3.dae
[0.434s] -- Installing: /home/laura/Documents/robot1_ws/install/robot_description/share/robot_description/meshes/visual/link0.dae
[0.434s] -- Installing: /home/laura/Documents/robot1_ws/install/robot_description/share/robot_description/meshes/visual/hand.dae
[0.435s] -- Installing: /home/laura/Documents/robot1_ws/install/robot_description/share/robot_description/meshes/visual/link7.dae
[0.435s] -- Installing: /home/laura/Documents/robot1_ws/install/robot_description/share/robot_description/meshes/visual/link1.dae
[0.436s] -- Installing: /home/laura/Documents/robot1_ws/install/robot_description/share/robot_description/meshes/collision
[0.436s] -- Installing: /home/laura/Documents/robot1_ws/install/robot_description/share/robot_description/meshes/collision/link7.obj
[0.436s] -- Installing: /home/laura/Documents/robot1_ws/install/robot_description/share/robot_description/meshes/collision/link1.obj
[0.436s] -- Installing: /home/laura/Documents/robot1_ws/install/robot_description/share/robot_description/meshes/collision/hand.obj
[0.436s] -- Installing: /home/laura/Documents/robot1_ws/install/robot_description/share/robot_description/meshes/collision/finger.obj
[0.436s] -- Installing: /home/laura/Documents/robot1_ws/install/robot_description/share/robot_description/meshes/collision/link4.obj
[0.436s] -- Installing: /home/laura/Documents/robot1_ws/install/robot_description/share/robot_description/meshes/collision/link6.obj
[0.439s] -- Installing: /home/laura/Documents/robot1_ws/install/robot_description/share/robot_description/meshes/collision/link0.obj
[0.439s] -- Installing: /home/laura/Documents/robot1_ws/install/robot_description/share/robot_description/meshes/collision/link5.obj
[0.439s] -- Installing: /home/laura/Documents/robot1_ws/install/robot_description/share/robot_description/meshes/collision/link3.obj
[0.439s] -- Installing: /home/laura/Documents/robot1_ws/install/robot_description/share/robot_description/meshes/collision/link2.obj
[0.439s] -- Installing: /home/laura/Documents/robot1_ws/install/robot_description/share/ament_index/resource_index/package_run_dependencies/robot_description
[0.439s] -- Installing: /home/laura/Documents/robot1_ws/install/robot_description/share/ament_index/resource_index/parent_prefix_path/robot_description
[0.440s] -- Installing: /home/laura/Documents/robot1_ws/install/robot_description/share/robot_description/environment/ament_prefix_path.sh
[0.440s] -- Installing: /home/laura/Documents/robot1_ws/install/robot_description/share/robot_description/environment/ament_prefix_path.dsv
[0.440s] -- Installing: /home/laura/Documents/robot1_ws/install/robot_description/share/robot_description/environment/path.sh
[0.440s] -- Installing: /home/laura/Documents/robot1_ws/install/robot_description/share/robot_description/environment/path.dsv
[0.440s] -- Installing: /home/laura/Documents/robot1_ws/install/robot_description/share/robot_description/local_setup.bash
[0.440s] -- Installing: /home/laura/Documents/robot1_ws/install/robot_description/share/robot_description/local_setup.sh
[0.440s] -- Installing: /home/laura/Documents/robot1_ws/install/robot_description/share/robot_description/local_setup.zsh
[0.440s] -- Installing: /home/laura/Documents/robot1_ws/install/robot_description/share/robot_description/local_setup.dsv
[0.440s] -- Installing: /home/laura/Documents/robot1_ws/install/robot_description/share/robot_description/package.dsv
[0.440s] -- Installing: /home/laura/Documents/robot1_ws/install/robot_description/share/ament_index/resource_index/packages/robot_description
[0.440s] -- Installing: /home/laura/Documents/robot1_ws/install/robot_description/share/robot_description/cmake/robot_descriptionConfig.cmake
[0.440s] -- Installing: /home/laura/Documents/robot1_ws/install/robot_description/share/robot_description/cmake/robot_descriptionConfig-version.cmake
[0.440s] -- Installing: /home/laura/Documents/robot1_ws/install/robot_description/share/robot_description/package.xml
[0.442s] Invoked command in '/home/laura/Documents/robot1_ws/build/robot_description' returned '0': CMAKE_PREFIX_PATH=/opt/ros/humble /usr/bin/cmake --install /home/laura/Documents/robot1_ws/build/robot_description
