[0.009s] Invoking command in '/home/camila/robot1_ws/build/robot_description': CMAKE_PREFIX_PATH=${CMAKE_PREFIX_PATH}:/home/camila/robot1_ws/install/visual_pubsub:/opt/ros/humble /usr/bin/cmake --build /home/camila/robot1_ws/build/robot_description -- -j24 -l24
[0.139s] Invoked command in '/home/camila/robot1_ws/build/robot_description' returned '0': CMAKE_PREFIX_PATH=${CMAKE_PREFIX_PATH}:/home/camila/robot1_ws/install/visual_pubsub:/opt/ros/humble /usr/bin/cmake --build /home/camila/robot1_ws/build/robot_description -- -j24 -l24
[0.146s] Invoking command in '/home/camila/robot1_ws/build/robot_description': CMAKE_PREFIX_PATH=${CMAKE_PREFIX_PATH}:/home/camila/robot1_ws/install/visual_pubsub:/opt/ros/humble /usr/bin/cmake --install /home/camila/robot1_ws/build/robot_description
[0.151s] -- Install configuration: ""
[0.151s] -- Up-to-date: /home/camila/robot1_ws/install/robot_description/share/robot_description/launch
[0.151s] -- Up-to-date: /home/camila/robot1_ws/install/robot_description/share/robot_description/launch/view_robot_p.launch.py
[0.151s] -- Up-to-date: /home/camila/robot1_ws/install/robot_description/share/robot_description/launch/view_robot_t.launch.py
[0.151s] -- Up-to-date: /home/camila/robot1_ws/install/robot_description/share/robot_description/launch/view_robot_i.launch.py
[0.151s] -- Up-to-date: /home/camila/robot1_ws/install/robot_description/share/robot_description/urdf
[0.152s] -- Up-to-date: /home/camila/robot1_ws/install/robot_description/share/robot_description/urdf/pulgar.urdf
[0.152s] -- Up-to-date: /home/camila/robot1_ws/install/robot_description/share/robot_description/urdf/tengoo_hand.urdf.xacro
[0.152s] -- Up-to-date: /home/camila/robot1_ws/install/robot_description/share/robot_description/urdf/pulgar.urdf.xacro
[0.152s] -- Up-to-date: /home/camila/robot1_ws/install/robot_description/share/robot_description/urdf/indice.urdf.xacro
[0.152s] -- Up-to-date: /home/camila/robot1_ws/install/robot_description/share/robot_description/urdf/indice.urdf
[0.152s] -- Up-to-date: /home/camila/robot1_ws/install/robot_description/share/robot_description/rviz
[0.152s] -- Up-to-date: /home/camila/robot1_ws/install/robot_description/share/robot_description/rviz/urdf.rviz
[0.152s] -- Up-to-date: /home/camila/robot1_ws/install/robot_description/share/robot_description/meshes
[0.152s] -- Up-to-date: /home/camila/robot1_ws/install/robot_description/share/robot_description/meshes/visual
[0.152s] -- Up-to-date: /home/camila/robot1_ws/install/robot_description/share/robot_description/meshes/visual/link3.dae
[0.152s] -- Up-to-date: /home/camila/robot1_ws/install/robot_description/share/robot_description/meshes/visual/link4.dae
[0.152s] -- Up-to-date: /home/camila/robot1_ws/install/robot_description/share/robot_description/meshes/visual/link2.dae
[0.152s] -- Up-to-date: /home/camila/robot1_ws/install/robot_description/share/robot_description/meshes/visual/link7.dae
[0.152s] -- Up-to-date: /home/camila/robot1_ws/install/robot_description/share/robot_description/meshes/visual/link1.dae
[0.152s] -- Up-to-date: /home/camila/robot1_ws/install/robot_description/share/robot_description/meshes/visual/hand.dae
[0.152s] -- Up-to-date: /home/camila/robot1_ws/install/robot_description/share/robot_description/meshes/visual/link5.dae
[0.152s] -- Up-to-date: /home/camila/robot1_ws/install/robot_description/share/robot_description/meshes/visual/finger.dae
[0.152s] -- Up-to-date: /home/camila/robot1_ws/install/robot_description/share/robot_description/meshes/visual/link6.dae
[0.152s] -- Up-to-date: /home/camila/robot1_ws/install/robot_description/share/robot_description/meshes/visual/link0.dae
[0.152s] -- Up-to-date: /home/camila/robot1_ws/install/robot_description/share/robot_description/meshes/collision
[0.152s] -- Up-to-date: /home/camila/robot1_ws/install/robot_description/share/robot_description/meshes/collision/link3.obj
[0.152s] -- Up-to-date: /home/camila/robot1_ws/install/robot_description/share/robot_description/meshes/collision/link2.obj
[0.152s] -- Up-to-date: /home/camila/robot1_ws/install/robot_description/share/robot_description/meshes/collision/link6.obj
[0.152s] -- Up-to-date: /home/camila/robot1_ws/install/robot_description/share/robot_description/meshes/collision/link0.obj
[0.152s] -- Up-to-date: /home/camila/robot1_ws/install/robot_description/share/robot_description/meshes/collision/link5.obj
[0.152s] -- Up-to-date: /home/camila/robot1_ws/install/robot_description/share/robot_description/meshes/collision/finger.obj
[0.152s] -- Up-to-date: /home/camila/robot1_ws/install/robot_description/share/robot_description/meshes/collision/link7.obj
[0.152s] -- Up-to-date: /home/camila/robot1_ws/install/robot_description/share/robot_description/meshes/collision/hand.obj
[0.152s] -- Up-to-date: /home/camila/robot1_ws/install/robot_description/share/robot_description/meshes/collision/link4.obj
[0.152s] -- Up-to-date: /home/camila/robot1_ws/install/robot_description/share/robot_description/meshes/collision/link1.obj
[0.152s] -- Up-to-date: /home/camila/robot1_ws/install/robot_description/share/ament_index/resource_index/package_run_dependencies/robot_description
[0.153s] -- Up-to-date: /home/camila/robot1_ws/install/robot_description/share/ament_index/resource_index/parent_prefix_path/robot_description
[0.153s] -- Up-to-date: /home/camila/robot1_ws/install/robot_description/share/robot_description/environment/ament_prefix_path.sh
[0.153s] -- Up-to-date: /home/camila/robot1_ws/install/robot_description/share/robot_description/environment/ament_prefix_path.dsv
[0.153s] -- Up-to-date: /home/camila/robot1_ws/install/robot_description/share/robot_description/environment/path.sh
[0.153s] -- Up-to-date: /home/camila/robot1_ws/install/robot_description/share/robot_description/environment/path.dsv
[0.153s] -- Up-to-date: /home/camila/robot1_ws/install/robot_description/share/robot_description/local_setup.bash
[0.153s] -- Up-to-date: /home/camila/robot1_ws/install/robot_description/share/robot_description/local_setup.sh
[0.153s] -- Up-to-date: /home/camila/robot1_ws/install/robot_description/share/robot_description/local_setup.zsh
[0.153s] -- Up-to-date: /home/camila/robot1_ws/install/robot_description/share/robot_description/local_setup.dsv
[0.153s] -- Installing: /home/camila/robot1_ws/install/robot_description/share/robot_description/package.dsv
[0.153s] -- Up-to-date: /home/camila/robot1_ws/install/robot_description/share/ament_index/resource_index/packages/robot_description
[0.153s] -- Up-to-date: /home/camila/robot1_ws/install/robot_description/share/robot_description/cmake/robot_descriptionConfig.cmake
[0.153s] -- Up-to-date: /home/camila/robot1_ws/install/robot_description/share/robot_description/cmake/robot_descriptionConfig-version.cmake
[0.153s] -- Up-to-date: /home/camila/robot1_ws/install/robot_description/share/robot_description/package.xml
[0.154s] Invoked command in '/home/camila/robot1_ws/build/robot_description' returned '0': CMAKE_PREFIX_PATH=${CMAKE_PREFIX_PATH}:/home/camila/robot1_ws/install/visual_pubsub:/opt/ros/humble /usr/bin/cmake --install /home/camila/robot1_ws/build/robot_description
