[0.401s] Invoking command in '/home/camila/robot1_ws/src/visual_pubsub': PYTHONPATH=/home/camila/robot1_ws/build/visual_pubsub/prefix_override:/usr/lib/python3/dist-packages/colcon_core/task/python/colcon_distutils_commands:/home/camila/robot1_ws/install/visual_pubsub/lib/python3.10/site-packages:${PYTHONPATH} /usr/bin/python3 -W ignore:setup.py install is deprecated -W ignore:easy_install command is deprecated setup.py egg_info --egg-base ../../build/visual_pubsub build --build-base /home/camila/robot1_ws/build/visual_pubsub/build install --record /home/camila/robot1_ws/build/visual_pubsub/install.log --single-version-externally-managed install_data
[0.527s] running egg_info
[0.527s] writing ../../build/visual_pubsub/visual_pubsub.egg-info/PKG-INFO
[0.527s] writing dependency_links to ../../build/visual_pubsub/visual_pubsub.egg-info/dependency_links.txt
[0.527s] writing entry points to ../../build/visual_pubsub/visual_pubsub.egg-info/entry_points.txt
[0.527s] writing requirements to ../../build/visual_pubsub/visual_pubsub.egg-info/requires.txt
[0.527s] writing top-level names to ../../build/visual_pubsub/visual_pubsub.egg-info/top_level.txt
[0.528s] reading manifest file '../../build/visual_pubsub/visual_pubsub.egg-info/SOURCES.txt'
[0.529s] adding license file 'LICENSE'
[0.529s] writing manifest file '../../build/visual_pubsub/visual_pubsub.egg-info/SOURCES.txt'
[0.529s] running build
[0.529s] running build_py
[0.529s] copying visual_pubsub/inverse_kinematics_t.py -> /home/camila/robot1_ws/build/visual_pubsub/build/lib/visual_pubsub
[0.530s] running install
[0.530s] running install_lib
[0.530s] copying /home/camila/robot1_ws/build/visual_pubsub/build/lib/visual_pubsub/inverse_kinematics_t.py -> /home/camila/robot1_ws/install/visual_pubsub/lib/python3.10/site-packages/visual_pubsub
[0.530s] byte-compiling /home/camila/robot1_ws/install/visual_pubsub/lib/python3.10/site-packages/visual_pubsub/inverse_kinematics_t.py to inverse_kinematics_t.cpython-310.pyc
[0.531s] running install_data
[0.531s] running install_egg_info
[0.532s] removing '/home/camila/robot1_ws/install/visual_pubsub/lib/python3.10/site-packages/visual_pubsub-0.0.0-py3.10.egg-info' (and everything under it)
[0.532s] Copying ../../build/visual_pubsub/visual_pubsub.egg-info to /home/camila/robot1_ws/install/visual_pubsub/lib/python3.10/site-packages/visual_pubsub-0.0.0-py3.10.egg-info
[0.533s] running install_scripts
[0.543s] Installing inverse_k script to /home/camila/robot1_ws/install/visual_pubsub/lib/visual_pubsub
[0.543s] Installing inverse_k_p script to /home/camila/robot1_ws/install/visual_pubsub/lib/visual_pubsub
[0.543s] Installing pub_joints script to /home/camila/robot1_ws/install/visual_pubsub/lib/visual_pubsub
[0.543s] Installing sub_joints script to /home/camila/robot1_ws/install/visual_pubsub/lib/visual_pubsub
[0.543s] writing list of installed files to '/home/camila/robot1_ws/build/visual_pubsub/install.log'
[0.554s] Invoked command in '/home/camila/robot1_ws/src/visual_pubsub' returned '0': PYTHONPATH=/home/camila/robot1_ws/build/visual_pubsub/prefix_override:/usr/lib/python3/dist-packages/colcon_core/task/python/colcon_distutils_commands:/home/camila/robot1_ws/install/visual_pubsub/lib/python3.10/site-packages:${PYTHONPATH} /usr/bin/python3 -W ignore:setup.py install is deprecated -W ignore:easy_install command is deprecated setup.py egg_info --egg-base ../../build/visual_pubsub build --build-base /home/camila/robot1_ws/build/visual_pubsub/build install --record /home/camila/robot1_ws/build/visual_pubsub/install.log --single-version-externally-managed install_data
