[0.052s] DEBUG:colcon:Command line arguments: ['/usr/bin/colcon', 'build', '--packages-select', 'visual_pubsub', '--symlink-install']
[0.053s] DEBUG:colcon:Parsed command line arguments: Namespace(log_base=None, log_level=None, verb_name='build', build_base='build', install_base='install', merge_install=False, symlink_install=True, test_result_base=None, continue_on_error=False, executor='parallel', parallel_workers=24, event_handlers=None, ignore_user_meta=False, metas=['./colcon.meta'], base_paths=['.'], packages_ignore=None, packages_ignore_regex=None, paths=None, packages_up_to=None, packages_up_to_regex=None, packages_above=None, packages_above_and_dependencies=None, packages_above_depth=None, packages_select_by_dep=None, packages_skip_by_dep=None, packages_skip_up_to=None, packages_select_build_failed=False, packages_skip_build_finished=False, packages_select_test_failures=False, packages_skip_test_passed=False, packages_select=['visual_pubsub'], packages_skip=None, packages_select_regex=None, packages_skip_regex=None, packages_start=None, packages_end=None, allow_overriding=[], cmake_args=None, cmake_target=None, cmake_target_skip_unavailable=False, cmake_clean_cache=False, cmake_clean_first=False, cmake_force_configure=False, ament_cmake_args=None, catkin_cmake_args=None, catkin_skip_building_tests=False, mixin_files=None, mixin=None, verb_parser=<colcon_mixin.mixin.mixin_argument.MixinArgumentDecorator object at 0x767ac5557b20>, verb_extension=<colcon_core.verb.build.BuildVerb object at 0x767ac5557640>, main=<bound method BuildVerb.main of <colcon_core.verb.build.BuildVerb object at 0x767ac5557640>>, mixin_verb=('build',))
[0.132s] Level 1:colcon.colcon_core.package_discovery:discover_packages(colcon_meta) check parameters
[0.132s] Level 1:colcon.colcon_core.package_discovery:discover_packages(recursive) check parameters
[0.132s] Level 1:colcon.colcon_core.package_discovery:discover_packages(ignore) check parameters
[0.132s] Level 1:colcon.colcon_core.package_discovery:discover_packages(path) check parameters
[0.132s] Level 1:colcon.colcon_core.package_discovery:discover_packages(colcon_meta) discover
[0.132s] Level 1:colcon.colcon_core.package_discovery:discover_packages(recursive) discover
[0.132s] INFO:colcon.colcon_core.package_discovery:Crawling recursively for packages in '/home/camila/robot1_ws'
[0.133s] Level 1:colcon.colcon_core.package_identification:_identify(.) by extensions ['ignore', 'ignore_ament_install']
[0.133s] Level 1:colcon.colcon_core.package_identification:_identify(.) by extension 'ignore'
[0.133s] Level 1:colcon.colcon_core.package_identification:_identify(.) by extension 'ignore_ament_install'
[0.133s] Level 1:colcon.colcon_core.package_identification:_identify(.) by extensions ['colcon_pkg']
[0.133s] Level 1:colcon.colcon_core.package_identification:_identify(.) by extension 'colcon_pkg'
[0.133s] Level 1:colcon.colcon_core.package_identification:_identify(.) by extensions ['colcon_meta']
[0.133s] Level 1:colcon.colcon_core.package_identification:_identify(.) by extension 'colcon_meta'
[0.133s] Level 1:colcon.colcon_core.package_identification:_identify(.) by extensions ['ros']
[0.133s] Level 1:colcon.colcon_core.package_identification:_identify(.) by extension 'ros'
[0.138s] Level 1:colcon.colcon_core.package_identification:_identify(.) by extensions ['cmake', 'python']
[0.138s] Level 1:colcon.colcon_core.package_identification:_identify(.) by extension 'cmake'
[0.138s] Level 1:colcon.colcon_core.package_identification:_identify(.) by extension 'python'
[0.138s] Level 1:colcon.colcon_core.package_identification:_identify(.) by extensions ['python_setup_py']
[0.138s] Level 1:colcon.colcon_core.package_identification:_identify(.) by extension 'python_setup_py'
[0.138s] Level 1:colcon.colcon_core.package_identification:_identify(build) by extensions ['ignore', 'ignore_ament_install']
[0.138s] Level 1:colcon.colcon_core.package_identification:_identify(build) by extension 'ignore'
[0.138s] Level 1:colcon.colcon_core.package_identification:_identify(build) ignored
[0.138s] Level 1:colcon.colcon_core.package_identification:_identify(install) by extensions ['ignore', 'ignore_ament_install']
[0.138s] Level 1:colcon.colcon_core.package_identification:_identify(install) by extension 'ignore'
[0.139s] Level 1:colcon.colcon_core.package_identification:_identify(install) ignored
[0.139s] Level 1:colcon.colcon_core.package_identification:_identify(log) by extensions ['ignore', 'ignore_ament_install']
[0.139s] Level 1:colcon.colcon_core.package_identification:_identify(log) by extension 'ignore'
[0.139s] Level 1:colcon.colcon_core.package_identification:_identify(log) ignored
[0.139s] Level 1:colcon.colcon_core.package_identification:_identify(src) by extensions ['ignore', 'ignore_ament_install']
[0.139s] Level 1:colcon.colcon_core.package_identification:_identify(src) by extension 'ignore'
[0.139s] Level 1:colcon.colcon_core.package_identification:_identify(src) by extension 'ignore_ament_install'
[0.139s] Level 1:colcon.colcon_core.package_identification:_identify(src) by extensions ['colcon_pkg']
[0.139s] Level 1:colcon.colcon_core.package_identification:_identify(src) by extension 'colcon_pkg'
[0.139s] Level 1:colcon.colcon_core.package_identification:_identify(src) by extensions ['colcon_meta']
[0.139s] Level 1:colcon.colcon_core.package_identification:_identify(src) by extension 'colcon_meta'
[0.139s] Level 1:colcon.colcon_core.package_identification:_identify(src) by extensions ['ros']
[0.139s] Level 1:colcon.colcon_core.package_identification:_identify(src) by extension 'ros'
[0.139s] Level 1:colcon.colcon_core.package_identification:_identify(src) by extensions ['cmake', 'python']
[0.139s] Level 1:colcon.colcon_core.package_identification:_identify(src) by extension 'cmake'
[0.139s] Level 1:colcon.colcon_core.package_identification:_identify(src) by extension 'python'
[0.139s] Level 1:colcon.colcon_core.package_identification:_identify(src) by extensions ['python_setup_py']
[0.139s] Level 1:colcon.colcon_core.package_identification:_identify(src) by extension 'python_setup_py'
[0.139s] Level 1:colcon.colcon_core.package_identification:_identify(src/robot_description) by extensions ['ignore', 'ignore_ament_install']
[0.139s] Level 1:colcon.colcon_core.package_identification:_identify(src/robot_description) by extension 'ignore'
[0.139s] Level 1:colcon.colcon_core.package_identification:_identify(src/robot_description) by extension 'ignore_ament_install'
[0.139s] Level 1:colcon.colcon_core.package_identification:_identify(src/robot_description) by extensions ['colcon_pkg']
[0.139s] Level 1:colcon.colcon_core.package_identification:_identify(src/robot_description) by extension 'colcon_pkg'
[0.139s] Level 1:colcon.colcon_core.package_identification:_identify(src/robot_description) by extensions ['colcon_meta']
[0.139s] Level 1:colcon.colcon_core.package_identification:_identify(src/robot_description) by extension 'colcon_meta'
[0.139s] Level 1:colcon.colcon_core.package_identification:_identify(src/robot_description) by extensions ['ros']
[0.139s] Level 1:colcon.colcon_core.package_identification:_identify(src/robot_description) by extension 'ros'
[0.141s] DEBUG:colcon.colcon_core.package_identification:Package 'src/robot_description' with type 'ros.ament_cmake' and name 'robot_description'
[0.141s] Level 1:colcon.colcon_core.package_identification:_identify(src/visual_pubsub) by extensions ['ignore', 'ignore_ament_install']
[0.141s] Level 1:colcon.colcon_core.package_identification:_identify(src/visual_pubsub) by extension 'ignore'
[0.141s] Level 1:colcon.colcon_core.package_identification:_identify(src/visual_pubsub) by extension 'ignore_ament_install'
[0.141s] Level 1:colcon.colcon_core.package_identification:_identify(src/visual_pubsub) by extensions ['colcon_pkg']
[0.141s] Level 1:colcon.colcon_core.package_identification:_identify(src/visual_pubsub) by extension 'colcon_pkg'
[0.141s] Level 1:colcon.colcon_core.package_identification:_identify(src/visual_pubsub) by extensions ['colcon_meta']
[0.141s] Level 1:colcon.colcon_core.package_identification:_identify(src/visual_pubsub) by extension 'colcon_meta'
[0.141s] Level 1:colcon.colcon_core.package_identification:_identify(src/visual_pubsub) by extensions ['ros']
[0.141s] Level 1:colcon.colcon_core.package_identification:_identify(src/visual_pubsub) by extension 'ros'
[0.141s] DEBUG:colcon.colcon_core.package_identification:Package 'src/visual_pubsub' with type 'ros.ament_python' and name 'visual_pubsub'
[0.141s] Level 1:colcon.colcon_core.package_discovery:discover_packages(recursive) using defaults
[0.141s] Level 1:colcon.colcon_core.package_discovery:discover_packages(ignore) discover
[0.141s] Level 1:colcon.colcon_core.package_discovery:discover_packages(ignore) using defaults
[0.141s] Level 1:colcon.colcon_core.package_discovery:discover_packages(path) discover
[0.141s] Level 1:colcon.colcon_core.package_discovery:discover_packages(path) using defaults
[0.156s] INFO:colcon.colcon_core.package_selection:Skipping not selected package 'robot_description' in 'src/robot_description'
[0.156s] Level 1:colcon.colcon_core.package_discovery:discover_packages(prefix_path) check parameters
[0.156s] Level 1:colcon.colcon_core.package_discovery:discover_packages(prefix_path) discover
[0.157s] WARNING:colcon.colcon_ros.prefix_path.ament:The path '/home/camila/robot1_ws/install/visual_pubsub' in the environment variable AMENT_PREFIX_PATH doesn't exist
[0.157s] DEBUG:colcon.colcon_installed_package_information.package_discovery:Found 1 installed packages in /home/camila/robot1_ws/install
[0.157s] DEBUG:colcon.colcon_installed_package_information.package_discovery:Found 3 installed packages in /home/camila/robot_ws/install
[0.158s] DEBUG:colcon.colcon_installed_package_information.package_discovery:Found 468 installed packages in /opt/ros/humble
[0.159s] Level 1:colcon.colcon_core.package_discovery:discover_packages(prefix_path) using defaults
[0.184s] Level 5:colcon.colcon_core.verb:set package 'visual_pubsub' build argument 'cmake_args' from command line to 'None'
[0.185s] Level 5:colcon.colcon_core.verb:set package 'visual_pubsub' build argument 'cmake_target' from command line to 'None'
[0.185s] Level 5:colcon.colcon_core.verb:set package 'visual_pubsub' build argument 'cmake_target_skip_unavailable' from command line to 'False'
[0.185s] Level 5:colcon.colcon_core.verb:set package 'visual_pubsub' build argument 'cmake_clean_cache' from command line to 'False'
[0.185s] Level 5:colcon.colcon_core.verb:set package 'visual_pubsub' build argument 'cmake_clean_first' from command line to 'False'
[0.185s] Level 5:colcon.colcon_core.verb:set package 'visual_pubsub' build argument 'cmake_force_configure' from command line to 'False'
[0.185s] Level 5:colcon.colcon_core.verb:set package 'visual_pubsub' build argument 'ament_cmake_args' from command line to 'None'
[0.185s] Level 5:colcon.colcon_core.verb:set package 'visual_pubsub' build argument 'catkin_cmake_args' from command line to 'None'
[0.185s] Level 5:colcon.colcon_core.verb:set package 'visual_pubsub' build argument 'catkin_skip_building_tests' from command line to 'False'
[0.185s] DEBUG:colcon.colcon_core.verb:Building package 'visual_pubsub' with the following arguments: {'ament_cmake_args': None, 'build_base': '/home/camila/robot1_ws/build/visual_pubsub', 'catkin_cmake_args': None, 'catkin_skip_building_tests': False, 'cmake_args': None, 'cmake_clean_cache': False, 'cmake_clean_first': False, 'cmake_force_configure': False, 'cmake_target': None, 'cmake_target_skip_unavailable': False, 'install_base': '/home/camila/robot1_ws/install/visual_pubsub', 'merge_install': False, 'path': '/home/camila/robot1_ws/src/visual_pubsub', 'symlink_install': True, 'test_result_base': None}
[0.185s] INFO:colcon.colcon_core.executor:Executing jobs using 'parallel' executor
[0.185s] DEBUG:colcon.colcon_parallel_executor.executor.parallel:run_until_complete
[0.185s] INFO:colcon.colcon_ros.task.ament_python.build:Building ROS package in '/home/camila/robot1_ws/src/visual_pubsub' with build type 'ament_python'
[0.186s] Level 1:colcon.colcon_core.shell:create_environment_hook('visual_pubsub', 'ament_prefix_path')
[0.187s] INFO:colcon.colcon_core.plugin_system:Skipping extension 'colcon_core.shell.bat': Not used on non-Windows systems
[0.187s] INFO:colcon.colcon_core.shell:Creating environment hook '/home/camila/robot1_ws/install/visual_pubsub/share/visual_pubsub/hook/ament_prefix_path.ps1'
[0.187s] INFO:colcon.colcon_core.shell:Creating environment descriptor '/home/camila/robot1_ws/install/visual_pubsub/share/visual_pubsub/hook/ament_prefix_path.dsv'
[0.187s] INFO:colcon.colcon_core.shell:Creating environment hook '/home/camila/robot1_ws/install/visual_pubsub/share/visual_pubsub/hook/ament_prefix_path.sh'
[0.188s] INFO:colcon.colcon_core.shell:Skip shell extension 'powershell' for command environment: Not usable outside of PowerShell
[0.188s] DEBUG:colcon.colcon_core.shell:Skip shell extension 'dsv' for command environment
[0.315s] INFO:colcon.colcon_core.task.python.build:Building Python package in '/home/camila/robot1_ws/src/visual_pubsub'
[0.315s] INFO:colcon.colcon_core.shell:Skip shell extension 'powershell' for command environment: Not usable outside of PowerShell
[0.315s] DEBUG:colcon.colcon_core.shell:Skip shell extension 'dsv' for command environment
[0.493s] DEBUG:colcon.colcon_core.event_handler.log_command:Invoking command in '/home/camila/robot1_ws/build/visual_pubsub': PYTHONPATH=/home/camila/robot1_ws/build/visual_pubsub/prefix_override:/usr/lib/python3/dist-packages/colcon_core/task/python/colcon_distutils_commands:/home/camila/robot1_ws/install/visual_pubsub/lib/python3.10/site-packages:${PYTHONPATH} /usr/bin/python3 -W ignore:setup.py install is deprecated -W ignore:easy_install command is deprecated setup.py develop --editable --build-directory /home/camila/robot1_ws/build/visual_pubsub/build --no-deps symlink_data
[0.718s] Level 1:colcon.colcon_core.shell:create_environment_hook('visual_pubsub', 'pythonpath_develop')
[0.718s] INFO:colcon.colcon_core.shell:Creating environment hook '/home/camila/robot1_ws/build/visual_pubsub/share/visual_pubsub/hook/pythonpath_develop.ps1'
[0.719s] DEBUG:colcon.colcon_core.event_handler.log_command:Invoked command in '/home/camila/robot1_ws/build/visual_pubsub' returned '0': PYTHONPATH=/home/camila/robot1_ws/build/visual_pubsub/prefix_override:/usr/lib/python3/dist-packages/colcon_core/task/python/colcon_distutils_commands:/home/camila/robot1_ws/install/visual_pubsub/lib/python3.10/site-packages:${PYTHONPATH} /usr/bin/python3 -W ignore:setup.py install is deprecated -W ignore:easy_install command is deprecated setup.py develop --editable --build-directory /home/camila/robot1_ws/build/visual_pubsub/build --no-deps symlink_data
[0.719s] INFO:colcon.colcon_core.shell:Creating environment descriptor '/home/camila/robot1_ws/build/visual_pubsub/share/visual_pubsub/hook/pythonpath_develop.dsv'
[0.719s] INFO:colcon.colcon_core.shell:Creating environment hook '/home/camila/robot1_ws/build/visual_pubsub/share/visual_pubsub/hook/pythonpath_develop.sh'
[0.720s] Level 1:colcon.colcon_core.environment:checking '/home/camila/robot1_ws/install/visual_pubsub' for CMake module files
[0.720s] Level 1:colcon.colcon_core.environment:checking '/home/camila/robot1_ws/install/visual_pubsub' for CMake config files
[0.721s] Level 1:colcon.colcon_core.environment:checking '/home/camila/robot1_ws/install/visual_pubsub/lib'
[0.721s] Level 1:colcon.colcon_core.environment:checking '/home/camila/robot1_ws/install/visual_pubsub/bin'
[0.721s] Level 1:colcon.colcon_core.environment:checking '/home/camila/robot1_ws/install/visual_pubsub/lib/pkgconfig/visual_pubsub.pc'
[0.721s] Level 1:colcon.colcon_core.environment:checking '/home/camila/robot1_ws/install/visual_pubsub/lib/python3.10/site-packages'
[0.721s] Level 1:colcon.colcon_core.shell:create_environment_hook('visual_pubsub', 'pythonpath')
[0.721s] INFO:colcon.colcon_core.shell:Creating environment hook '/home/camila/robot1_ws/install/visual_pubsub/share/visual_pubsub/hook/pythonpath.ps1'
[0.721s] INFO:colcon.colcon_core.shell:Creating environment descriptor '/home/camila/robot1_ws/install/visual_pubsub/share/visual_pubsub/hook/pythonpath.dsv'
[0.721s] INFO:colcon.colcon_core.shell:Creating environment hook '/home/camila/robot1_ws/install/visual_pubsub/share/visual_pubsub/hook/pythonpath.sh'
[0.721s] Level 1:colcon.colcon_core.environment:checking '/home/camila/robot1_ws/install/visual_pubsub/bin'
[0.721s] Level 1:colcon.colcon_core.environment:create_environment_scripts_only(visual_pubsub)
[0.722s] INFO:colcon.colcon_core.shell:Creating package script '/home/camila/robot1_ws/install/visual_pubsub/share/visual_pubsub/package.ps1'
[0.722s] INFO:colcon.colcon_core.shell:Creating package descriptor '/home/camila/robot1_ws/install/visual_pubsub/share/visual_pubsub/package.dsv'
[0.723s] INFO:colcon.colcon_core.shell:Creating package script '/home/camila/robot1_ws/install/visual_pubsub/share/visual_pubsub/package.sh'
[0.723s] INFO:colcon.colcon_core.shell:Creating package script '/home/camila/robot1_ws/install/visual_pubsub/share/visual_pubsub/package.bash'
[0.723s] INFO:colcon.colcon_core.shell:Creating package script '/home/camila/robot1_ws/install/visual_pubsub/share/visual_pubsub/package.zsh'
[0.724s] Level 1:colcon.colcon_core.environment:create_file_with_runtime_dependencies(/home/camila/robot1_ws/install/visual_pubsub/share/colcon-core/packages/visual_pubsub)
[0.724s] DEBUG:colcon.colcon_parallel_executor.executor.parallel:closing loop
[0.724s] DEBUG:colcon.colcon_parallel_executor.executor.parallel:loop closed
[0.724s] DEBUG:colcon.colcon_parallel_executor.executor.parallel:run_until_complete finished with '0'
[0.724s] DEBUG:colcon.colcon_core.event_reactor:joining thread
[0.728s] INFO:colcon.colcon_core.plugin_system:Skipping extension 'colcon_notification.desktop_notification.terminal_notifier': Not used on non-Darwin systems
[0.728s] INFO:colcon.colcon_core.plugin_system:Skipping extension 'colcon_notification.desktop_notification.win32': Not used on non-Windows systems
[0.728s] INFO:colcon.colcon_notification.desktop_notification:Sending desktop notification using 'notify2'
[0.734s] DEBUG:colcon.colcon_core.event_reactor:joined thread
[0.734s] INFO:colcon.colcon_core.shell:Creating prefix script '/home/camila/robot1_ws/install/local_setup.ps1'
[0.735s] INFO:colcon.colcon_core.shell:Creating prefix util module '/home/camila/robot1_ws/install/_local_setup_util_ps1.py'
[0.735s] INFO:colcon.colcon_core.shell:Creating prefix chain script '/home/camila/robot1_ws/install/setup.ps1'
[0.736s] INFO:colcon.colcon_core.shell:Creating prefix script '/home/camila/robot1_ws/install/local_setup.sh'
[0.736s] INFO:colcon.colcon_core.shell:Creating prefix util module '/home/camila/robot1_ws/install/_local_setup_util_sh.py'
[0.736s] INFO:colcon.colcon_core.shell:Creating prefix chain script '/home/camila/robot1_ws/install/setup.sh'
[0.737s] INFO:colcon.colcon_core.shell:Creating prefix script '/home/camila/robot1_ws/install/local_setup.bash'
[0.737s] INFO:colcon.colcon_core.shell:Creating prefix chain script '/home/camila/robot1_ws/install/setup.bash'
[0.738s] INFO:colcon.colcon_core.shell:Creating prefix script '/home/camila/robot1_ws/install/local_setup.zsh'
[0.738s] INFO:colcon.colcon_core.shell:Creating prefix chain script '/home/camila/robot1_ws/install/setup.zsh'
