[0.029s] Invoking command in '/home/laura/Documents/robot1_ws/build/cpp_examples': CMAKE_PREFIX_PATH=${CMAKE_PREFIX_PATH}:/opt/ros/humble /usr/bin/cmake /home/laura/Documents/robot1_ws/src/ros2_tutorials/cpp_examples -DCMAKE_INSTALL_PREFIX=/home/laura/Documents/robot1_ws/install/cpp_examples
[0.355s] -- Found ament_cmake: 1.3.12 (/opt/ros/humble/share/ament_cmake/cmake)
[0.356s] -- Found rclcpp: 16.0.15 (/opt/ros/humble/share/rclcpp/cmake)
[0.356s] -- Found rosidl_generator_c: 3.1.7 (/opt/ros/humble/share/rosidl_generator_c/cmake)
[0.357s] -- Found rosidl_adapter: 3.1.7 (/opt/ros/humble/share/rosidl_adapter/cmake)
[0.358s] -- Found rosidl_generator_cpp: 3.1.7 (/opt/ros/humble/share/rosidl_generator_cpp/cmake)
[0.358s] -- Using all available rosidl_typesupport_c: rosidl_typesupport_fastrtps_c;rosidl_typesupport_introspection_c
[0.358s] -- Using all available rosidl_typesupport_cpp: rosidl_typesupport_fastrtps_cpp;rosidl_typesupport_introspection_cpp
[0.358s] -- Found rmw_implementation_cmake: 6.1.2 (/opt/ros/humble/share/rmw_implementation_cmake/cmake)
[0.358s] -- Found rmw_fastrtps_cpp: 6.2.8 (/opt/ros/humble/share/rmw_fastrtps_cpp/cmake)
[0.424s] -- Using RMW implementation 'rmw_fastrtps_cpp' as default
[0.502s] [31mCMake Error at CMakeLists.txt:13 (find_package):
[0.502s]   By not providing "Findcustom_interface.cmake" in CMAKE_MODULE_PATH this
[0.502s]   project has asked CMake to find a package configuration file provided by
[0.502s]   "custom_interface", but CMake did not find one.
[0.503s] 
[0.503s]   Could not find a package configuration file provided by "custom_interface"
[0.503s]   with any of the following names:
[0.503s] 
[0.503s]     custom_interfaceConfig.cmake
[0.503s]     custom_interface-config.cmake
[0.503s] 
[0.503s]   Add the installation prefix of "custom_interface" to CMAKE_PREFIX_PATH or
[0.503s]   set "custom_interface_DIR" to a directory containing one of the above
[0.503s]   files.  If "custom_interface" provides a separate development package or
[0.503s]   SDK, be sure it has been installed.
[0.503s] 
[0.503s] [0m
[0.503s] -- Configuring incomplete, errors occurred!
[0.503s] See also "/home/laura/Documents/robot1_ws/build/cpp_examples/CMakeFiles/CMakeOutput.log".
[0.626s] Invoked command in '/home/laura/Documents/robot1_ws/build/cpp_examples' returned '1': CMAKE_PREFIX_PATH=${CMAKE_PREFIX_PATH}:/opt/ros/humble /usr/bin/cmake /home/laura/Documents/robot1_ws/src/ros2_tutorials/cpp_examples -DCMAKE_INSTALL_PREFIX=/home/laura/Documents/robot1_ws/install/cpp_examples
