/home/laura/Documents/pubsub_ws/install/pubsebmsg/lib/python3.10/site-packages/pubsebmsg/node_a.py
/home/laura/Documents/pubsub_ws/install/pubsebmsg/lib/python3.10/site-packages/pubsebmsg/node_c.py
/home/laura/Documents/pubsub_ws/install/pubsebmsg/lib/python3.10/site-packages/pubsebmsg/node_resultado.py
/home/laura/Documents/pubsub_ws/install/pubsebmsg/lib/python3.10/site-packages/pubsebmsg/node_sumador.py
/home/laura/Documents/pubsub_ws/install/pubsebmsg/lib/python3.10/site-packages/pubsebmsg/node_b.py
/home/laura/Documents/pubsub_ws/install/pubsebmsg/lib/python3.10/site-packages/pubsebmsg/__init__.py
/home/laura/Documents/pubsub_ws/install/pubsebmsg/lib/python3.10/site-packages/pubsebmsg/__pycache__/node_a.cpython-310.pyc
/home/laura/Documents/pubsub_ws/install/pubsebmsg/lib/python3.10/site-packages/pubsebmsg/__pycache__/node_c.cpython-310.pyc
/home/laura/Documents/pubsub_ws/install/pubsebmsg/lib/python3.10/site-packages/pubsebmsg/__pycache__/node_resultado.cpython-310.pyc
/home/laura/Documents/pubsub_ws/install/pubsebmsg/lib/python3.10/site-packages/pubsebmsg/__pycache__/node_sumador.cpython-310.pyc
/home/laura/Documents/pubsub_ws/install/pubsebmsg/lib/python3.10/site-packages/pubsebmsg/__pycache__/node_b.cpython-310.pyc
/home/laura/Documents/pubsub_ws/install/pubsebmsg/lib/python3.10/site-packages/pubsebmsg/__pycache__/__init__.cpython-310.pyc
/home/laura/Documents/pubsub_ws/install/pubsebmsg/share/ament_index/resource_index/packages/pubsebmsg
/home/laura/Documents/pubsub_ws/install/pubsebmsg/share/pubsebmsg/package.xml
/home/laura/Documents/pubsub_ws/install/pubsebmsg/lib/python3.10/site-packages/pubsebmsg-0.0.0-py3.10.egg-info/entry_points.txt
/home/laura/Documents/pubsub_ws/install/pubsebmsg/lib/python3.10/site-packages/pubsebmsg-0.0.0-py3.10.egg-info/SOURCES.txt
/home/laura/Documents/pubsub_ws/install/pubsebmsg/lib/python3.10/site-packages/pubsebmsg-0.0.0-py3.10.egg-info/requires.txt
/home/laura/Documents/pubsub_ws/install/pubsebmsg/lib/python3.10/site-packages/pubsebmsg-0.0.0-py3.10.egg-info/dependency_links.txt
/home/laura/Documents/pubsub_ws/install/pubsebmsg/lib/python3.10/site-packages/pubsebmsg-0.0.0-py3.10.egg-info/top_level.txt
/home/laura/Documents/pubsub_ws/install/pubsebmsg/lib/python3.10/site-packages/pubsebmsg-0.0.0-py3.10.egg-info/zip-safe
/home/laura/Documents/pubsub_ws/install/pubsebmsg/lib/python3.10/site-packages/pubsebmsg-0.0.0-py3.10.egg-info/PKG-INFO
/home/laura/Documents/pubsub_ws/install/pubsebmsg/lib/pubsebmsg/node_a
/home/laura/Documents/pubsub_ws/install/pubsebmsg/lib/pubsebmsg/node_b
/home/laura/Documents/pubsub_ws/install/pubsebmsg/lib/pubsebmsg/node_c
/home/laura/Documents/pubsub_ws/install/pubsebmsg/lib/pubsebmsg/node_resultado
/home/laura/Documents/pubsub_ws/install/pubsebmsg/lib/pubsebmsg/node_sumador
