[0.161s] Invoking command in '/home/laura/Documents/pubsub_ws/build/tutorial_interfaces': CMAKE_PREFIX_PATH=${CMAKE_PREFIX_PATH}:/home/laura/Documents/pubsub_ws/install/pubsebmsg:/opt/ros/humble /usr/bin/cmake /home/laura/Documents/pubsub_ws/src/tutorial_interfaces -DCMAKE_INSTALL_PREFIX=/home/laura/Documents/pubsub_ws/install/tutorial_interfaces
[0.196s] -- The C compiler identification is GNU 11.4.0
[0.234s] -- The CXX compiler identification is GNU 11.4.0
[0.239s] -- Detecting C compiler ABI info
[0.281s] -- Detecting C compiler ABI info - done
[0.288s] -- Check for working C compiler: /usr/bin/cc - skipped
[0.288s] -- Detecting C compile features
[0.288s] -- Detecting C compile features - done
[0.290s] -- Detecting CXX compiler ABI info
[0.345s] -- Detecting CXX compiler ABI info - done
[0.350s] -- Check for working CXX compiler: /usr/bin/c++ - skipped
[0.350s] -- Detecting CXX compile features
[0.350s] -- Detecting CXX compile features - done
[0.352s] -- Found ament_cmake: 1.3.12 (/opt/ros/humble/share/ament_cmake/cmake)
[0.464s] -- Found Python3: /usr/bin/python3 (found version "3.10.12") found components: Interpreter 
[0.542s] -- Found geometry_msgs: 4.9.0 (/opt/ros/humble/share/geometry_msgs/cmake)
[0.565s] -- Found rosidl_generator_c: 3.1.7 (/opt/ros/humble/share/rosidl_generator_c/cmake)
[0.568s] -- Found rosidl_adapter: 3.1.7 (/opt/ros/humble/share/rosidl_adapter/cmake)
[0.574s] -- Found rosidl_generator_cpp: 3.1.7 (/opt/ros/humble/share/rosidl_generator_cpp/cmake)
[0.583s] -- Using all available rosidl_typesupport_c: rosidl_typesupport_fastrtps_c;rosidl_typesupport_introspection_c
[0.594s] -- Using all available rosidl_typesupport_cpp: rosidl_typesupport_fastrtps_cpp;rosidl_typesupport_introspection_cpp
[0.622s] -- Found rosidl_default_generators: 1.2.0 (/opt/ros/humble/share/rosidl_default_generators/cmake)
[0.811s] -- Found ament_cmake_ros: 0.10.0 (/opt/ros/humble/share/ament_cmake_ros/cmake)
[1.083s] -- Using all available rosidl_typesupport_c: rosidl_typesupport_fastrtps_c;rosidl_typesupport_introspection_c
[1.189s] -- Using all available rosidl_typesupport_cpp: rosidl_typesupport_fastrtps_cpp;rosidl_typesupport_introspection_cpp
[1.203s] -- Found PythonInterp: /usr/bin/python3 (found suitable version "3.10.12", minimum required is "3.6") 
[1.204s] -- Found python_cmake_module: 0.10.0 (/opt/ros/humble/share/python_cmake_module/cmake)
[1.220s] -- Found PythonLibs: /usr/lib/x86_64-linux-gnu/libpython3.10.so (found suitable version "3.10.12", minimum required is "3.5") 
[1.220s] -- Using PYTHON_EXECUTABLE: /usr/bin/python3
[1.220s] -- Using PYTHON_INCLUDE_DIRS: /usr/include/python3.10
[1.220s] -- Using PYTHON_LIBRARIES: /usr/lib/x86_64-linux-gnu/libpython3.10.so
[1.234s] -- Found PythonExtra: .so  
[1.270s] -- Found ament_lint_auto: 0.12.14 (/opt/ros/humble/share/ament_lint_auto/cmake)
[1.280s] -- Added test 'lint_cmake' to check CMake code style
[1.281s] -- Added test 'xmllint' to check XML markup files
[1.282s] -- Configuring done
[1.301s] -- Generating done
[1.309s] -- Build files have been written to: /home/laura/Documents/pubsub_ws/build/tutorial_interfaces
[1.316s] Invoked command in '/home/laura/Documents/pubsub_ws/build/tutorial_interfaces' returned '0': CMAKE_PREFIX_PATH=${CMAKE_PREFIX_PATH}:/home/laura/Documents/pubsub_ws/install/pubsebmsg:/opt/ros/humble /usr/bin/cmake /home/laura/Documents/pubsub_ws/src/tutorial_interfaces -DCMAKE_INSTALL_PREFIX=/home/laura/Documents/pubsub_ws/install/tutorial_interfaces
[1.317s] Invoking command in '/home/laura/Documents/pubsub_ws/build/tutorial_interfaces': CMAKE_PREFIX_PATH=${CMAKE_PREFIX_PATH}:/home/laura/Documents/pubsub_ws/install/pubsebmsg:/opt/ros/humble /usr/bin/cmake --build /home/laura/Documents/pubsub_ws/build/tutorial_interfaces -- -j8 -l8
[1.343s] [  3%] [34m[1mGenerating C code for ROS interfaces[0m
[1.349s] [  6%] [34m[1mGenerating C++ code for ROS interfaces[0m
[1.355s] [  6%] Built target ament_cmake_python_copy_tutorial_interfaces
[1.547s] running egg_info
[1.548s] creating tutorial_interfaces.egg-info
[1.549s] writing tutorial_interfaces.egg-info/PKG-INFO
[1.549s] writing dependency_links to tutorial_interfaces.egg-info/dependency_links.txt
[1.549s] writing top-level names to tutorial_interfaces.egg-info/top_level.txt
[1.549s] writing manifest file 'tutorial_interfaces.egg-info/SOURCES.txt'
[1.549s] [  6%] Built target tutorial_interfaces__cpp
[1.550s] reading manifest file 'tutorial_interfaces.egg-info/SOURCES.txt'
[1.550s] [  9%] [32mBuilding C object CMakeFiles/tutorial_interfaces__rosidl_generator_c.dir/rosidl_generator_c/tutorial_interfaces/msg/detail/filtered_sensor__functions.c.o[0m
[1.550s] writing manifest file 'tutorial_interfaces.egg-info/SOURCES.txt'
[1.560s] [ 12%] [34m[1mGenerating C++ type support dispatch for ROS interfaces[0m
[1.560s] [ 19%] [34m[1mGenerating C++ introspection for ROS interfaces[0m
[1.560s] [ 19%] [34m[1mGenerating C++ type support for eProsima Fast-RTPS[0m
[1.582s] [ 19%] Built target ament_cmake_python_build_tutorial_interfaces_egg
[1.594s] [ 22%] [32m[1mLinking C shared library libtutorial_interfaces__rosidl_generator_c.so[0m
[1.623s] [ 22%] Built target tutorial_interfaces__rosidl_generator_c
[1.634s] [ 29%] [34m[1mGenerating C type support for eProsima Fast-RTPS[0m
[1.634s] [ 29%] [34m[1mGenerating C type support dispatch for ROS interfaces[0m
[1.635s] [ 32%] [34m[1mGenerating C introspection for ROS interfaces[0m
[1.824s] [ 35%] [32mBuilding CXX object CMakeFiles/tutorial_interfaces__rosidl_typesupport_c.dir/rosidl_typesupport_c/tutorial_interfaces/msg/filtered_sensor__type_support.cpp.o[0m
[1.848s] [ 38%] [32m[1mLinking CXX shared library libtutorial_interfaces__rosidl_typesupport_c.so[0m
[1.863s] [ 41%] [32mBuilding CXX object CMakeFiles/tutorial_interfaces__rosidl_typesupport_fastrtps_c.dir/rosidl_typesupport_fastrtps_c/tutorial_interfaces/msg/detail/filtered_sensor__type_support_c.cpp.o[0m
[1.868s] [ 45%] [32mBuilding CXX object CMakeFiles/tutorial_interfaces__rosidl_typesupport_cpp.dir/rosidl_typesupport_cpp/tutorial_interfaces/msg/filtered_sensor__type_support.cpp.o[0m
[1.870s] [ 48%] [32mBuilding CXX object CMakeFiles/tutorial_interfaces__rosidl_typesupport_fastrtps_cpp.dir/rosidl_typesupport_fastrtps_cpp/tutorial_interfaces/msg/detail/dds_fastrtps/filtered_sensor__type_support.cpp.o[0m
[1.883s] [ 51%] [32mBuilding CXX object CMakeFiles/tutorial_interfaces__rosidl_typesupport_introspection_cpp.dir/rosidl_typesupport_introspection_cpp/tutorial_interfaces/msg/detail/filtered_sensor__type_support.cpp.o[0m
[1.888s] [ 51%] Built target tutorial_interfaces__rosidl_typesupport_c
[1.949s] [ 54%] [32mBuilding C object CMakeFiles/tutorial_interfaces__rosidl_typesupport_introspection_c.dir/rosidl_typesupport_introspection_c/tutorial_interfaces/msg/detail/filtered_sensor__type_support.c.o[0m
[1.988s] [ 58%] [32m[1mLinking C shared library libtutorial_interfaces__rosidl_typesupport_introspection_c.so[0m
[2.024s] [ 58%] Built target tutorial_interfaces__rosidl_typesupport_introspection_c
[2.075s] [ 61%] [32m[1mLinking CXX shared library libtutorial_interfaces__rosidl_typesupport_cpp.so[0m
[2.107s] [ 61%] Built target tutorial_interfaces__rosidl_typesupport_cpp
[2.133s] [ 64%] [32m[1mLinking CXX shared library libtutorial_interfaces__rosidl_typesupport_fastrtps_c.so[0m
[2.174s] [ 67%] [32m[1mLinking CXX shared library libtutorial_interfaces__rosidl_typesupport_introspection_cpp.so[0m
[2.181s] [ 70%] [32m[1mLinking CXX shared library libtutorial_interfaces__rosidl_typesupport_fastrtps_cpp.so[0m
[2.186s] [ 70%] Built target tutorial_interfaces__rosidl_typesupport_fastrtps_c
[2.203s] [ 70%] Built target tutorial_interfaces__rosidl_typesupport_introspection_cpp
[2.234s] [ 70%] Built target tutorial_interfaces__rosidl_typesupport_fastrtps_cpp
[2.247s] [ 70%] Built target tutorial_interfaces
[2.260s] [ 74%] [34m[1mGenerating Python code for ROS interfaces[0m
[2.496s] [ 74%] Built target tutorial_interfaces__py
[2.510s] [ 77%] [32mBuilding C object CMakeFiles/tutorial_interfaces__rosidl_generator_py.dir/rosidl_generator_py/tutorial_interfaces/msg/_filtered_sensor_s.c.o[0m
[2.577s] [ 80%] [32m[1mLinking C shared library rosidl_generator_py/tutorial_interfaces/libtutorial_interfaces__rosidl_generator_py.so[0m
[2.603s] [ 80%] Built target tutorial_interfaces__rosidl_generator_py
[2.616s] [ 87%] [32mBuilding C object CMakeFiles/tutorial_interfaces__rosidl_typesupport_introspection_c__pyext.dir/rosidl_generator_py/tutorial_interfaces/_tutorial_interfaces_s.ep.rosidl_typesupport_introspection_c.c.o[0m
[2.616s] [ 87%] [32mBuilding C object CMakeFiles/tutorial_interfaces__rosidl_typesupport_c__pyext.dir/rosidl_generator_py/tutorial_interfaces/_tutorial_interfaces_s.ep.rosidl_typesupport_c.c.o[0m
[2.616s] [ 90%] [32mBuilding C object CMakeFiles/tutorial_interfaces__rosidl_typesupport_fastrtps_c__pyext.dir/rosidl_generator_py/tutorial_interfaces/_tutorial_interfaces_s.ep.rosidl_typesupport_fastrtps_c.c.o[0m
[2.684s] [ 93%] [32m[1mLinking C shared library rosidl_generator_py/tutorial_interfaces/tutorial_interfaces_s__rosidl_typesupport_fastrtps_c.cpython-310-x86_64-linux-gnu.so[0m
[2.685s] [ 96%] [32m[1mLinking C shared library rosidl_generator_py/tutorial_interfaces/tutorial_interfaces_s__rosidl_typesupport_c.cpython-310-x86_64-linux-gnu.so[0m
[2.685s] [100%] [32m[1mLinking C shared library rosidl_generator_py/tutorial_interfaces/tutorial_interfaces_s__rosidl_typesupport_introspection_c.cpython-310-x86_64-linux-gnu.so[0m
[2.710s] [100%] Built target tutorial_interfaces__rosidl_typesupport_introspection_c__pyext
[2.710s] [100%] Built target tutorial_interfaces__rosidl_typesupport_c__pyext
[2.710s] [100%] Built target tutorial_interfaces__rosidl_typesupport_fastrtps_c__pyext
[2.718s] Invoked command in '/home/laura/Documents/pubsub_ws/build/tutorial_interfaces' returned '0': CMAKE_PREFIX_PATH=${CMAKE_PREFIX_PATH}:/home/laura/Documents/pubsub_ws/install/pubsebmsg:/opt/ros/humble /usr/bin/cmake --build /home/laura/Documents/pubsub_ws/build/tutorial_interfaces -- -j8 -l8
[2.724s] Invoking command in '/home/laura/Documents/pubsub_ws/build/tutorial_interfaces': CMAKE_PREFIX_PATH=${CMAKE_PREFIX_PATH}:/home/laura/Documents/pubsub_ws/install/pubsebmsg:/opt/ros/humble /usr/bin/cmake --install /home/laura/Documents/pubsub_ws/build/tutorial_interfaces
[2.731s] -- Install configuration: ""
[2.731s] -- Installing: /home/laura/Documents/pubsub_ws/install/tutorial_interfaces/share/ament_index/resource_index/rosidl_interfaces/tutorial_interfaces
[2.731s] -- Installing: /home/laura/Documents/pubsub_ws/install/tutorial_interfaces/include/tutorial_interfaces/tutorial_interfaces
[2.731s] -- Installing: /home/laura/Documents/pubsub_ws/install/tutorial_interfaces/include/tutorial_interfaces/tutorial_interfaces/msg
[2.731s] -- Installing: /home/laura/Documents/pubsub_ws/install/tutorial_interfaces/include/tutorial_interfaces/tutorial_interfaces/msg/filtered_sensor.h
[2.731s] -- Installing: /home/laura/Documents/pubsub_ws/install/tutorial_interfaces/include/tutorial_interfaces/tutorial_interfaces/msg/detail
[2.731s] -- Installing: /home/laura/Documents/pubsub_ws/install/tutorial_interfaces/include/tutorial_interfaces/tutorial_interfaces/msg/detail/filtered_sensor__struct.h
[2.731s] -- Installing: /home/laura/Documents/pubsub_ws/install/tutorial_interfaces/include/tutorial_interfaces/tutorial_interfaces/msg/detail/filtered_sensor__type_support.h
[2.731s] -- Installing: /home/laura/Documents/pubsub_ws/install/tutorial_interfaces/include/tutorial_interfaces/tutorial_interfaces/msg/detail/filtered_sensor__functions.h
[2.731s] -- Installing: /home/laura/Documents/pubsub_ws/install/tutorial_interfaces/include/tutorial_interfaces/tutorial_interfaces/msg/detail/filtered_sensor__functions.c
[2.731s] -- Installing: /home/laura/Documents/pubsub_ws/install/tutorial_interfaces/include/tutorial_interfaces/tutorial_interfaces/msg/rosidl_generator_c__visibility_control.h
[2.731s] -- Installing: /home/laura/Documents/pubsub_ws/install/tutorial_interfaces/share/tutorial_interfaces/environment/library_path.sh
[2.731s] -- Installing: /home/laura/Documents/pubsub_ws/install/tutorial_interfaces/share/tutorial_interfaces/environment/library_path.dsv
[2.731s] -- Installing: /home/laura/Documents/pubsub_ws/install/tutorial_interfaces/lib/libtutorial_interfaces__rosidl_generator_c.so
[2.732s] -- Set runtime path of "/home/laura/Documents/pubsub_ws/install/tutorial_interfaces/lib/libtutorial_interfaces__rosidl_generator_c.so" to ""
[2.732s] -- Up-to-date: /home/laura/Documents/pubsub_ws/install/tutorial_interfaces/include/tutorial_interfaces/tutorial_interfaces
[2.732s] -- Up-to-date: /home/laura/Documents/pubsub_ws/install/tutorial_interfaces/include/tutorial_interfaces/tutorial_interfaces/msg
[2.732s] -- Installing: /home/laura/Documents/pubsub_ws/install/tutorial_interfaces/include/tutorial_interfaces/tutorial_interfaces/msg/rosidl_typesupport_fastrtps_c__visibility_control.h
[2.732s] -- Up-to-date: /home/laura/Documents/pubsub_ws/install/tutorial_interfaces/include/tutorial_interfaces/tutorial_interfaces/msg/detail
[2.732s] -- Installing: /home/laura/Documents/pubsub_ws/install/tutorial_interfaces/include/tutorial_interfaces/tutorial_interfaces/msg/detail/filtered_sensor__rosidl_typesupport_fastrtps_c.h
[2.732s] -- Installing: /home/laura/Documents/pubsub_ws/install/tutorial_interfaces/lib/libtutorial_interfaces__rosidl_typesupport_fastrtps_c.so
[2.732s] -- Set runtime path of "/home/laura/Documents/pubsub_ws/install/tutorial_interfaces/lib/libtutorial_interfaces__rosidl_typesupport_fastrtps_c.so" to ""
[2.732s] -- Up-to-date: /home/laura/Documents/pubsub_ws/install/tutorial_interfaces/include/tutorial_interfaces/tutorial_interfaces
[2.732s] -- Up-to-date: /home/laura/Documents/pubsub_ws/install/tutorial_interfaces/include/tutorial_interfaces/tutorial_interfaces/msg
[2.732s] -- Installing: /home/laura/Documents/pubsub_ws/install/tutorial_interfaces/include/tutorial_interfaces/tutorial_interfaces/msg/filtered_sensor.hpp
[2.732s] -- Installing: /home/laura/Documents/pubsub_ws/install/tutorial_interfaces/include/tutorial_interfaces/tutorial_interfaces/msg/rosidl_generator_cpp__visibility_control.hpp
[2.732s] -- Up-to-date: /home/laura/Documents/pubsub_ws/install/tutorial_interfaces/include/tutorial_interfaces/tutorial_interfaces/msg/detail
[2.732s] -- Installing: /home/laura/Documents/pubsub_ws/install/tutorial_interfaces/include/tutorial_interfaces/tutorial_interfaces/msg/detail/filtered_sensor__type_support.hpp
[2.732s] -- Installing: /home/laura/Documents/pubsub_ws/install/tutorial_interfaces/include/tutorial_interfaces/tutorial_interfaces/msg/detail/filtered_sensor__struct.hpp
[2.733s] -- Installing: /home/laura/Documents/pubsub_ws/install/tutorial_interfaces/include/tutorial_interfaces/tutorial_interfaces/msg/detail/filtered_sensor__traits.hpp
[2.733s] -- Installing: /home/laura/Documents/pubsub_ws/install/tutorial_interfaces/include/tutorial_interfaces/tutorial_interfaces/msg/detail/filtered_sensor__builder.hpp
[2.733s] -- Up-to-date: /home/laura/Documents/pubsub_ws/install/tutorial_interfaces/include/tutorial_interfaces/tutorial_interfaces
[2.733s] -- Up-to-date: /home/laura/Documents/pubsub_ws/install/tutorial_interfaces/include/tutorial_interfaces/tutorial_interfaces/msg
[2.733s] -- Up-to-date: /home/laura/Documents/pubsub_ws/install/tutorial_interfaces/include/tutorial_interfaces/tutorial_interfaces/msg/detail
[2.733s] -- Installing: /home/laura/Documents/pubsub_ws/install/tutorial_interfaces/include/tutorial_interfaces/tutorial_interfaces/msg/detail/filtered_sensor__rosidl_typesupport_fastrtps_cpp.hpp
[2.733s] -- Installing: /home/laura/Documents/pubsub_ws/install/tutorial_interfaces/include/tutorial_interfaces/tutorial_interfaces/msg/detail/dds_fastrtps
[2.733s] -- Installing: /home/laura/Documents/pubsub_ws/install/tutorial_interfaces/include/tutorial_interfaces/tutorial_interfaces/msg/rosidl_typesupport_fastrtps_cpp__visibility_control.h
[2.733s] -- Installing: /home/laura/Documents/pubsub_ws/install/tutorial_interfaces/lib/libtutorial_interfaces__rosidl_typesupport_fastrtps_cpp.so
[2.733s] -- Set runtime path of "/home/laura/Documents/pubsub_ws/install/tutorial_interfaces/lib/libtutorial_interfaces__rosidl_typesupport_fastrtps_cpp.so" to ""
[2.733s] -- Up-to-date: /home/laura/Documents/pubsub_ws/install/tutorial_interfaces/include/tutorial_interfaces/tutorial_interfaces
[2.733s] -- Up-to-date: /home/laura/Documents/pubsub_ws/install/tutorial_interfaces/include/tutorial_interfaces/tutorial_interfaces/msg
[2.733s] -- Up-to-date: /home/laura/Documents/pubsub_ws/install/tutorial_interfaces/include/tutorial_interfaces/tutorial_interfaces/msg/detail
[2.733s] -- Installing: /home/laura/Documents/pubsub_ws/install/tutorial_interfaces/include/tutorial_interfaces/tutorial_interfaces/msg/detail/filtered_sensor__rosidl_typesupport_introspection_c.h
[2.733s] -- Installing: /home/laura/Documents/pubsub_ws/install/tutorial_interfaces/include/tutorial_interfaces/tutorial_interfaces/msg/detail/filtered_sensor__type_support.c
[2.733s] -- Installing: /home/laura/Documents/pubsub_ws/install/tutorial_interfaces/include/tutorial_interfaces/tutorial_interfaces/msg/rosidl_typesupport_introspection_c__visibility_control.h
[2.733s] -- Installing: /home/laura/Documents/pubsub_ws/install/tutorial_interfaces/lib/libtutorial_interfaces__rosidl_typesupport_introspection_c.so
[2.733s] -- Set runtime path of "/home/laura/Documents/pubsub_ws/install/tutorial_interfaces/lib/libtutorial_interfaces__rosidl_typesupport_introspection_c.so" to ""
[2.733s] -- Installing: /home/laura/Documents/pubsub_ws/install/tutorial_interfaces/lib/libtutorial_interfaces__rosidl_typesupport_c.so
[2.734s] -- Set runtime path of "/home/laura/Documents/pubsub_ws/install/tutorial_interfaces/lib/libtutorial_interfaces__rosidl_typesupport_c.so" to ""
[2.734s] -- Up-to-date: /home/laura/Documents/pubsub_ws/install/tutorial_interfaces/include/tutorial_interfaces/tutorial_interfaces
[2.734s] -- Up-to-date: /home/laura/Documents/pubsub_ws/install/tutorial_interfaces/include/tutorial_interfaces/tutorial_interfaces/msg
[2.734s] -- Up-to-date: /home/laura/Documents/pubsub_ws/install/tutorial_interfaces/include/tutorial_interfaces/tutorial_interfaces/msg/detail
[2.734s] -- Installing: /home/laura/Documents/pubsub_ws/install/tutorial_interfaces/include/tutorial_interfaces/tutorial_interfaces/msg/detail/filtered_sensor__type_support.cpp
[2.734s] -- Installing: /home/laura/Documents/pubsub_ws/install/tutorial_interfaces/include/tutorial_interfaces/tutorial_interfaces/msg/detail/filtered_sensor__rosidl_typesupport_introspection_cpp.hpp
[2.734s] -- Installing: /home/laura/Documents/pubsub_ws/install/tutorial_interfaces/lib/libtutorial_interfaces__rosidl_typesupport_introspection_cpp.so
[2.734s] -- Set runtime path of "/home/laura/Documents/pubsub_ws/install/tutorial_interfaces/lib/libtutorial_interfaces__rosidl_typesupport_introspection_cpp.so" to ""
[2.734s] -- Installing: /home/laura/Documents/pubsub_ws/install/tutorial_interfaces/lib/libtutorial_interfaces__rosidl_typesupport_cpp.so
[2.734s] -- Set runtime path of "/home/laura/Documents/pubsub_ws/install/tutorial_interfaces/lib/libtutorial_interfaces__rosidl_typesupport_cpp.so" to ""
[2.734s] -- Installing: /home/laura/Documents/pubsub_ws/install/tutorial_interfaces/share/tutorial_interfaces/environment/pythonpath.sh
[2.734s] -- Installing: /home/laura/Documents/pubsub_ws/install/tutorial_interfaces/share/tutorial_interfaces/environment/pythonpath.dsv
[2.734s] -- Installing: /home/laura/Documents/pubsub_ws/install/tutorial_interfaces/local/lib/python3.10/dist-packages/tutorial_interfaces-0.0.0-py3.10.egg-info
[2.734s] -- Installing: /home/laura/Documents/pubsub_ws/install/tutorial_interfaces/local/lib/python3.10/dist-packages/tutorial_interfaces-0.0.0-py3.10.egg-info/SOURCES.txt
[2.734s] -- Installing: /home/laura/Documents/pubsub_ws/install/tutorial_interfaces/local/lib/python3.10/dist-packages/tutorial_interfaces-0.0.0-py3.10.egg-info/dependency_links.txt
[2.735s] -- Installing: /home/laura/Documents/pubsub_ws/install/tutorial_interfaces/local/lib/python3.10/dist-packages/tutorial_interfaces-0.0.0-py3.10.egg-info/top_level.txt
[2.735s] -- Installing: /home/laura/Documents/pubsub_ws/install/tutorial_interfaces/local/lib/python3.10/dist-packages/tutorial_interfaces-0.0.0-py3.10.egg-info/PKG-INFO
[2.735s] -- Installing: /home/laura/Documents/pubsub_ws/install/tutorial_interfaces/local/lib/python3.10/dist-packages/tutorial_interfaces
[2.735s] -- Installing: /home/laura/Documents/pubsub_ws/install/tutorial_interfaces/local/lib/python3.10/dist-packages/tutorial_interfaces/libtutorial_interfaces__rosidl_generator_py.so
[2.735s] -- Installing: /home/laura/Documents/pubsub_ws/install/tutorial_interfaces/local/lib/python3.10/dist-packages/tutorial_interfaces/_tutorial_interfaces_s.ep.rosidl_typesupport_fastrtps_c.c
[2.735s] -- Installing: /home/laura/Documents/pubsub_ws/install/tutorial_interfaces/local/lib/python3.10/dist-packages/tutorial_interfaces/_tutorial_interfaces_s.ep.rosidl_typesupport_introspection_c.c
[2.735s] -- Installing: /home/laura/Documents/pubsub_ws/install/tutorial_interfaces/local/lib/python3.10/dist-packages/tutorial_interfaces/tutorial_interfaces_s__rosidl_typesupport_fastrtps_c.cpython-310-x86_64-linux-gnu.so
[2.735s] -- Installing: /home/laura/Documents/pubsub_ws/install/tutorial_interfaces/local/lib/python3.10/dist-packages/tutorial_interfaces/_tutorial_interfaces_s.ep.rosidl_typesupport_c.c
[2.735s] -- Installing: /home/laura/Documents/pubsub_ws/install/tutorial_interfaces/local/lib/python3.10/dist-packages/tutorial_interfaces/__init__.py
[2.735s] -- Installing: /home/laura/Documents/pubsub_ws/install/tutorial_interfaces/local/lib/python3.10/dist-packages/tutorial_interfaces/tutorial_interfaces_s__rosidl_typesupport_c.cpython-310-x86_64-linux-gnu.so
[2.735s] -- Installing: /home/laura/Documents/pubsub_ws/install/tutorial_interfaces/local/lib/python3.10/dist-packages/tutorial_interfaces/tutorial_interfaces_s__rosidl_typesupport_introspection_c.cpython-310-x86_64-linux-gnu.so
[2.735s] -- Installing: /home/laura/Documents/pubsub_ws/install/tutorial_interfaces/local/lib/python3.10/dist-packages/tutorial_interfaces/msg
[2.735s] -- Installing: /home/laura/Documents/pubsub_ws/install/tutorial_interfaces/local/lib/python3.10/dist-packages/tutorial_interfaces/msg/_filtered_sensor_s.c
[2.735s] -- Installing: /home/laura/Documents/pubsub_ws/install/tutorial_interfaces/local/lib/python3.10/dist-packages/tutorial_interfaces/msg/__init__.py
[2.735s] -- Installing: /home/laura/Documents/pubsub_ws/install/tutorial_interfaces/local/lib/python3.10/dist-packages/tutorial_interfaces/msg/_filtered_sensor.py
[2.758s] Listing '/home/laura/Documents/pubsub_ws/install/tutorial_interfaces/local/lib/python3.10/dist-packages/tutorial_interfaces'...
[2.758s] Compiling '/home/laura/Documents/pubsub_ws/install/tutorial_interfaces/local/lib/python3.10/dist-packages/tutorial_interfaces/__init__.py'...
[2.758s] Listing '/home/laura/Documents/pubsub_ws/install/tutorial_interfaces/local/lib/python3.10/dist-packages/tutorial_interfaces/msg'...
[2.758s] Compiling '/home/laura/Documents/pubsub_ws/install/tutorial_interfaces/local/lib/python3.10/dist-packages/tutorial_interfaces/msg/__init__.py'...
[2.758s] Compiling '/home/laura/Documents/pubsub_ws/install/tutorial_interfaces/local/lib/python3.10/dist-packages/tutorial_interfaces/msg/_filtered_sensor.py'...
[2.762s] -- Installing: /home/laura/Documents/pubsub_ws/install/tutorial_interfaces/local/lib/python3.10/dist-packages/tutorial_interfaces/tutorial_interfaces_s__rosidl_typesupport_fastrtps_c.cpython-310-x86_64-linux-gnu.so
[2.762s] -- Set runtime path of "/home/laura/Documents/pubsub_ws/install/tutorial_interfaces/local/lib/python3.10/dist-packages/tutorial_interfaces/tutorial_interfaces_s__rosidl_typesupport_fastrtps_c.cpython-310-x86_64-linux-gnu.so" to ""
[2.762s] -- Installing: /home/laura/Documents/pubsub_ws/install/tutorial_interfaces/local/lib/python3.10/dist-packages/tutorial_interfaces/tutorial_interfaces_s__rosidl_typesupport_introspection_c.cpython-310-x86_64-linux-gnu.so
[2.763s] -- Set runtime path of "/home/laura/Documents/pubsub_ws/install/tutorial_interfaces/local/lib/python3.10/dist-packages/tutorial_interfaces/tutorial_interfaces_s__rosidl_typesupport_introspection_c.cpython-310-x86_64-linux-gnu.so" to ""
[2.763s] -- Installing: /home/laura/Documents/pubsub_ws/install/tutorial_interfaces/local/lib/python3.10/dist-packages/tutorial_interfaces/tutorial_interfaces_s__rosidl_typesupport_c.cpython-310-x86_64-linux-gnu.so
[2.763s] -- Set runtime path of "/home/laura/Documents/pubsub_ws/install/tutorial_interfaces/local/lib/python3.10/dist-packages/tutorial_interfaces/tutorial_interfaces_s__rosidl_typesupport_c.cpython-310-x86_64-linux-gnu.so" to ""
[2.763s] -- Installing: /home/laura/Documents/pubsub_ws/install/tutorial_interfaces/lib/libtutorial_interfaces__rosidl_generator_py.so
[2.763s] -- Set runtime path of "/home/laura/Documents/pubsub_ws/install/tutorial_interfaces/lib/libtutorial_interfaces__rosidl_generator_py.so" to ""
[2.763s] -- Installing: /home/laura/Documents/pubsub_ws/install/tutorial_interfaces/share/tutorial_interfaces/msg/FilteredSensor.idl
[2.763s] -- Installing: /home/laura/Documents/pubsub_ws/install/tutorial_interfaces/share/tutorial_interfaces/msg/FilteredSensor.msg
[2.763s] -- Installing: /home/laura/Documents/pubsub_ws/install/tutorial_interfaces/share/ament_index/resource_index/package_run_dependencies/tutorial_interfaces
[2.763s] -- Installing: /home/laura/Documents/pubsub_ws/install/tutorial_interfaces/share/ament_index/resource_index/parent_prefix_path/tutorial_interfaces
[2.763s] -- Installing: /home/laura/Documents/pubsub_ws/install/tutorial_interfaces/share/tutorial_interfaces/environment/ament_prefix_path.sh
[2.764s] -- Installing: /home/laura/Documents/pubsub_ws/install/tutorial_interfaces/share/tutorial_interfaces/environment/ament_prefix_path.dsv
[2.764s] -- Installing: /home/laura/Documents/pubsub_ws/install/tutorial_interfaces/share/tutorial_interfaces/environment/path.sh
[2.764s] -- Installing: /home/laura/Documents/pubsub_ws/install/tutorial_interfaces/share/tutorial_interfaces/environment/path.dsv
[2.764s] -- Installing: /home/laura/Documents/pubsub_ws/install/tutorial_interfaces/share/tutorial_interfaces/local_setup.bash
[2.764s] -- Installing: /home/laura/Documents/pubsub_ws/install/tutorial_interfaces/share/tutorial_interfaces/local_setup.sh
[2.764s] -- Installing: /home/laura/Documents/pubsub_ws/install/tutorial_interfaces/share/tutorial_interfaces/local_setup.zsh
[2.764s] -- Installing: /home/laura/Documents/pubsub_ws/install/tutorial_interfaces/share/tutorial_interfaces/local_setup.dsv
[2.764s] -- Installing: /home/laura/Documents/pubsub_ws/install/tutorial_interfaces/share/tutorial_interfaces/package.dsv
[2.764s] -- Installing: /home/laura/Documents/pubsub_ws/install/tutorial_interfaces/share/ament_index/resource_index/packages/tutorial_interfaces
[2.764s] -- Installing: /home/laura/Documents/pubsub_ws/install/tutorial_interfaces/share/tutorial_interfaces/cmake/export_tutorial_interfaces__rosidl_generator_cExport.cmake
[2.764s] -- Installing: /home/laura/Documents/pubsub_ws/install/tutorial_interfaces/share/tutorial_interfaces/cmake/export_tutorial_interfaces__rosidl_generator_cExport-noconfig.cmake
[2.764s] -- Installing: /home/laura/Documents/pubsub_ws/install/tutorial_interfaces/share/tutorial_interfaces/cmake/export_tutorial_interfaces__rosidl_typesupport_fastrtps_cExport.cmake
[2.764s] -- Installing: /home/laura/Documents/pubsub_ws/install/tutorial_interfaces/share/tutorial_interfaces/cmake/export_tutorial_interfaces__rosidl_typesupport_fastrtps_cExport-noconfig.cmake
[2.765s] -- Installing: /home/laura/Documents/pubsub_ws/install/tutorial_interfaces/share/tutorial_interfaces/cmake/export_tutorial_interfaces__rosidl_generator_cppExport.cmake
[2.765s] -- Installing: /home/laura/Documents/pubsub_ws/install/tutorial_interfaces/share/tutorial_interfaces/cmake/export_tutorial_interfaces__rosidl_typesupport_fastrtps_cppExport.cmake
[2.765s] -- Installing: /home/laura/Documents/pubsub_ws/install/tutorial_interfaces/share/tutorial_interfaces/cmake/export_tutorial_interfaces__rosidl_typesupport_fastrtps_cppExport-noconfig.cmake
[2.765s] -- Installing: /home/laura/Documents/pubsub_ws/install/tutorial_interfaces/share/tutorial_interfaces/cmake/tutorial_interfaces__rosidl_typesupport_introspection_cExport.cmake
[2.765s] -- Installing: /home/laura/Documents/pubsub_ws/install/tutorial_interfaces/share/tutorial_interfaces/cmake/tutorial_interfaces__rosidl_typesupport_introspection_cExport-noconfig.cmake
[2.765s] -- Installing: /home/laura/Documents/pubsub_ws/install/tutorial_interfaces/share/tutorial_interfaces/cmake/tutorial_interfaces__rosidl_typesupport_cExport.cmake
[2.765s] -- Installing: /home/laura/Documents/pubsub_ws/install/tutorial_interfaces/share/tutorial_interfaces/cmake/tutorial_interfaces__rosidl_typesupport_cExport-noconfig.cmake
[2.765s] -- Installing: /home/laura/Documents/pubsub_ws/install/tutorial_interfaces/share/tutorial_interfaces/cmake/tutorial_interfaces__rosidl_typesupport_introspection_cppExport.cmake
[2.765s] -- Installing: /home/laura/Documents/pubsub_ws/install/tutorial_interfaces/share/tutorial_interfaces/cmake/tutorial_interfaces__rosidl_typesupport_introspection_cppExport-noconfig.cmake
[2.765s] -- Installing: /home/laura/Documents/pubsub_ws/install/tutorial_interfaces/share/tutorial_interfaces/cmake/tutorial_interfaces__rosidl_typesupport_cppExport.cmake
[2.765s] -- Installing: /home/laura/Documents/pubsub_ws/install/tutorial_interfaces/share/tutorial_interfaces/cmake/tutorial_interfaces__rosidl_typesupport_cppExport-noconfig.cmake
[2.765s] -- Installing: /home/laura/Documents/pubsub_ws/install/tutorial_interfaces/share/tutorial_interfaces/cmake/export_tutorial_interfaces__rosidl_generator_pyExport.cmake
[2.765s] -- Installing: /home/laura/Documents/pubsub_ws/install/tutorial_interfaces/share/tutorial_interfaces/cmake/export_tutorial_interfaces__rosidl_generator_pyExport-noconfig.cmake
[2.766s] -- Installing: /home/laura/Documents/pubsub_ws/install/tutorial_interfaces/share/tutorial_interfaces/cmake/rosidl_cmake-extras.cmake
[2.766s] -- Installing: /home/laura/Documents/pubsub_ws/install/tutorial_interfaces/share/tutorial_interfaces/cmake/ament_cmake_export_dependencies-extras.cmake
[2.766s] -- Installing: /home/laura/Documents/pubsub_ws/install/tutorial_interfaces/share/tutorial_interfaces/cmake/ament_cmake_export_include_directories-extras.cmake
[2.766s] -- Installing: /home/laura/Documents/pubsub_ws/install/tutorial_interfaces/share/tutorial_interfaces/cmake/ament_cmake_export_libraries-extras.cmake
[2.766s] -- Installing: /home/laura/Documents/pubsub_ws/install/tutorial_interfaces/share/tutorial_interfaces/cmake/ament_cmake_export_targets-extras.cmake
[2.766s] -- Installing: /home/laura/Documents/pubsub_ws/install/tutorial_interfaces/share/tutorial_interfaces/cmake/rosidl_cmake_export_typesupport_targets-extras.cmake
[2.766s] -- Installing: /home/laura/Documents/pubsub_ws/install/tutorial_interfaces/share/tutorial_interfaces/cmake/rosidl_cmake_export_typesupport_libraries-extras.cmake
[2.766s] -- Installing: /home/laura/Documents/pubsub_ws/install/tutorial_interfaces/share/tutorial_interfaces/cmake/tutorial_interfacesConfig.cmake
[2.766s] -- Installing: /home/laura/Documents/pubsub_ws/install/tutorial_interfaces/share/tutorial_interfaces/cmake/tutorial_interfacesConfig-version.cmake
[2.766s] -- Installing: /home/laura/Documents/pubsub_ws/install/tutorial_interfaces/share/tutorial_interfaces/package.xml
[2.768s] Invoked command in '/home/laura/Documents/pubsub_ws/build/tutorial_interfaces' returned '0': CMAKE_PREFIX_PATH=${CMAKE_PREFIX_PATH}:/home/laura/Documents/pubsub_ws/install/pubsebmsg:/opt/ros/humble /usr/bin/cmake --install /home/laura/Documents/pubsub_ws/build/tutorial_interfaces
